#
# A fatal error has been detected by the Java Runtime Environment:
#
#  EXCEPTION_ACCESS_VIOLATION (0xc0000005) at pc=0x00007ff83cb8d979, pid=11448, tid=0x0000000000000fec
#
# JRE version: Java(TM) SE Runtime Environment (8.0_144-b01) (build 1.8.0_144-b01)
# Java VM: Java HotSpot(TM) 64-Bit Server VM (25.144-b01 mixed mode windows-amd64 compressed oops)
# Problematic frame:
# C  [ntdll.dll+0x1d979]
#
# Failed to write core dump. Minidumps are not enabled by default on client versions of Windows
#
# If you would like to submit a bug report, please visit:
#   http://bugreport.java.com/bugreport/crash.jsp
# The crash happened outside the Java Virtual Machine in native code.
# See problematic frame for where to report the bug.
#

---------------  T H R E A D  ---------------

Current thread (0x0000000019788800):  JavaThread "Thread-3" [_thread_in_native, id=4076, stack(0x000000001e440000,0x000000001e540000)]

siginfo: ExceptionCode=0xc0000005, writing address 0x0000000000000024

Registers:
RAX=0xffffffffffffffff, RBX=0x0000000019ac9c88, RCX=0x0000000000000000, RDX=0xffffffffffffffff
RSP=0x000000001e53ee00, RBP=0x000000001e53ee70, RSI=0x0000000000000000, RDI=0x0000000000000000
R8 =0x0000000000000000, R9 =0x00007ff80ac3e600, R10=0x0000000000000000, R11=0x0000000000000246
R12=0x0000000000000000, R13=0x000000001d251ff0, R14=0x0000000000000000, R15=0x0000000019788800
RIP=0x00007ff83cb8d979, EFLAGS=0x0000000000010213

Top of Stack: (sp=0x000000001e53ee00)
0x000000001e53ee00:   ffffffffffffffff 0000000019ac9c88
0x000000001e53ee10:   000000001e53ee78 00000000032d835d
0x000000001e53ee20:   0000000000000000 00000000032d835d
0x000000001e53ee30:   00000000d5fe1620 00000000011ee000
0x000000001e53ee40:   000000001dc2ef62 000000001e53eec0
0x000000001e53ee50:   000000001dc2f338 0000000000000000
0x000000001e53ee60:   000000001dc2efb0 00007ff838fd9252
0x000000001e53ee70:   0000000019788800 0000000000000001
0x000000001e53ee80:   000000001d251ff0 0000000000000000
0x000000001e53ee90:   0000000000000000 0000000000000000
0x000000001e53eea0:   0000000000000001 00007ff83cb883e7
0x000000001e53eeb0:   0000000000000000 0000000019ac9c88
0x000000001e53eec0:   00000000fffffffa 0000000000000000
0x000000001e53eed0:   000000001e53f0b8 00007ff83cb88300
0x000000001e53eee0:   00007ff80ac3e640 00007ff80ac3e600
0x000000001e53eef0:   0000000000000000 0000000000000000 

Instructions: (pc=0x00007ff83cb8d979)
0x00007ff83cb8d959:   35 62 e5 13 00 4c 0f 45 f6 48 39 73 18 0f 84 b6
0x00007ff83cb8d969:   01 00 00 48 8b 0b 48 83 f9 ff 0f 84 b6 01 00 00
0x00007ff83cb8d979:   ff 41 24 48 8b 7b 18 44 8b ee 48 89 7d c0 e8 b4
0x00007ff83cb8d989:   2e ff ff 85 c0 0f 85 56 ca 08 00 b9 82 03 fe 7f 


Register to memory mapping:

RAX=0xffffffffffffffff is an unknown value
RBX=0x0000000019ac9c88 is an unknown value
RCX=0x0000000000000000 is an unknown value
RDX=0xffffffffffffffff is an unknown value
RSP=0x000000001e53ee00 is pointing into the stack for thread: 0x0000000019788800
RBP=0x000000001e53ee70 is pointing into the stack for thread: 0x0000000019788800
RSI=0x0000000000000000 is an unknown value
RDI=0x0000000000000000 is an unknown value
R8 =0x0000000000000000 is an unknown value
R9 =0x00007ff80ac3e600 is an unknown value
R10=0x0000000000000000 is an unknown value
R11=0x0000000000000246 is an unknown value
R12=0x0000000000000000 is an unknown value
R13=0x000000001d251ff0 is an unknown value
R14=0x0000000000000000 is an unknown value
R15=0x0000000019788800 is a thread


Stack: [0x000000001e440000,0x000000001e540000],  sp=0x000000001e53ee00,  free space=1019k
Native frames: (J=compiled Java code, j=interpreted, Vv=VM code, C=native code)
C  [ntdll.dll+0x1d979]
C  [ntdll.dll+0x183e7]
C  [ntdll.dll+0x18300]
C  [opencv_highgui248.dll+0x15963]
C  [opencv_highgui248.dll+0x16946]
C  [opencv_highgui248.dll+0x10b2]
C  [jniopencv_highgui.dll+0x75d9]
C  0x00000000032e7f74

Java frames: (J=compiled Java code, j=interpreted, Vv=VM code)
j  com.googlecode.javacv.cpp.opencv_highgui.cvQueryFrame(Lcom/googlecode/javacv/cpp/opencv_highgui$CvCapture;)Lcom/googlecode/javacv/cpp/opencv_core$IplImage;+0
j  project.hostellerinterface$31.run()V+66
v  ~StubRoutines::call_stub

---------------  P R O C E S S  ---------------

Java Threads: ( => current thread )
=>0x0000000019788800 JavaThread "Thread-3" [_thread_in_native, id=4076, stack(0x000000001e440000,0x000000001e540000)]
  0x000000001a3df000 JavaThread "TimerQueue" daemon [_thread_blocked, id=13308, stack(0x000000001d8e0000,0x000000001d9e0000)]
  0x000000001a28a000 JavaThread "Swing-Shell" daemon [_thread_blocked, id=3696, stack(0x000000001b560000,0x000000001b660000)]
  0x00000000030ce000 JavaThread "DestroyJavaVM" [_thread_blocked, id=4776, stack(0x0000000002f30000,0x0000000003030000)]
  0x0000000019f96000 JavaThread "AWT-EventQueue-0" [_thread_blocked, id=7412, stack(0x000000001b260000,0x000000001b360000)]
  0x0000000019f6e800 JavaThread "AWT-Windows" daemon [_thread_in_native, id=2012, stack(0x000000001a8a0000,0x000000001a9a0000)]
  0x0000000019b1f000 JavaThread "AWT-Shutdown" [_thread_blocked, id=12328, stack(0x000000001a7a0000,0x000000001a8a0000)]
  0x0000000019b58000 JavaThread "Java2D Disposer" daemon [_thread_blocked, id=2604, stack(0x000000001a6a0000,0x000000001a7a0000)]
  0x0000000019790800 JavaThread "Service Thread" daemon [_thread_blocked, id=17920, stack(0x0000000019b60000,0x0000000019c60000)]
  0x0000000017e09800 JavaThread "C1 CompilerThread2" daemon [_thread_blocked, id=16664, stack(0x0000000019660000,0x0000000019760000)]
  0x0000000017e03800 JavaThread "C2 CompilerThread1" daemon [_thread_blocked, id=8508, stack(0x0000000019560000,0x0000000019660000)]
  0x0000000017e01000 JavaThread "C2 CompilerThread0" daemon [_thread_blocked, id=18368, stack(0x0000000019460000,0x0000000019560000)]
  0x0000000017dfd800 JavaThread "Attach Listener" daemon [_thread_blocked, id=5664, stack(0x0000000019360000,0x0000000019460000)]
  0x0000000017dfa800 JavaThread "Signal Dispatcher" daemon [_thread_blocked, id=17240, stack(0x0000000019260000,0x0000000019360000)]
  0x0000000017dea800 JavaThread "Finalizer" daemon [_thread_blocked, id=8628, stack(0x0000000019070000,0x0000000019170000)]
  0x0000000017dc9000 JavaThread "Reference Handler" daemon [_thread_blocked, id=5860, stack(0x0000000018f70000,0x0000000019070000)]

Other Threads:
  0x0000000017dc7800 VMThread [stack: 0x0000000018e70000,0x0000000018f70000] [id=14840]
  0x00000000197a3800 WatcherThread [stack: 0x0000000019c60000,0x0000000019d60000] [id=6300]

VM state:not at safepoint (normal execution)

VM Mutex/Monitor currently owned by a thread: None

Heap:
 PSYoungGen      total 39936K, used 3181K [0x00000000d5f00000, 0x00000000d8f00000, 0x0000000100000000)
  eden space 31744K, 6% used [0x00000000d5f00000,0x00000000d6112790,0x00000000d7e00000)
  from space 8192K, 12% used [0x00000000d7e80000,0x00000000d7f89010,0x00000000d8680000)
  to   space 8704K, 0% used [0x00000000d8680000,0x00000000d8680000,0x00000000d8f00000)
 ParOldGen       total 87552K, used 29259K [0x0000000081c00000, 0x0000000087180000, 0x00000000d5f00000)
  object space 87552K, 33% used [0x0000000081c00000,0x0000000083892d48,0x0000000087180000)
 Metaspace       used 16521K, capacity 16766K, committed 17024K, reserved 1064960K
  class space    used 2041K, capacity 2145K, committed 2176K, reserved 1048576K

Card table byte_map: [0x0000000012690000,0x0000000012a90000] byte_map_base: 0x0000000012282000

Marking Bits: (ParMarkBitMap*) 0x00000000746fd850
 Begin Bits: [0x0000000013140000, 0x00000000150d0000)
 End Bits:   [0x00000000150d0000, 0x0000000017060000)

Polling page: 0x00000000012d0000

CodeCache: size=245760Kb used=7536Kb max_used=7567Kb free=238223Kb
 bounds [0x00000000032d0000, 0x0000000003a50000, 0x00000000122d0000]
 total_blobs=2838 nmethods=2298 adapters=450
 compilation: enabled

Compilation events (10 events):
Event: 36.318 Thread 0x0000000017e09800 2442       3       sun.awt.image.ByteComponentRaster::verify (566 bytes)
Event: 36.320 Thread 0x0000000017e09800 nmethod 2442 0x0000000003a458d0 code [0x0000000003a45f40, 0x0000000003a4a268]
Event: 36.766 Thread 0x0000000017e09800 2443       3       java.nio.MappedByteBuffer::<init> (15 bytes)
Event: 36.766 Thread 0x0000000017e09800 nmethod 2443 0x00000000033fb6d0 code [0x00000000033fb840, 0x00000000033fba68]
Event: 36.766 Thread 0x0000000017e09800 2444       3       java.nio.ByteBuffer::<init> (12 bytes)
Event: 36.767 Thread 0x0000000017e09800 nmethod 2444 0x00000000033dd410 code [0x00000000033dd580, 0x00000000033dd728]
Event: 36.894 Thread 0x0000000017e09800 2445       3       java.nio.DirectByteBuffer::<init> (24 bytes)
Event: 36.894 Thread 0x0000000017e09800 nmethod 2445 0x00000000034b1e90 code [0x00000000034b2000, 0x00000000034b22e8]
Event: 37.038 Thread 0x0000000017e09800 2446       3       java.awt.image.ComponentSampleModel::getBandOffsets (14 bytes)
Event: 37.038 Thread 0x0000000017e09800 nmethod 2446 0x000000000353ab10 code [0x000000000353ac80, 0x000000000353af88]

GC Heap History (10 events):
Event: 32.558 GC heap before
{Heap before GC invocations=3 (full 0):
 PSYoungGen      total 38400K, used 38329K [0x00000000d5f00000, 0x00000000d8980000, 0x0000000100000000)
  eden space 33280K, 99% used [0x00000000d5f00000,0x00000000d7f752a0,0x00000000d7f80000)
  from space 5120K, 99% used [0x00000000d8480000,0x00000000d8979190,0x00000000d8980000)
  to   space 5120K, 0% used [0x00000000d7f80000,0x00000000d7f80000,0x00000000d8480000)
 ParOldGen       total 87552K, used 25733K [0x0000000081c00000, 0x0000000087180000, 0x00000000d5f00000)
  object space 87552K, 29% used [0x0000000081c00000,0x00000000835216a8,0x0000000087180000)
 Metaspace       used 16449K, capacity 16662K, committed 17024K, reserved 1064960K
  class space    used 2035K, capacity 2113K, committed 2176K, reserved 1048576K
Event: 32.562 GC heap after
Heap after GC invocations=3 (full 0):
 PSYoungGen      total 38400K, used 4452K [0x00000000d5f00000, 0x00000000d8980000, 0x0000000100000000)
  eden space 33280K, 0% used [0x00000000d5f00000,0x00000000d5f00000,0x00000000d7f80000)
  from space 5120K, 86% used [0x00000000d7f80000,0x00000000d83d9030,0x00000000d8480000)
  to   space 5120K, 0% used [0x00000000d8480000,0x00000000d8480000,0x00000000d8980000)
 ParOldGen       total 87552K, used 25741K [0x0000000081c00000, 0x0000000087180000, 0x00000000d5f00000)
  object space 87552K, 29% used [0x0000000081c00000,0x00000000835236a8,0x0000000087180000)
 Metaspace       used 16449K, capacity 16662K, committed 17024K, reserved 1064960K
  class space    used 2035K, capacity 2113K, committed 2176K, reserved 1048576K
}
Event: 33.742 GC heap before
{Heap before GC invocations=4 (full 0):
 PSYoungGen      total 38400K, used 36949K [0x00000000d5f00000, 0x00000000d8980000, 0x0000000100000000)
  eden space 33280K, 97% used [0x00000000d5f00000,0x00000000d7ebc560,0x00000000d7f80000)
  from space 5120K, 86% used [0x00000000d7f80000,0x00000000d83d9030,0x00000000d8480000)
  to   space 5120K, 0% used [0x00000000d8480000,0x00000000d8480000,0x00000000d8980000)
 ParOldGen       total 87552K, used 25741K [0x0000000081c00000, 0x0000000087180000, 0x00000000d5f00000)
  object space 87552K, 29% used [0x0000000081c00000,0x00000000835236a8,0x0000000087180000)
 Metaspace       used 16462K, capacity 16670K, committed 17024K, reserved 1064960K
  class space    used 2035K, capacity 2113K, committed 2176K, reserved 1048576K
Event: 33.746 GC heap after
Heap after GC invocations=4 (full 0):
 PSYoungGen      total 38400K, used 4484K [0x00000000d5f00000, 0x00000000d8980000, 0x0000000100000000)
  eden space 33280K, 0% used [0x00000000d5f00000,0x00000000d5f00000,0x00000000d7f80000)
  from space 5120K, 87% used [0x00000000d8480000,0x00000000d88e1030,0x00000000d8980000)
  to   space 5120K, 0% used [0x00000000d7f80000,0x00000000d7f80000,0x00000000d8480000)
 ParOldGen       total 87552K, used 25749K [0x0000000081c00000, 0x0000000087180000, 0x00000000d5f00000)
  object space 87552K, 29% used [0x0000000081c00000,0x00000000835256a8,0x0000000087180000)
 Metaspace       used 16462K, capacity 16670K, committed 17024K, reserved 1064960K
  class space    used 2035K, capacity 2113K, committed 2176K, reserved 1048576K
}
Event: 34.942 GC heap before
{Heap before GC invocations=5 (full 0):
 PSYoungGen      total 38400K, used 37759K [0x00000000d5f00000, 0x00000000d8980000, 0x0000000100000000)
  eden space 33280K, 99% used [0x00000000d5f00000,0x00000000d7f7ef18,0x00000000d7f80000)
  from space 5120K, 87% used [0x00000000d8480000,0x00000000d88e1030,0x00000000d8980000)
  to   space 5120K, 0% used [0x00000000d7f80000,0x00000000d7f80000,0x00000000d8480000)
 ParOldGen       total 87552K, used 25749K [0x0000000081c00000, 0x0000000087180000, 0x00000000d5f00000)
  object space 87552K, 29% used [0x0000000081c00000,0x00000000835256a8,0x0000000087180000)
 Metaspace       used 16468K, capacity 16670K, committed 17024K, reserved 1064960K
  class space    used 2035K, capacity 2113K, committed 2176K, reserved 1048576K
Event: 34.946 GC heap after
Heap after GC invocations=5 (full 0):
 PSYoungGen      total 37888K, used 4452K [0x00000000d5f00000, 0x00000000d8f00000, 0x0000000100000000)
  eden space 32768K, 0% used [0x00000000d5f00000,0x00000000d5f00000,0x00000000d7f00000)
  from space 5120K, 86% used [0x00000000d7f80000,0x00000000d83d9030,0x00000000d8480000)
  to   space 8192K, 0% used [0x00000000d8700000,0x00000000d8700000,0x00000000d8f00000)
 ParOldGen       total 87552K, used 25757K [0x0000000081c00000, 0x0000000087180000, 0x00000000d5f00000)
  object space 87552K, 29% used [0x0000000081c00000,0x00000000835276a8,0x0000000087180000)
 Metaspace       used 16468K, capacity 16670K, committed 17024K, reserved 1064960K
  class space    used 2035K, capacity 2113K, committed 2176K, reserved 1048576K
}
Event: 36.126 GC heap before
{Heap before GC invocations=6 (full 0):
 PSYoungGen      total 37888K, used 36785K [0x00000000d5f00000, 0x00000000d8f00000, 0x0000000100000000)
  eden space 32768K, 98% used [0x00000000d5f00000,0x00000000d7e93748,0x00000000d7f00000)
  from space 5120K, 86% used [0x00000000d7f80000,0x00000000d83d9030,0x00000000d8480000)
  to   space 8192K, 0% used [0x00000000d8700000,0x00000000d8700000,0x00000000d8f00000)
 ParOldGen       total 87552K, used 25757K [0x0000000081c00000, 0x0000000087180000, 0x00000000d5f00000)
  object space 87552K, 29% used [0x0000000081c00000,0x00000000835276a8,0x0000000087180000)
 Metaspace       used 16472K, capacity 16670K, committed 17024K, reserved 1064960K
  class space    used 2036K, capacity 2113K, committed 2176K, reserved 1048576K
Event: 36.130 GC heap after
Heap after GC invocations=6 (full 0):
 PSYoungGen      total 39936K, used 4452K [0x00000000d5f00000, 0x00000000d8e80000, 0x0000000100000000)
  eden space 32256K, 0% used [0x00000000d5f00000,0x00000000d5f00000,0x00000000d7e80000)
  from space 7680K, 57% used [0x00000000d8700000,0x00000000d8b59010,0x00000000d8e80000)
  to   space 8192K, 0% used [0x00000000d7e80000,0x00000000d7e80000,0x00000000d8680000)
 ParOldGen       total 87552K, used 25757K [0x0000000081c00000, 0x0000000087180000, 0x00000000d5f00000)
  object space 87552K, 29% used [0x0000000081c00000,0x00000000835276a8,0x0000000087180000)
 Metaspace       used 16472K, capacity 16670K, committed 17024K, reserved 1064960K
  class space    used 2036K, capacity 2113K, committed 2176K, reserved 1048576K
}
Event: 37.262 GC heap before
{Heap before GC invocations=7 (full 0):
 PSYoungGen      total 39936K, used 35959K [0x00000000d5f00000, 0x00000000d8e80000, 0x0000000100000000)
  eden space 32256K, 97% used [0x00000000d5f00000,0x00000000d7dc4c50,0x00000000d7e80000)
  from space 7680K, 57% used [0x00000000d8700000,0x00000000d8b59010,0x00000000d8e80000)
  to   space 8192K, 0% used [0x00000000d7e80000,0x00000000d7e80000,0x00000000d8680000)
 ParOldGen       total 87552K, used 25757K [0x0000000081c00000, 0x0000000087180000, 0x00000000d5f00000)
  object space 87552K, 29% used [0x0000000081c00000,0x00000000835276a8,0x0000000087180000)
 Metaspace       used 16521K, capacity 16766K, committed 17024K, reserved 1064960K
  class space    used 2041K, capacity 2145K, committed 2176K, reserved 1048576K
Event: 37.267 GC heap after
Heap after GC invocations=7 (full 0):
 PSYoungGen      total 39936K, used 1060K [0x00000000d5f00000, 0x00000000d8f00000, 0x0000000100000000)
  eden space 31744K, 0% used [0x00000000d5f00000,0x00000000d5f00000,0x00000000d7e00000)
  from space 8192K, 12% used [0x00000000d7e80000,0x00000000d7f89010,0x00000000d8680000)
  to   space 8704K, 0% used [0x00000000d8680000,0x00000000d8680000,0x00000000d8f00000)
 ParOldGen       total 87552K, used 29259K [0x0000000081c00000, 0x0000000087180000, 0x00000000d5f00000)
  object space 87552K, 33% used [0x0000000081c00000,0x0000000083892d48,0x0000000087180000)
 Metaspace       used 16521K, capacity 16766K, committed 17024K, reserved 1064960K
  class space    used 2041K, capacity 2145K, committed 2176K, reserved 1048576K
}

Deoptimization events (10 events):
Event: 1.249 Thread 0x0000000019f96000 Uncommon trap: reason=unstable_if action=reinterpret pc=0x00000000035fa894 method=javax.swing.JComponent.getClientProperty(Ljava/lang/Object;)Ljava/lang/Object; @ 16
Event: 3.028 Thread 0x0000000019f96000 Uncommon trap: reason=null_check action=make_not_entrant pc=0x000000000365f198 method=java.awt.Component.isLightweight()Z @ 4
Event: 5.140 Thread 0x0000000019f96000 Uncommon trap: reason=unstable_if action=reinterpret pc=0x000000000361f0f8 method=java.util.concurrent.locks.ReentrantLock$Sync.tryRelease(I)Z @ 28
Event: 5.141 Thread 0x0000000019f96000 Uncommon trap: reason=unstable_if action=reinterpret pc=0x0000000003587080 method=java.util.concurrent.locks.ReentrantLock$Sync.tryRelease(I)Z @ 28
Event: 5.141 Thread 0x0000000019f96000 Uncommon trap: reason=unstable_if action=reinterpret pc=0x00000000036d2e58 method=java.util.concurrent.locks.AbstractQueuedSynchronizer.release(I)Z @ 5
Event: 6.506 Thread 0x0000000019f96000 Uncommon trap: reason=class_check action=maybe_recompile pc=0x0000000003441f5c method=java.lang.String.equals(Ljava/lang/Object;)Z @ 8
Event: 6.506 Thread 0x0000000019f96000 Uncommon trap: reason=class_check action=maybe_recompile pc=0x0000000003441f5c method=java.lang.String.equals(Ljava/lang/Object;)Z @ 8
Event: 7.436 Thread 0x0000000019f96000 Uncommon trap: reason=class_check action=maybe_recompile pc=0x0000000003441f5c method=java.lang.String.equals(Ljava/lang/Object;)Z @ 8
Event: 7.436 Thread 0x0000000019f96000 Uncommon trap: reason=class_check action=maybe_recompile pc=0x0000000003441f5c method=java.lang.String.equals(Ljava/lang/Object;)Z @ 8
Event: 30.675 Thread 0x0000000019788800 Uncommon trap: reason=unstable_if action=reinterpret pc=0x000000000365e884 method=com.googlecode.javacv.cpp.opencv_core$IplImage.flipCopyWithGamma(Ljava/nio/ByteBuffer;ILjava/nio/ByteBuffer;IZDZI)V @ 50

Internal exceptions (10 events):
Event: 0.272 Thread 0x00000000030ce000 Exception <a 'java/lang/ClassNotFoundException': ToggleButton> (0x00000000d6384ab8) thrown at [C:\re\workspace\8-2-build-windows-amd64-cygwin\jdk8u144\9417\hotspot\src\share\vm\classfile\systemDictionary.cpp, line 210]
Event: 0.272 Thread 0x00000000030ce000 Exception <a 'java/lang/ClassNotFoundException': javax/swing/JToolBarSeparator> (0x00000000d6384f18) thrown at [C:\re\workspace\8-2-build-windows-amd64-cygwin\jdk8u144\9417\hotspot\src\share\vm\classfile\systemDictionary.cpp, line 210]
Event: 0.272 Thread 0x00000000030ce000 Exception <a 'java/lang/ClassNotFoundException': ToolBarSeparator> (0x00000000d63853b0) thrown at [C:\re\workspace\8-2-build-windows-amd64-cygwin\jdk8u144\9417\hotspot\src\share\vm\classfile\systemDictionary.cpp, line 210]
Event: 0.272 Thread 0x00000000030ce000 Exception <a 'java/lang/ClassNotFoundException': ToolTip> (0x00000000d6385af0) thrown at [C:\re\workspace\8-2-build-windows-amd64-cygwin\jdk8u144\9417\hotspot\src\share\vm\classfile\systemDictionary.cpp, line 210]
Event: 0.273 Thread 0x00000000030ce000 Exception <a 'java/lang/ClassNotFoundException': Tree> (0x00000000d6386710) thrown at [C:\re\workspace\8-2-build-windows-amd64-cygwin\jdk8u144\9417\hotspot\src\share\vm\classfile\systemDictionary.cpp, line 210]
Event: 0.273 Thread 0x00000000030ce000 Exception <a 'java/lang/ClassNotFoundException': Tree> (0x00000000d6386e50) thrown at [C:\re\workspace\8-2-build-windows-amd64-cygwin\jdk8u144\9417\hotspot\src\share\vm\classfile\systemDictionary.cpp, line 210]
Event: 0.273 Thread 0x00000000030ce000 Exception <a 'java/lang/ClassNotFoundException': javax/swing/JTreeCell> (0x00000000d63871d0) thrown at [C:\re\workspace\8-2-build-windows-amd64-cygwin\jdk8u144\9417\hotspot\src\share\vm\classfile\systemDictionary.cpp, line 210]
Event: 0.273 Thread 0x00000000030ce000 Exception <a 'java/lang/ClassNotFoundException': TreeCell> (0x00000000d6387658) thrown at [C:\re\workspace\8-2-build-windows-amd64-cygwin\jdk8u144\9417\hotspot\src\share\vm\classfile\systemDictionary.cpp, line 210]
Event: 0.273 Thread 0x00000000030ce000 Exception <a 'java/lang/ClassNotFoundException': RootPane> (0x00000000d6388010) thrown at [C:\re\workspace\8-2-build-windows-amd64-cygwin\jdk8u144\9417\hotspot\src\share\vm\classfile\systemDictionary.cpp, line 210]
Event: 3.028 Thread 0x0000000019f96000 Implicit null exception at 0x000000000365f130 to 0x000000000365f18b

Events (10 events):
Event: 36.894 Thread 0x0000000017e09800 flushing nmethod 0x00000000035b77d0
Event: 37.038 Thread 0x0000000017e09800 flushing nmethod 0x00000000035c4b10
Event: 37.038 Thread 0x0000000017e09800 flushing nmethod 0x00000000035cbf90
Event: 37.038 Thread 0x0000000017e09800 flushing nmethod 0x00000000035df110
Event: 37.038 Thread 0x0000000017e09800 flushing nmethod 0x00000000035e55d0
Event: 37.038 Thread 0x0000000017e09800 flushing nmethod 0x00000000035e8410
Event: 37.038 Thread 0x0000000017e09800 flushing nmethod 0x00000000035f8110
Event: 37.038 Thread 0x0000000017e09800 flushing nmethod 0x0000000003619a10
Event: 37.262 Executing VM operation: ParallelGCFailedAllocation
Event: 37.267 Executing VM operation: ParallelGCFailedAllocation done


Dynamic libraries:
0x00007ff7854f0000 - 0x00007ff785527000 	C:\Program Files\Java\jdk1.8.0_144\bin\java.exe
0x00007ff83cb70000 - 0x00007ff83cd51000 	C:\WINDOWS\SYSTEM32\ntdll.dll
0x00007ff83a5a0000 - 0x00007ff83a652000 	C:\WINDOWS\System32\KERNEL32.DLL
0x00007ff838fa0000 - 0x00007ff839213000 	C:\WINDOWS\System32\KERNELBASE.dll
0x00007ff83c380000 - 0x00007ff83c421000 	C:\WINDOWS\System32\ADVAPI32.dll
0x00007ff83c430000 - 0x00007ff83c4ce000 	C:\WINDOWS\System32\msvcrt.dll
0x00007ff83a000000 - 0x00007ff83a05b000 	C:\WINDOWS\System32\sechost.dll
0x00007ff83c0a0000 - 0x00007ff83c1c4000 	C:\WINDOWS\System32\RPCRT4.dll
0x00007ff83bf10000 - 0x00007ff83c0a0000 	C:\WINDOWS\System32\USER32.dll
0x00007ff839a00000 - 0x00007ff839a20000 	C:\WINDOWS\System32\win32u.dll
0x00007ff83c970000 - 0x00007ff83c998000 	C:\WINDOWS\System32\GDI32.dll
0x00007ff839b20000 - 0x00007ff839cb2000 	C:\WINDOWS\System32\gdi32full.dll
0x00007ff839eb0000 - 0x00007ff839f4f000 	C:\WINDOWS\System32\msvcp_win.dll
0x00007ff839a20000 - 0x00007ff839b1a000 	C:\WINDOWS\System32\ucrtbase.dll
0x00007ff82cb40000 - 0x00007ff82cda9000 	C:\WINDOWS\WinSxS\amd64_microsoft.windows.common-controls_6595b64144ccf1df_6.0.17134.407_none_fb449d63306391e9\COMCTL32.dll
0x00007ff83a270000 - 0x00007ff83a592000 	C:\WINDOWS\System32\combase.dll
0x00007ff839930000 - 0x00007ff8399aa000 	C:\WINDOWS\System32\bcryptPrimitives.dll
0x00007ff83c890000 - 0x00007ff83c8bd000 	C:\WINDOWS\System32\IMM32.DLL
0x0000000073e00000 - 0x0000000073ed2000 	C:\Program Files\Java\jdk1.8.0_144\jre\bin\msvcr100.dll
0x0000000073ee0000 - 0x000000007477d000 	C:\Program Files\Java\jdk1.8.0_144\jre\bin\server\jvm.dll
0x00007ff83a100000 - 0x00007ff83a108000 	C:\WINDOWS\System32\PSAPI.DLL
0x00007ff837a70000 - 0x00007ff837a79000 	C:\WINDOWS\SYSTEM32\WSOCK32.dll
0x00007ff83ca00000 - 0x00007ff83ca6c000 	C:\WINDOWS\System32\WS2_32.dll
0x00007ff835040000 - 0x00007ff835063000 	C:\WINDOWS\SYSTEM32\WINMM.dll
0x00007ff82de10000 - 0x00007ff82de1a000 	C:\WINDOWS\SYSTEM32\VERSION.dll
0x00007ff834fd0000 - 0x00007ff834ffa000 	C:\WINDOWS\SYSTEM32\WINMMBASE.dll
0x00007ff8399b0000 - 0x00007ff8399f9000 	C:\WINDOWS\System32\cfgmgr32.dll
0x0000000073df0000 - 0x0000000073dff000 	C:\Program Files\Java\jdk1.8.0_144\jre\bin\verify.dll
0x0000000073dc0000 - 0x0000000073de9000 	C:\Program Files\Java\jdk1.8.0_144\jre\bin\java.dll
0x0000000073da0000 - 0x0000000073db6000 	C:\Program Files\Java\jdk1.8.0_144\jre\bin\zip.dll
0x00007ff83aab0000 - 0x00007ff83beef000 	C:\WINDOWS\System32\SHELL32.dll
0x00007ff83c8c0000 - 0x00007ff83c969000 	C:\WINDOWS\System32\shcore.dll
0x00007ff839220000 - 0x00007ff83992d000 	C:\WINDOWS\System32\windows.storage.dll
0x00007ff83c7a0000 - 0x00007ff83c7f1000 	C:\WINDOWS\System32\shlwapi.dll
0x00007ff838f00000 - 0x00007ff838f11000 	C:\WINDOWS\System32\kernel.appcore.dll
0x00007ff838ee0000 - 0x00007ff838eff000 	C:\WINDOWS\System32\profapi.dll
0x00007ff838e80000 - 0x00007ff838ecc000 	C:\WINDOWS\System32\powrprof.dll
0x00007ff838ed0000 - 0x00007ff838eda000 	C:\WINDOWS\System32\FLTLIB.DLL
0x0000000073bc0000 - 0x0000000073d58000 	C:\Program Files\Java\jdk1.8.0_144\jre\bin\awt.dll
0x00007ff83ca70000 - 0x00007ff83cb32000 	C:\WINDOWS\System32\OLEAUT32.dll
0x00007ff836fd0000 - 0x00007ff83705b000 	C:\WINDOWS\SYSTEM32\apphelp.dll
0x00007ff8370d0000 - 0x00007ff837168000 	C:\WINDOWS\system32\uxtheme.dll
0x00007ff83c620000 - 0x00007ff83c793000 	C:\WINDOWS\System32\MSCTF.dll
0x00007ff8374a0000 - 0x00007ff8374c9000 	C:\WINDOWS\system32\dwmapi.dll
0x00007ff83a110000 - 0x00007ff83a261000 	C:\WINDOWS\System32\ole32.dll
0x0000000073b70000 - 0x0000000073bb7000 	C:\Program Files\Java\jdk1.8.0_144\jre\bin\fontmanager.dll
0x00007ff8274b0000 - 0x00007ff8275d0000 	C:\WINDOWS\system32\opengl32.dll
0x00007ff82f7b0000 - 0x00007ff82f7dc000 	C:\WINDOWS\SYSTEM32\GLU32.dll
0x00007ff834300000 - 0x00007ff8343a7000 	C:\WINDOWS\WinSxS\amd64_microsoft.windows.common-controls_6595b64144ccf1df_5.82.17134.407_none_f94e16e330999300\comctl32.dll
0x0000000073d80000 - 0x0000000073d9a000 	C:\Program Files\Java\jdk1.8.0_144\jre\bin\net.dll
0x00007ff838700000 - 0x00007ff838766000 	C:\WINDOWS\system32\mswsock.dll
0x0000000073d60000 - 0x0000000073d71000 	C:\Program Files\Java\jdk1.8.0_144\jre\bin\nio.dll
0x0000000073b20000 - 0x0000000073b62000 	C:\Program Files\Java\jdk1.8.0_144\jre\bin\t2k.dll
0x00007ff83a060000 - 0x00007ff83a100000 	C:\WINDOWS\System32\clbcatq.dll
0x00007ff835740000 - 0x00007ff8358f4000 	C:\WINDOWS\SYSTEM32\PROPSYS.dll
0x00007ff82fdb0000 - 0x00007ff83044b000 	C:\Windows\System32\OneCoreUAPCommonProxyStub.dll
0x00007ff81bf90000 - 0x00007ff81c0b7000 	C:\WINDOWS\system32\NetworkExplorer.dll
0x00007ff821f70000 - 0x00007ff821f8a000 	C:\WINDOWS\SYSTEM32\MPR.dll
0x00007ff82bb70000 - 0x00007ff82bb7b000 	C:\WINDOWS\System32\drprov.dll
0x00007ff837fe0000 - 0x00007ff838036000 	C:\WINDOWS\System32\WINSTA.dll
0x00007ff82ab70000 - 0x00007ff82ab86000 	C:\WINDOWS\System32\ntlanman.dll
0x00007ff82a5a0000 - 0x00007ff82a5bd000 	C:\WINDOWS\System32\davclnt.dll
0x00007ff82a150000 - 0x00007ff82a15c000 	C:\WINDOWS\System32\DAVHLPR.dll
0x00007ff833260000 - 0x00007ff833277000 	C:\WINDOWS\System32\wkscli.dll
0x00007ff8389e0000 - 0x00007ff838a05000 	C:\WINDOWS\System32\bcrypt.dll
0x00007ff81b800000 - 0x00007ff81b812000 	C:\WINDOWS\SYSTEM32\cscapi.dll
0x00007ff8384c0000 - 0x00007ff8384ce000 	C:\WINDOWS\System32\netutils.dll
0x00007ff805390000 - 0x00007ff8053da000 	C:\Windows\System32\dlnashext.dll
0x00007ff812bb0000 - 0x00007ff812c13000 	C:\Windows\System32\PlayToDevice.dll
0x00007ff81f1f0000 - 0x00007ff81f20e000 	C:\Windows\System32\DevDispItemProvider.dll
0x00007ff82df60000 - 0x00007ff82dfd6000 	C:\WINDOWS\System32\MMDevApi.dll
0x00007ff838cb0000 - 0x00007ff838cd7000 	C:\WINDOWS\System32\DEVOBJ.dll
0x00007ff81c0c0000 - 0x00007ff81c2a1000 	C:\WINDOWS\system32\wpdshext.dll
0x00007ff831cc0000 - 0x00007ff831e5a000 	C:\WINDOWS\WinSxS\amd64_microsoft.windows.gdiplus_6595b64144ccf1df_1.1.17134.407_none_2c2f90488af60bb7\gdiplus.dll
0x00007ff834f00000 - 0x00007ff834f9c000 	C:\Windows\System32\PortableDeviceApi.dll
0x00007ff83a660000 - 0x00007ff83aaab000 	C:\WINDOWS\System32\SETUPAPI.dll
0x00007ff838f40000 - 0x00007ff838f97000 	C:\WINDOWS\System32\WINTRUST.dll
0x00007ff838f20000 - 0x00007ff838f32000 	C:\WINDOWS\System32\MSASN1.dll
0x00007ff839cc0000 - 0x00007ff839ea2000 	C:\WINDOWS\System32\CRYPT32.dll
0x00007ff835590000 - 0x00007ff8355c0000 	C:\Windows\System32\PortableDeviceTypes.dll
0x00007ff8213c0000 - 0x00007ff8213f7000 	C:\Windows\System32\EhStorShell.dll
0x00007ff829ec0000 - 0x00007ff829ee5000 	C:\Windows\System32\EhStorAPI.dll
0x00007ff837a50000 - 0x00007ff837a63000 	C:\Windows\System32\WTSAPI32.dll
0x00007ff82fb10000 - 0x00007ff82fb1d000 	C:\WINDOWS\SYSTEM32\LINKINFO.dll
0x00007ff832440000 - 0x00007ff8325ee000 	C:\WINDOWS\SYSTEM32\WindowsCodecs.dll
0x00007ff827150000 - 0x00007ff8271a8000 	C:\WINDOWS\system32\dataexchange.dll
0x00007ff8369d0000 - 0x00007ff836b6c000 	C:\WINDOWS\system32\dcomp.dll
0x00007ff835ed0000 - 0x00007ff8361db000 	C:\WINDOWS\system32\d3d11.dll
0x00007ff837d10000 - 0x00007ff837dcb000 	C:\WINDOWS\system32\dxgi.dll
0x00007ff8371d0000 - 0x00007ff837388000 	C:\WINDOWS\system32\twinapi.appcore.dll
0x00007ff8371a0000 - 0x00007ff8371c1000 	C:\WINDOWS\system32\RMCLIENT.dll
0x00007ff82af10000 - 0x00007ff82afa6000 	C:\WINDOWS\System32\TextInputFramework.dll
0x00007ff835900000 - 0x00007ff8359da000 	C:\WINDOWS\System32\CoreMessaging.dll
0x00007ff831f60000 - 0x00007ff83227e000 	C:\WINDOWS\System32\CoreUIComponents.dll
0x00007ff837f40000 - 0x00007ff837f71000 	C:\WINDOWS\SYSTEM32\ntmarta.dll
0x00007ff833630000 - 0x00007ff83377d000 	C:\WINDOWS\SYSTEM32\wintypes.dll
0x0000000073ae0000 - 0x0000000073b0a000 	C:\Program Files\Java\jdk1.8.0_144\jre\bin\dcpr.dll
0x0000000071110000 - 0x00000000711e1000 	C:\Users\Chandika\AppData\Local\Temp\javacpp212909998461534\msvcr100.dll
0x0000000070980000 - 0x0000000070a18000 	C:\Users\Chandika\AppData\Local\Temp\javacpp212909998461534\msvcp100.dll
0x0000000066840000 - 0x00000000676b4000 	C:\Users\Chandika\AppData\Local\Temp\javacpp212909998461534\opencv_ffmpeg248_64.dll
0x00007ff80b550000 - 0x00007ff80b7c2000 	C:\Users\Chandika\AppData\Local\Temp\javacpp212909998461534\opencv_core248.dll
0x00007ff80b290000 - 0x00007ff80b542000 	C:\Users\Chandika\AppData\Local\Temp\javacpp212909998461534\opencv_imgproc248.dll
0x00007ff80aa10000 - 0x00007ff80ac5d000 	C:\Users\Chandika\AppData\Local\Temp\javacpp212909998461534\opencv_highgui248.dll
0x00007ff82fac0000 - 0x00007ff82fadf000 	C:\WINDOWS\SYSTEM32\AVIFIL32.dll
0x00007ff82f710000 - 0x00007ff82f728000 	C:\WINDOWS\SYSTEM32\AVICAP32.dll
0x00007ff82f730000 - 0x00007ff82f759000 	C:\WINDOWS\SYSTEM32\MSVFW32.dll
0x00007ff820680000 - 0x00007ff82069c000 	C:\WINDOWS\SYSTEM32\MSACM32.dll
0x00007ff829980000 - 0x00007ff829993000 	C:\Users\Chandika\AppData\Local\Temp\javacpp212909998461534\jniopencv_highgui.dll
0x00007ff8226b0000 - 0x00007ff8226c7000 	C:\Windows\System32\devenum.dll
0x00007ff82d870000 - 0x00007ff82d87a000 	C:\WINDOWS\SYSTEM32\msdmo.dll
0x00007ff815350000 - 0x00007ff815383000 	C:\Windows\System32\qcap.dll
0x00007ff80bba0000 - 0x00007ff80bd5d000 	C:\Windows\System32\quartz.dll
0x00007ff812ef0000 - 0x00007ff812f3b000 	C:\Windows\System32\mfksproxy.dll
0x00007ff82df30000 - 0x00007ff82df4d000 	C:\Windows\System32\ATL.DLL
0x00007ff82cec0000 - 0x00007ff82d09b000 	C:\Windows\System32\MFPlat.DLL
0x00007ff831c10000 - 0x00007ff831c3e000 	C:\Windows\System32\RTWorkQ.DLL
0x00007ff80e7b0000 - 0x00007ff80e7fe000 	C:\Windows\System32\MFSENSORGROUP.dll
0x00007ff80e340000 - 0x00007ff80e388000 	C:\Windows\System32\ksproxy.ax
0x00007ff8349b0000 - 0x00007ff8349b9000 	C:\Windows\System32\ksuser.dll
0x00007ff808d50000 - 0x00007ff808ee7000 	C:\Windows\System32\d3d9.dll
0x00007ff834b60000 - 0x00007ff834bdf000 	C:\WINDOWS\SYSTEM32\policymanager.dll
0x00007ff834cb0000 - 0x00007ff834d41000 	C:\Windows\System32\msvcp110_win.dll
0x00007ff832cd0000 - 0x00007ff832cdc000 	C:\Windows\System32\vidcap.ax
0x00007ff812f80000 - 0x00007ff812fa6000 	C:\Windows\System32\kswdmcap.ax
0x00007ff80a8a0000 - 0x00007ff80aa04000 	C:\Windows\System32\MFC42.dll
0x00007ff80ce40000 - 0x00007ff80cedf000 	C:\Windows\System32\qedit.dll
0x00007ff83c4d0000 - 0x00007ff83c5bd000 	C:\WINDOWS\System32\COMDLG32.dll
0x00007ff81c350000 - 0x00007ff81c446000 	C:\Windows\System32\DDRAW.dll

VM Arguments:
jvm_args: -Dfile.encoding=UTF-8 
java_command: project.hostellerinterface
java_class_path (initial): C:\Program Files\NetBeans 8.2\ide\modules\ext\swingx-all-1.6.4.jar;C:\Users\Chandika\Desktop\Java\ConnectCodeBarcodeFontLibrary.jar;C:\Users\Chandika\Desktop\mysql-connector-java-8.0.13\mysql-connector-java-8.0.13.jar;C:\javacv-cppjars\ffmpeg-2.1.1-windows-x86.jar;C:\javacv-cppjars\ffmpeg-2.1.1-windows-x86_64.jar;C:\javacv-cppjars\opencv-2.4.8-windows-x86.jar;C:\javacv-cppjars\opencv-2.4.8-windows-x86_64.jar;C:\javacv-bin\javacpp.jar;C:\javacv-bin\javacv-android-arm.jar;C:\javacv-bin\javacv-linux-x86.jar;C:\javacv-bin\javacv-linux-x86_64.jar;C:\javacv-bin\javacv-macosx-x86_64.jar;C:\javacv-bin\javacv-windows-x86.jar;C:\javacv-bin\javacv-windows-x86_64.jar;C:\javacv-bin\javacv.jar;I:\Interim\build\classes
Launcher Type: SUN_STANDARD

Environment Variables:
PATH=C:\ProgramData\Oracle\Java\javapath;C:\Program Files (x86)\Intel\iCLS Client\;C:\Program Files\Intel\iCLS Client\;C:\Windows\system32;C:\Windows;C:\Windows\System32\Wbem;C:\Windows\System32\WindowsPowerShell\v1.0\;C:\Program Files (x86)\Intel\Intel(R) Management Engine Components\DAL;C:\Program Files\Intel\Intel(R) Management Engine Components\DAL;C:\Program Files (x86)\Intel\Intel(R) Management Engine Components\IPT;C:\Program Files\Intel\Intel(R) Management Engine Components\IPT;C:\Program Files (x86)\NVIDIA Corporation\PhysX\Common;C:\Program Files (x86)\Windows Kits\8.1\Windows Performance Toolkit\;C:\Program Files\Microsoft SQL Server\110\Tools\Binn\;C:\Program Files (x86)\QuickTime\QTSystem\;C:\WINDOWS\system32;C:\WINDOWS;C:\WINDOWS\System32\Wbem;C:\WINDOWS\System32\WindowsPowerShell\v1.0\;C:\WINDOWS\System32\OpenSSH\;C:\Program Files\Java\jdk1.8.0_144\bin;C:\Program Files\nodejs\;C:\Program Files\Git\cmd;C:\opencv\build\x86\vc14\bin;C:\Ruby24-x64\bin;C:\Users\Chandika\AppData\Local\atom\bin;C:\intelFPGA_pro\17.0\modelsim_ase\win32aloem;C:\Users\Chandika\AppData\Local\Microsoft\WindowsApps;C:\Users\Chandika\AppData\Roaming\npm;C:\Users\Chandika\AppData\Local\Programs\Microsoft VS Code\bin
USERNAME=Chandika
OS=Windows_NT
PROCESSOR_IDENTIFIER=Intel64 Family 6 Model 142 Stepping 9, GenuineIntel



---------------  S Y S T E M  ---------------

OS: Windows 10.0 , 64 bit Build 17134 (10.0.17134.1)

CPU:total 4 (initial active 4) (2 cores per cpu, 2 threads per core) family 6 model 142 stepping 9, cmov, cx8, fxsr, mmx, sse, sse2, sse3, ssse3, sse4.1, sse4.2, popcnt, avx, avx2, aes, clmul, erms, 3dnowpref, lzcnt, ht, tsc, tscinvbit, bmi1, bmi2, adx

Memory: 4k page, physical 8266272k(3261376k free), swap 12329504k(3986112k free)

vm_info: Java HotSpot(TM) 64-Bit Server VM (25.144-b01) for windows-amd64 JRE (1.8.0_144-b01), built on Jul 21 2017 21:57:33 by "java_re" with MS VC++ 10.0 (VS2010)

time: Mon Dec 10 12:23:28 2018
elapsed time: 37 seconds (0d 0h 0m 37s)

