#
# A fatal error has been detected by the Java Runtime Environment:
#
#  EXCEPTION_ACCESS_VIOLATION (0xc0000005) at pc=0x00007ff83cb8d979, pid=11424, tid=0x00000000000049f0
#
# JRE version: Java(TM) SE Runtime Environment (8.0_144-b01) (build 1.8.0_144-b01)
# Java VM: Java HotSpot(TM) 64-Bit Server VM (25.144-b01 mixed mode windows-amd64 compressed oops)
# Problematic frame:
# C  [ntdll.dll+0x1d979]
#
# Failed to write core dump. Minidumps are not enabled by default on client versions of Windows
#
# If you would like to submit a bug report, please visit:
#   http://bugreport.java.com/bugreport/crash.jsp
# The crash happened outside the Java Virtual Machine in native code.
# See problematic frame for where to report the bug.
#

---------------  T H R E A D  ---------------

Current thread (0x0000000019d27800):  JavaThread "Thread-3" [_thread_in_native, id=18928, stack(0x000000001d0d0000,0x000000001d1d0000)]

siginfo: ExceptionCode=0xc0000005, writing address 0x0000000000000024

Registers:
RAX=0xffffffffffffffff, RBX=0x000000001922eb88, RCX=0x0000000000000000, RDX=0xffffffffffffffff
RSP=0x000000001d1cf1a0, RBP=0x000000001d1cf210, RSI=0x0000000000000000, RDI=0x0000000000000000
R8 =0x0000000000000000, R9 =0x00007ff80276e600, R10=0x0000000000000000, R11=0x0000000000000246
R12=0x0000000000000000, R13=0x000000001c8a6a00, R14=0x0000000000000000, R15=0x0000000019d27800
RIP=0x00007ff83cb8d979, EFLAGS=0x0000000000010213

Top of Stack: (sp=0x000000001d1cf1a0)
0x000000001d1cf1a0:   ffffffffffffffff 000000001922eb88
0x000000001d1cf1b0:   0000000017184ae8 0000000000000000
0x000000001d1cf1c0:   000000001d1cf220 0000000002ad835d
0x000000001d1cf1d0:   0000000002ad835d 0000000000628000
0x000000001d1cf1e0:   000000001d1cf1e0 000000001d4d6eaa
0x000000001d1cf1f0:   000000001d1cf258 0000000002ad7b30
0x000000001d1cf200:   0000000000000000 00007ff838fd9252
0x000000001d1cf210:   0000000019d27800 0000000000000001
0x000000001d1cf220:   000000001c8a6a00 0000000000000000
0x000000001d1cf230:   0000000000000000 0000000000000000
0x000000001d1cf240:   0000000000000001 00007ff83cb883e7
0x000000001d1cf250:   0000000000000000 000000001922eb88
0x000000001d1cf260:   00000000fffffffa 0000000000000000
0x000000001d1cf270:   000000001d1cf460 00007ff83cb88300
0x000000001d1cf280:   00007ff80276e640 00007ff80276e600
0x000000001d1cf290:   0000000000000000 0000000000000000 

Instructions: (pc=0x00007ff83cb8d979)
0x00007ff83cb8d959:   35 62 e5 13 00 4c 0f 45 f6 48 39 73 18 0f 84 b6
0x00007ff83cb8d969:   01 00 00 48 8b 0b 48 83 f9 ff 0f 84 b6 01 00 00
0x00007ff83cb8d979:   ff 41 24 48 8b 7b 18 44 8b ee 48 89 7d c0 e8 b4
0x00007ff83cb8d989:   2e ff ff 85 c0 0f 85 56 ca 08 00 b9 82 03 fe 7f 


Register to memory mapping:

RAX=0xffffffffffffffff is an unknown value
RBX=0x000000001922eb88 is an unknown value
RCX=0x0000000000000000 is an unknown value
RDX=0xffffffffffffffff is an unknown value
RSP=0x000000001d1cf1a0 is pointing into the stack for thread: 0x0000000019d27800
RBP=0x000000001d1cf210 is pointing into the stack for thread: 0x0000000019d27800
RSI=0x0000000000000000 is an unknown value
RDI=0x0000000000000000 is an unknown value
R8 =0x0000000000000000 is an unknown value
R9 =0x00007ff80276e600 is an unknown value
R10=0x0000000000000000 is an unknown value
R11=0x0000000000000246 is an unknown value
R12=0x0000000000000000 is an unknown value
R13=0x000000001c8a6a00 is an unknown value
R14=0x0000000000000000 is an unknown value
R15=0x0000000019d27800 is a thread


Stack: [0x000000001d0d0000,0x000000001d1d0000],  sp=0x000000001d1cf1a0,  free space=1020k
Native frames: (J=compiled Java code, j=interpreted, Vv=VM code, C=native code)
C  [ntdll.dll+0x1d979]
C  [ntdll.dll+0x183e7]
C  [ntdll.dll+0x18300]
C  [opencv_highgui248.dll+0x15963]
C  [opencv_highgui248.dll+0x16946]
C  [opencv_highgui248.dll+0x10b2]
C  [jniopencv_highgui.dll+0x75d9]
C  0x0000000002ae7f74

Java frames: (J=compiled Java code, j=interpreted, Vv=VM code)
j  com.googlecode.javacv.cpp.opencv_highgui.cvQueryFrame(Lcom/googlecode/javacv/cpp/opencv_highgui$CvCapture;)Lcom/googlecode/javacv/cpp/opencv_core$IplImage;+0
j  project.hostellerinterface$30.run()V+51
v  ~StubRoutines::call_stub

---------------  P R O C E S S  ---------------

Java Threads: ( => current thread )
=>0x0000000019d27800 JavaThread "Thread-3" [_thread_in_native, id=18928, stack(0x000000001d0d0000,0x000000001d1d0000)]
  0x00000000197f6800 JavaThread "Swing-Shell" daemon [_thread_blocked, id=17392, stack(0x000000001adb0000,0x000000001aeb0000)]
  0x0000000002ace000 JavaThread "DestroyJavaVM" [_thread_blocked, id=18812, stack(0x00000000027a0000,0x00000000028a0000)]
  0x0000000019776000 JavaThread "AWT-EventQueue-0" [_thread_blocked, id=17564, stack(0x000000001aab0000,0x000000001abb0000)]
  0x0000000019712000 JavaThread "AWT-Windows" daemon [_thread_in_native, id=13204, stack(0x000000001a0a0000,0x000000001a1a0000)]
  0x000000001970d800 JavaThread "AWT-Shutdown" [_thread_blocked, id=2776, stack(0x0000000019fa0000,0x000000001a0a0000)]
  0x000000001970b800 JavaThread "Java2D Disposer" daemon [_thread_blocked, id=3552, stack(0x0000000019ea0000,0x0000000019fa0000)]
  0x0000000018f90800 JavaThread "Service Thread" daemon [_thread_blocked, id=12368, stack(0x0000000019360000,0x0000000019460000)]
  0x0000000017608800 JavaThread "C1 CompilerThread2" daemon [_thread_blocked, id=11568, stack(0x0000000018e60000,0x0000000018f60000)]
  0x0000000017602800 JavaThread "C2 CompilerThread1" daemon [_thread_blocked, id=1568, stack(0x0000000018d60000,0x0000000018e60000)]
  0x0000000017600000 JavaThread "C2 CompilerThread0" daemon [_thread_blocked, id=6780, stack(0x0000000018c60000,0x0000000018d60000)]
  0x00000000175fc000 JavaThread "Attach Listener" daemon [_thread_blocked, id=5984, stack(0x0000000018b60000,0x0000000018c60000)]
  0x00000000175fb000 JavaThread "Signal Dispatcher" daemon [_thread_blocked, id=7732, stack(0x0000000018a60000,0x0000000018b60000)]
  0x0000000002a1d800 JavaThread "Finalizer" daemon [_thread_blocked, id=19272, stack(0x0000000018870000,0x0000000018970000)]
  0x0000000002a12000 JavaThread "Reference Handler" daemon [_thread_blocked, id=4936, stack(0x0000000018770000,0x0000000018870000)]

Other Threads:
  0x00000000175c7000 VMThread [stack: 0x0000000018670000,0x0000000018770000] [id=18248]
  0x0000000018fcb800 WatcherThread [stack: 0x0000000019460000,0x0000000019560000] [id=12848]

VM state:not at safepoint (normal execution)

VM Mutex/Monitor currently owned by a thread: None

Heap:
 PSYoungGen      total 38400K, used 7160K [0x00000000d5f00000, 0x00000000d8980000, 0x0000000100000000)
  eden space 33280K, 6% used [0x00000000d5f00000,0x00000000d6101140,0x00000000d7f80000)
  from space 5120K, 99% used [0x00000000d8480000,0x00000000d897d020,0x00000000d8980000)
  to   space 5120K, 0% used [0x00000000d7f80000,0x00000000d7f80000,0x00000000d8480000)
 ParOldGen       total 87552K, used 10133K [0x0000000081c00000, 0x0000000087180000, 0x00000000d5f00000)
  object space 87552K, 11% used [0x0000000081c00000,0x00000000825e5638,0x0000000087180000)
 Metaspace       used 15970K, capacity 16216K, committed 16512K, reserved 1062912K
  class space    used 2011K, capacity 2112K, committed 2176K, reserved 1048576K

Card table byte_map: [0x0000000011e90000,0x0000000012290000] byte_map_base: 0x0000000011a82000

Marking Bits: (ParMarkBitMap*) 0x00000000746fd850
 Begin Bits: [0x0000000012940000, 0x00000000148d0000)
 End Bits:   [0x00000000148d0000, 0x0000000016860000)

Polling page: 0x0000000000a80000

CodeCache: size=245760Kb used=5907Kb max_used=5908Kb free=239853Kb
 bounds [0x0000000002ad0000, 0x00000000030a0000, 0x0000000011ad0000]
 total_blobs=2330 nmethods=1793 adapters=449
 compilation: enabled

Compilation events (10 events):
Event: 12.216 Thread 0x0000000017608800 nmethod 1789 0x000000000307f110 code [0x000000000307f280, 0x000000000307f5d0]
Event: 12.216 Thread 0x0000000017608800 1790       3       java.awt.MultipleGradientPaintContext::calculateLookupData (318 bytes)
Event: 12.217 Thread 0x0000000017608800 nmethod 1790 0x0000000003092610 code [0x0000000003092880, 0x0000000003093668]
Event: 12.228 Thread 0x0000000017602800 nmethod 1788% 0x0000000003097350 code [0x00000000030974c0, 0x0000000003097ef8]
Event: 12.298 Thread 0x0000000017608800 1791       3       sun.java2d.SunGraphics2D::constrain (11 bytes)
Event: 12.298 Thread 0x0000000017608800 nmethod 1791 0x0000000003096f50 code [0x00000000030970c0, 0x00000000030972c8]
Event: 12.298 Thread 0x0000000017608800 1792       3       sun.java2d.SunGraphics2D::constrain (216 bytes)
Event: 12.300 Thread 0x0000000017608800 nmethod 1792 0x0000000003094f90 code [0x0000000003095240, 0x0000000003096548]
Event: 12.698 Thread 0x0000000017608800 1793   !   3       java.lang.ClassLoader::findNative (86 bytes)
Event: 12.699 Thread 0x0000000017608800 nmethod 1793 0x0000000003094190 code [0x0000000003094340, 0x0000000003094bf8]

GC Heap History (4 events):
Event: 8.310 GC heap before
{Heap before GC invocations=1 (full 0):
 PSYoungGen      total 38400K, used 33277K [0x00000000d5f00000, 0x00000000d8980000, 0x0000000100000000)
  eden space 33280K, 99% used [0x00000000d5f00000,0x00000000d7f7f618,0x00000000d7f80000)
  from space 5120K, 0% used [0x00000000d8480000,0x00000000d8480000,0x00000000d8980000)
  to   space 5120K, 0% used [0x00000000d7f80000,0x00000000d7f80000,0x00000000d8480000)
 ParOldGen       total 87552K, used 0K [0x0000000081c00000, 0x0000000087180000, 0x00000000d5f00000)
  object space 87552K, 0% used [0x0000000081c00000,0x0000000081c00000,0x0000000087180000)
 Metaspace       used 15786K, capacity 16024K, committed 16256K, reserved 1062912K
  class space    used 2005K, capacity 2112K, committed 2176K, reserved 1048576K
Event: 8.317 GC heap after
Heap after GC invocations=1 (full 0):
 PSYoungGen      total 38400K, used 5040K [0x00000000d5f00000, 0x00000000d8980000, 0x0000000100000000)
  eden space 33280K, 0% used [0x00000000d5f00000,0x00000000d5f00000,0x00000000d7f80000)
  from space 5120K, 98% used [0x00000000d7f80000,0x00000000d846c190,0x00000000d8480000)
  to   space 5120K, 0% used [0x00000000d8480000,0x00000000d8480000,0x00000000d8980000)
 ParOldGen       total 87552K, used 10080K [0x0000000081c00000, 0x0000000087180000, 0x00000000d5f00000)
  object space 87552K, 11% used [0x0000000081c00000,0x00000000825d8258,0x0000000087180000)
 Metaspace       used 15786K, capacity 16024K, committed 16256K, reserved 1062912K
  class space    used 2005K, capacity 2112K, committed 2176K, reserved 1048576K
}
Event: 12.694 GC heap before
{Heap before GC invocations=2 (full 0):
 PSYoungGen      total 38400K, used 37783K [0x00000000d5f00000, 0x00000000d8980000, 0x0000000100000000)
  eden space 33280K, 98% used [0x00000000d5f00000,0x00000000d7ef9e48,0x00000000d7f80000)
  from space 5120K, 98% used [0x00000000d7f80000,0x00000000d846c190,0x00000000d8480000)
  to   space 5120K, 0% used [0x00000000d8480000,0x00000000d8480000,0x00000000d8980000)
 ParOldGen       total 87552K, used 10080K [0x0000000081c00000, 0x0000000087180000, 0x00000000d5f00000)
  object space 87552K, 11% used [0x0000000081c00000,0x00000000825d8258,0x0000000087180000)
 Metaspace       used 15969K, capacity 16216K, committed 16512K, reserved 1062912K
  class space    used 2011K, capacity 2112K, committed 2176K, reserved 1048576K
Event: 12.698 GC heap after
Heap after GC invocations=2 (full 0):
 PSYoungGen      total 38400K, used 5108K [0x00000000d5f00000, 0x00000000d8980000, 0x0000000100000000)
  eden space 33280K, 0% used [0x00000000d5f00000,0x00000000d5f00000,0x00000000d7f80000)
  from space 5120K, 99% used [0x00000000d8480000,0x00000000d897d020,0x00000000d8980000)
  to   space 5120K, 0% used [0x00000000d7f80000,0x00000000d7f80000,0x00000000d8480000)
 ParOldGen       total 87552K, used 10133K [0x0000000081c00000, 0x0000000087180000, 0x00000000d5f00000)
  object space 87552K, 11% used [0x0000000081c00000,0x00000000825e5638,0x0000000087180000)
 Metaspace       used 15969K, capacity 16216K, committed 16512K, reserved 1062912K
  class space    used 2011K, capacity 2112K, committed 2176K, reserved 1048576K
}

Deoptimization events (10 events):
Event: 1.056 Thread 0x0000000019776000 Uncommon trap: reason=bimorphic action=maybe_recompile pc=0x0000000002d8ef44 method=java.util.concurrent.locks.AbstractQueuedSynchronizer.release(I)Z @ 2
Event: 1.073 Thread 0x0000000019776000 Uncommon trap: reason=bimorphic action=maybe_recompile pc=0x0000000002d8ef44 method=java.util.concurrent.locks.AbstractQueuedSynchronizer.release(I)Z @ 2
Event: 1.080 Thread 0x0000000019776000 Uncommon trap: reason=bimorphic action=maybe_recompile pc=0x0000000002d8ef44 method=java.util.concurrent.locks.AbstractQueuedSynchronizer.release(I)Z @ 2
Event: 1.165 Thread 0x0000000019776000 Uncommon trap: reason=unstable_if action=reinterpret pc=0x0000000002dfe044 method=javax.swing.JComponent.getClientProperty(Ljava/lang/Object;)Ljava/lang/Object; @ 16
Event: 3.806 Thread 0x0000000019776000 Uncommon trap: reason=null_check action=make_not_entrant pc=0x0000000002e7ea58 method=java.awt.Component.isLightweight()Z @ 4
Event: 8.104 Thread 0x0000000019d27800 Uncommon trap: reason=unstable_if action=reinterpret pc=0x0000000003003ef0 method=com.googlecode.javacv.cpp.opencv_core$IplImage.flipCopyWithGamma(Ljava/nio/ByteBuffer;ILjava/nio/ByteBuffer;IZDZI)V @ 50
Event: 9.329 Thread 0x0000000019776000 Uncommon trap: reason=unstable_if action=reinterpret pc=0x0000000002ee2200 method=java.lang.ref.SoftReference.get()Ljava/lang/Object; @ 17
Event: 12.698 Thread 0x0000000002a1d800 Uncommon trap: reason=unstable_if action=reinterpret pc=0x0000000002e8e5cc method=java.util.concurrent.locks.ReentrantLock$Sync.tryRelease(I)Z @ 28
Event: 12.698 Thread 0x0000000002a1d800 Uncommon trap: reason=unstable_if action=reinterpret pc=0x0000000002e79f80 method=java.util.concurrent.locks.ReentrantLock$Sync.tryRelease(I)Z @ 28
Event: 12.698 Thread 0x0000000002a1d800 Uncommon trap: reason=unstable_if action=reinterpret pc=0x0000000003015758 method=java.util.concurrent.locks.AbstractQueuedSynchronizer.release(I)Z @ 5

Internal exceptions (10 events):
Event: 0.233 Thread 0x0000000002ace000 Exception <a 'java/lang/ClassNotFoundException': ToggleButton> (0x00000000d6391710) thrown at [C:\re\workspace\8-2-build-windows-amd64-cygwin\jdk8u144\9417\hotspot\src\share\vm\classfile\systemDictionary.cpp, line 210]
Event: 0.233 Thread 0x0000000002ace000 Exception <a 'java/lang/ClassNotFoundException': javax/swing/JToolBarSeparator> (0x00000000d6391b70) thrown at [C:\re\workspace\8-2-build-windows-amd64-cygwin\jdk8u144\9417\hotspot\src\share\vm\classfile\systemDictionary.cpp, line 210]
Event: 0.233 Thread 0x0000000002ace000 Exception <a 'java/lang/ClassNotFoundException': ToolBarSeparator> (0x00000000d6392008) thrown at [C:\re\workspace\8-2-build-windows-amd64-cygwin\jdk8u144\9417\hotspot\src\share\vm\classfile\systemDictionary.cpp, line 210]
Event: 0.233 Thread 0x0000000002ace000 Exception <a 'java/lang/ClassNotFoundException': ToolTip> (0x00000000d6392748) thrown at [C:\re\workspace\8-2-build-windows-amd64-cygwin\jdk8u144\9417\hotspot\src\share\vm\classfile\systemDictionary.cpp, line 210]
Event: 0.234 Thread 0x0000000002ace000 Exception <a 'java/lang/ClassNotFoundException': Tree> (0x00000000d6393368) thrown at [C:\re\workspace\8-2-build-windows-amd64-cygwin\jdk8u144\9417\hotspot\src\share\vm\classfile\systemDictionary.cpp, line 210]
Event: 0.234 Thread 0x0000000002ace000 Exception <a 'java/lang/ClassNotFoundException': Tree> (0x00000000d6393aa8) thrown at [C:\re\workspace\8-2-build-windows-amd64-cygwin\jdk8u144\9417\hotspot\src\share\vm\classfile\systemDictionary.cpp, line 210]
Event: 0.234 Thread 0x0000000002ace000 Exception <a 'java/lang/ClassNotFoundException': javax/swing/JTreeCell> (0x00000000d6393e28) thrown at [C:\re\workspace\8-2-build-windows-amd64-cygwin\jdk8u144\9417\hotspot\src\share\vm\classfile\systemDictionary.cpp, line 210]
Event: 0.234 Thread 0x0000000002ace000 Exception <a 'java/lang/ClassNotFoundException': TreeCell> (0x00000000d63942b0) thrown at [C:\re\workspace\8-2-build-windows-amd64-cygwin\jdk8u144\9417\hotspot\src\share\vm\classfile\systemDictionary.cpp, line 210]
Event: 0.234 Thread 0x0000000002ace000 Exception <a 'java/lang/ClassNotFoundException': RootPane> (0x00000000d6394c68) thrown at [C:\re\workspace\8-2-build-windows-amd64-cygwin\jdk8u144\9417\hotspot\src\share\vm\classfile\systemDictionary.cpp, line 210]
Event: 3.806 Thread 0x0000000019776000 Implicit null exception at 0x0000000002e7e9f0 to 0x0000000002e7ea4b

Events (10 events):
Event: 12.698 Executing VM operation: ParallelGCFailedAllocation done
Event: 12.698 Thread 0x0000000002a1d800 Uncommon trap: trap_request=0xffffff65 fr.pc=0x0000000002e8e5cc
Event: 12.698 Thread 0x0000000002a1d800 DEOPT PACKING pc=0x0000000002e8e5cc sp=0x000000001896f180
Event: 12.698 Thread 0x0000000002a1d800 DEOPT UNPACKING pc=0x0000000002b1582a sp=0x000000001896f060 mode 2
Event: 12.698 Thread 0x0000000002a1d800 Uncommon trap: trap_request=0xffffff65 fr.pc=0x0000000002e79f80
Event: 12.698 Thread 0x0000000002a1d800 DEOPT PACKING pc=0x0000000002e79f80 sp=0x000000001896f150
Event: 12.698 Thread 0x0000000002a1d800 DEOPT UNPACKING pc=0x0000000002b1582a sp=0x000000001896f0d8 mode 2
Event: 12.698 Thread 0x0000000002a1d800 Uncommon trap: trap_request=0xffffff65 fr.pc=0x0000000003015758
Event: 12.698 Thread 0x0000000002a1d800 DEOPT PACKING pc=0x0000000003015758 sp=0x000000001896f180
Event: 12.698 Thread 0x0000000002a1d800 DEOPT UNPACKING pc=0x0000000002b1582a sp=0x000000001896f120 mode 2


Dynamic libraries:
0x00007ff69cba0000 - 0x00007ff69cbd7000 	C:\Program Files\Java\jdk1.8.0_144\bin\java.exe
0x00007ff83cb70000 - 0x00007ff83cd51000 	C:\WINDOWS\SYSTEM32\ntdll.dll
0x00007ff83a5a0000 - 0x00007ff83a652000 	C:\WINDOWS\System32\KERNEL32.DLL
0x00007ff838fa0000 - 0x00007ff839213000 	C:\WINDOWS\System32\KERNELBASE.dll
0x00007ff83c380000 - 0x00007ff83c421000 	C:\WINDOWS\System32\ADVAPI32.dll
0x00007ff83c430000 - 0x00007ff83c4ce000 	C:\WINDOWS\System32\msvcrt.dll
0x00007ff83a000000 - 0x00007ff83a05b000 	C:\WINDOWS\System32\sechost.dll
0x00007ff83c0a0000 - 0x00007ff83c1c4000 	C:\WINDOWS\System32\RPCRT4.dll
0x00007ff83bf10000 - 0x00007ff83c0a0000 	C:\WINDOWS\System32\USER32.dll
0x00007ff839a00000 - 0x00007ff839a20000 	C:\WINDOWS\System32\win32u.dll
0x00007ff83c970000 - 0x00007ff83c998000 	C:\WINDOWS\System32\GDI32.dll
0x00007ff839b20000 - 0x00007ff839cb2000 	C:\WINDOWS\System32\gdi32full.dll
0x00007ff839eb0000 - 0x00007ff839f4f000 	C:\WINDOWS\System32\msvcp_win.dll
0x00007ff839a20000 - 0x00007ff839b1a000 	C:\WINDOWS\System32\ucrtbase.dll
0x00007ff82cb40000 - 0x00007ff82cda9000 	C:\WINDOWS\WinSxS\amd64_microsoft.windows.common-controls_6595b64144ccf1df_6.0.17134.407_none_fb449d63306391e9\COMCTL32.dll
0x00007ff83a270000 - 0x00007ff83a592000 	C:\WINDOWS\System32\combase.dll
0x00007ff839930000 - 0x00007ff8399aa000 	C:\WINDOWS\System32\bcryptPrimitives.dll
0x00007ff83c890000 - 0x00007ff83c8bd000 	C:\WINDOWS\System32\IMM32.DLL
0x0000000073e00000 - 0x0000000073ed2000 	C:\Program Files\Java\jdk1.8.0_144\jre\bin\msvcr100.dll
0x0000000073ee0000 - 0x000000007477d000 	C:\Program Files\Java\jdk1.8.0_144\jre\bin\server\jvm.dll
0x00007ff83a100000 - 0x00007ff83a108000 	C:\WINDOWS\System32\PSAPI.DLL
0x00007ff835040000 - 0x00007ff835063000 	C:\WINDOWS\SYSTEM32\WINMM.dll
0x00007ff82de10000 - 0x00007ff82de1a000 	C:\WINDOWS\SYSTEM32\VERSION.dll
0x00007ff837a70000 - 0x00007ff837a79000 	C:\WINDOWS\SYSTEM32\WSOCK32.dll
0x00007ff83ca00000 - 0x00007ff83ca6c000 	C:\WINDOWS\System32\WS2_32.dll
0x00007ff834fd0000 - 0x00007ff834ffa000 	C:\WINDOWS\SYSTEM32\winmmbase.dll
0x00007ff8399b0000 - 0x00007ff8399f9000 	C:\WINDOWS\System32\cfgmgr32.dll
0x0000000075090000 - 0x000000007509f000 	C:\Program Files\Java\jdk1.8.0_144\jre\bin\verify.dll
0x0000000073d90000 - 0x0000000073db9000 	C:\Program Files\Java\jdk1.8.0_144\jre\bin\java.dll
0x0000000073d70000 - 0x0000000073d86000 	C:\Program Files\Java\jdk1.8.0_144\jre\bin\zip.dll
0x00007ff83aab0000 - 0x00007ff83beef000 	C:\WINDOWS\System32\SHELL32.dll
0x00007ff83c8c0000 - 0x00007ff83c969000 	C:\WINDOWS\System32\shcore.dll
0x00007ff839220000 - 0x00007ff83992d000 	C:\WINDOWS\System32\windows.storage.dll
0x00007ff83c7a0000 - 0x00007ff83c7f1000 	C:\WINDOWS\System32\shlwapi.dll
0x00007ff838f00000 - 0x00007ff838f11000 	C:\WINDOWS\System32\kernel.appcore.dll
0x00007ff838ee0000 - 0x00007ff838eff000 	C:\WINDOWS\System32\profapi.dll
0x00007ff838e80000 - 0x00007ff838ecc000 	C:\WINDOWS\System32\powrprof.dll
0x00007ff838ed0000 - 0x00007ff838eda000 	C:\WINDOWS\System32\FLTLIB.DLL
0x0000000073b90000 - 0x0000000073d28000 	C:\Program Files\Java\jdk1.8.0_144\jre\bin\awt.dll
0x00007ff83ca70000 - 0x00007ff83cb32000 	C:\WINDOWS\System32\OLEAUT32.dll
0x00007ff836fd0000 - 0x00007ff83705b000 	C:\WINDOWS\SYSTEM32\apphelp.dll
0x00007ff8370d0000 - 0x00007ff837168000 	C:\WINDOWS\system32\uxtheme.dll
0x00007ff83c620000 - 0x00007ff83c793000 	C:\WINDOWS\System32\MSCTF.dll
0x00007ff8374a0000 - 0x00007ff8374c9000 	C:\WINDOWS\system32\dwmapi.dll
0x00007ff83a110000 - 0x00007ff83a261000 	C:\WINDOWS\System32\ole32.dll
0x0000000073b40000 - 0x0000000073b87000 	C:\Program Files\Java\jdk1.8.0_144\jre\bin\fontmanager.dll
0x00007ff8298c0000 - 0x00007ff8299e0000 	C:\WINDOWS\system32\opengl32.dll
0x00007ff82de20000 - 0x00007ff82de4c000 	C:\WINDOWS\SYSTEM32\GLU32.dll
0x00007ff834300000 - 0x00007ff8343a7000 	C:\WINDOWS\WinSxS\amd64_microsoft.windows.common-controls_6595b64144ccf1df_5.82.17134.407_none_f94e16e330999300\comctl32.dll
0x0000000073d50000 - 0x0000000073d6a000 	C:\Program Files\Java\jdk1.8.0_144\jre\bin\net.dll
0x00007ff838700000 - 0x00007ff838766000 	C:\WINDOWS\system32\mswsock.dll
0x0000000073d30000 - 0x0000000073d41000 	C:\Program Files\Java\jdk1.8.0_144\jre\bin\nio.dll
0x0000000073af0000 - 0x0000000073b32000 	C:\Program Files\Java\jdk1.8.0_144\jre\bin\t2k.dll
0x00007ff83a060000 - 0x00007ff83a100000 	C:\WINDOWS\System32\clbcatq.dll
0x00007ff835740000 - 0x00007ff8358f4000 	C:\WINDOWS\SYSTEM32\PROPSYS.dll
0x00007ff82fdb0000 - 0x00007ff83044b000 	C:\Windows\System32\OneCoreUAPCommonProxyStub.dll
0x00007ff81f670000 - 0x00007ff81f797000 	C:\WINDOWS\system32\NetworkExplorer.dll
0x00007ff821f70000 - 0x00007ff821f8a000 	C:\WINDOWS\SYSTEM32\MPR.dll
0x00007ff8342f0000 - 0x00007ff8342fb000 	C:\WINDOWS\System32\drprov.dll
0x00007ff837fe0000 - 0x00007ff838036000 	C:\WINDOWS\System32\WINSTA.dll
0x00007ff82f800000 - 0x00007ff82f816000 	C:\WINDOWS\System32\ntlanman.dll
0x00007ff82d110000 - 0x00007ff82d12d000 	C:\WINDOWS\System32\davclnt.dll
0x00007ff8342e0000 - 0x00007ff8342ec000 	C:\WINDOWS\System32\DAVHLPR.dll
0x00007ff833260000 - 0x00007ff833277000 	C:\WINDOWS\System32\wkscli.dll
0x00007ff8389e0000 - 0x00007ff838a05000 	C:\WINDOWS\System32\bcrypt.dll
0x00007ff81b800000 - 0x00007ff81b812000 	C:\WINDOWS\SYSTEM32\cscapi.dll
0x00007ff8384c0000 - 0x00007ff8384ce000 	C:\WINDOWS\System32\netutils.dll
0x00007ff81f620000 - 0x00007ff81f66a000 	C:\Windows\System32\dlnashext.dll
0x00007ff815d10000 - 0x00007ff815d73000 	C:\Windows\System32\PlayToDevice.dll
0x00007ff81f1f0000 - 0x00007ff81f20e000 	C:\Windows\System32\DevDispItemProvider.dll
0x00007ff82df60000 - 0x00007ff82dfd6000 	C:\WINDOWS\System32\MMDevApi.dll
0x00007ff838cb0000 - 0x00007ff838cd7000 	C:\WINDOWS\System32\DEVOBJ.dll
0x00007fffed920000 - 0x00007fffedb01000 	C:\WINDOWS\system32\wpdshext.dll
0x00007ff831cc0000 - 0x00007ff831e5a000 	C:\WINDOWS\WinSxS\amd64_microsoft.windows.gdiplus_6595b64144ccf1df_1.1.17134.407_none_2c2f90488af60bb7\gdiplus.dll
0x00007ff834f00000 - 0x00007ff834f9c000 	C:\Windows\System32\PortableDeviceApi.dll
0x00007ff83a660000 - 0x00007ff83aaab000 	C:\WINDOWS\System32\SETUPAPI.dll
0x00007ff838f40000 - 0x00007ff838f97000 	C:\WINDOWS\System32\WINTRUST.dll
0x00007ff838f20000 - 0x00007ff838f32000 	C:\WINDOWS\System32\MSASN1.dll
0x00007ff839cc0000 - 0x00007ff839ea2000 	C:\WINDOWS\System32\CRYPT32.dll
0x00007ff835590000 - 0x00007ff8355c0000 	C:\Windows\System32\PortableDeviceTypes.dll
0x00007ff812f70000 - 0x00007ff812fa7000 	C:\Windows\System32\EhStorShell.dll
0x00007ff827160000 - 0x00007ff827185000 	C:\Windows\System32\EhStorAPI.dll
0x00007ff837a50000 - 0x00007ff837a63000 	C:\Windows\System32\WTSAPI32.dll
0x00007ff82fb10000 - 0x00007ff82fb1d000 	C:\WINDOWS\SYSTEM32\LINKINFO.dll
0x00007ff832440000 - 0x00007ff8325ee000 	C:\WINDOWS\SYSTEM32\WindowsCodecs.dll
0x00007ff81e820000 - 0x00007ff81e878000 	C:\WINDOWS\system32\dataexchange.dll
0x00007ff835ed0000 - 0x00007ff8361db000 	C:\WINDOWS\system32\d3d11.dll
0x00007ff8369d0000 - 0x00007ff836b6c000 	C:\WINDOWS\system32\dcomp.dll
0x00007ff837d10000 - 0x00007ff837dcb000 	C:\WINDOWS\system32\dxgi.dll
0x00007ff8371d0000 - 0x00007ff837388000 	C:\WINDOWS\system32\twinapi.appcore.dll
0x00007ff8371a0000 - 0x00007ff8371c1000 	C:\WINDOWS\system32\RMCLIENT.dll
0x00007ff82af10000 - 0x00007ff82afa6000 	C:\WINDOWS\System32\TextInputFramework.dll
0x00007ff831f60000 - 0x00007ff83227e000 	C:\WINDOWS\System32\CoreUIComponents.dll
0x00007ff835900000 - 0x00007ff8359da000 	C:\WINDOWS\System32\CoreMessaging.dll
0x00007ff837f40000 - 0x00007ff837f71000 	C:\WINDOWS\SYSTEM32\ntmarta.dll
0x00007ff833630000 - 0x00007ff83377d000 	C:\WINDOWS\SYSTEM32\wintypes.dll
0x0000000073ac0000 - 0x0000000073aea000 	C:\Program Files\Java\jdk1.8.0_144\jre\bin\dcpr.dll
0x0000000070720000 - 0x00000000707f1000 	C:\Users\Chandika\AppData\Local\Temp\javacpp174258523758411\msvcr100.dll
0x0000000070680000 - 0x0000000070718000 	C:\Users\Chandika\AppData\Local\Temp\javacpp174258523758411\msvcp100.dll
0x0000000066840000 - 0x00000000676b4000 	C:\Users\Chandika\AppData\Local\Temp\javacpp174258523758411\opencv_ffmpeg248_64.dll
0x00007ff801dd0000 - 0x00007ff802042000 	C:\Users\Chandika\AppData\Local\Temp\javacpp174258523758411\opencv_core248.dll
0x00007ff800910000 - 0x00007ff800bc2000 	C:\Users\Chandika\AppData\Local\Temp\javacpp174258523758411\opencv_imgproc248.dll
0x00007ff802540000 - 0x00007ff80278d000 	C:\Users\Chandika\AppData\Local\Temp\javacpp174258523758411\opencv_highgui248.dll
0x00007ff822e20000 - 0x00007ff822e3f000 	C:\WINDOWS\SYSTEM32\AVIFIL32.dll
0x00007ff815380000 - 0x00007ff8153a9000 	C:\WINDOWS\SYSTEM32\MSVFW32.dll
0x00007ff82c760000 - 0x00007ff82c778000 	C:\WINDOWS\SYSTEM32\AVICAP32.dll
0x00007ff82a120000 - 0x00007ff82a13c000 	C:\WINDOWS\SYSTEM32\MSACM32.dll
0x00007ff82d0f0000 - 0x00007ff82d103000 	C:\Users\Chandika\AppData\Local\Temp\javacpp174258523758411\jniopencv_highgui.dll
0x00007ff815cf0000 - 0x00007ff815d07000 	C:\Windows\System32\devenum.dll
0x00007ff8349f0000 - 0x00007ff8349fa000 	C:\WINDOWS\SYSTEM32\msdmo.dll
0x00007ff81e890000 - 0x00007ff81e8c3000 	C:\Windows\System32\qcap.dll
0x00007ff8032b0000 - 0x00007ff80346d000 	C:\Windows\System32\quartz.dll
0x00007ff816230000 - 0x00007ff81627b000 	C:\Windows\System32\mfksproxy.dll
0x00007ff82df30000 - 0x00007ff82df4d000 	C:\Windows\System32\ATL.DLL
0x00007ff82da70000 - 0x00007ff82dc4b000 	C:\Windows\System32\MFPlat.DLL
0x00007ff8342a0000 - 0x00007ff8342ce000 	C:\Windows\System32\RTWorkQ.DLL
0x00007ff811140000 - 0x00007ff81118e000 	C:\Windows\System32\MFSENSORGROUP.dll
0x00007ff80e800000 - 0x00007ff80e848000 	C:\Windows\System32\ksproxy.ax
0x00007ff808950000 - 0x00007ff808ae7000 	C:\Windows\System32\d3d9.dll
0x00007ff834990000 - 0x00007ff834999000 	C:\Windows\System32\ksuser.dll
0x00007ff834b60000 - 0x00007ff834bdf000 	C:\WINDOWS\SYSTEM32\policymanager.dll
0x00007ff834cb0000 - 0x00007ff834d41000 	C:\Windows\System32\msvcp110_win.dll
0x00007ff82d980000 - 0x00007ff82d98c000 	C:\Windows\System32\vidcap.ax
0x00007ff81e9a0000 - 0x00007ff81e9c6000 	C:\Windows\System32\kswdmcap.ax
0x00007ff8007a0000 - 0x00007ff800904000 	C:\Windows\System32\MFC42.dll
0x00007ff80b120000 - 0x00007ff80b1bf000 	C:\Windows\System32\qedit.dll
0x00007ff83c4d0000 - 0x00007ff83c5bd000 	C:\WINDOWS\System32\COMDLG32.dll
0x00007ff8156d0000 - 0x00007ff8157c6000 	C:\Windows\System32\DDRAW.dll

VM Arguments:
jvm_args: -Dfile.encoding=UTF-8 
java_command: project.hostellerinterface
java_class_path (initial): C:\Program Files\NetBeans 8.2\ide\modules\ext\swingx-all-1.6.4.jar;C:\Users\Chandika\Desktop\Java\ConnectCodeBarcodeFontLibrary.jar;C:\Program Files\NetBeans 8.2\ide\modules\ext\mysql-connector-java-5.1.23-bin.jar;C:\Program Files\NetBeans 8.2\java\modules\ext\AbsoluteLayout.jar;C:\Users\Chandika\Desktop\mysql-connector-java-8.0.13\mysql-connector-java-8.0.13.jar;C:\javacv-cppjars\ffmpeg-2.1.1-windows-x86.jar;C:\javacv-cppjars\ffmpeg-2.1.1-windows-x86_64.jar;C:\javacv-cppjars\opencv-2.4.8-windows-x86.jar;C:\javacv-cppjars\opencv-2.4.8-windows-x86_64.jar;C:\javacv-bin\javacpp.jar;C:\javacv-bin\javacv-android-arm.jar;C:\javacv-bin\javacv-linux-x86.jar;C:\javacv-bin\javacv-linux-x86_64.jar;C:\javacv-bin\javacv-macosx-x86_64.jar;C:\javacv-bin\javacv-windows-x86.jar;C:\javacv-bin\javacv-windows-x86_64.jar;C:\javacv-bin\javacv.jar;I:\Interim\build\classes
Launcher Type: SUN_STANDARD

Environment Variables:
PATH=C:\ProgramData\Oracle\Java\javapath;C:\Program Files (x86)\Intel\iCLS Client\;C:\Program Files\Intel\iCLS Client\;C:\Windows\system32;C:\Windows;C:\Windows\System32\Wbem;C:\Windows\System32\WindowsPowerShell\v1.0\;C:\Program Files (x86)\Intel\Intel(R) Management Engine Components\DAL;C:\Program Files\Intel\Intel(R) Management Engine Components\DAL;C:\Program Files (x86)\Intel\Intel(R) Management Engine Components\IPT;C:\Program Files\Intel\Intel(R) Management Engine Components\IPT;C:\Program Files (x86)\NVIDIA Corporation\PhysX\Common;C:\Program Files (x86)\Windows Kits\8.1\Windows Performance Toolkit\;C:\Program Files\Microsoft SQL Server\110\Tools\Binn\;C:\Program Files (x86)\QuickTime\QTSystem\;C:\WINDOWS\system32;C:\WINDOWS;C:\WINDOWS\System32\Wbem;C:\WINDOWS\System32\WindowsPowerShell\v1.0\;C:\WINDOWS\System32\OpenSSH\;C:\Program Files\Java\jdk1.8.0_144\bin;C:\Program Files\nodejs\;C:\Program Files\Git\cmd;C:\opencv\build\x86\vc14\bin;C:\Ruby24-x64\bin;C:\Users\Chandika\AppData\Local\atom\bin;C:\intelFPGA_pro\17.0\modelsim_ase\win32aloem;C:\Users\Chandika\AppData\Local\Microsoft\WindowsApps;C:\Users\Chandika\AppData\Roaming\npm;C:\Users\Chandika\AppData\Local\Programs\Microsoft VS Code\bin
USERNAME=Chandika
OS=Windows_NT
PROCESSOR_IDENTIFIER=Intel64 Family 6 Model 142 Stepping 9, GenuineIntel



---------------  S Y S T E M  ---------------

OS: Windows 10.0 , 64 bit Build 17134 (10.0.17134.1)

CPU:total 4 (initial active 4) (2 cores per cpu, 2 threads per core) family 6 model 142 stepping 9, cmov, cx8, fxsr, mmx, sse, sse2, sse3, ssse3, sse4.1, sse4.2, popcnt, avx, avx2, aes, clmul, erms, 3dnowpref, lzcnt, ht, tsc, tscinvbit, bmi1, bmi2, adx

Memory: 4k page, physical 8266272k(3064912k free), swap 12329504k(3355404k free)

vm_info: Java HotSpot(TM) 64-Bit Server VM (25.144-b01) for windows-amd64 JRE (1.8.0_144-b01), built on Jul 21 2017 21:57:33 by "java_re" with MS VC++ 10.0 (VS2010)

time: Mon Dec 10 01:39:20 2018
elapsed time: 13 seconds (0d 0h 0m 13s)

