#
# A fatal error has been detected by the Java Runtime Environment:
#
#  EXCEPTION_ACCESS_VIOLATION (0xc0000005) at pc=0x00007ff83cb8d979, pid=6956, tid=0x000000000000388c
#
# JRE version: Java(TM) SE Runtime Environment (8.0_144-b01) (build 1.8.0_144-b01)
# Java VM: Java HotSpot(TM) 64-Bit Server VM (25.144-b01 mixed mode windows-amd64 compressed oops)
# Problematic frame:
# C  [ntdll.dll+0x1d979]
#
# Failed to write core dump. Minidumps are not enabled by default on client versions of Windows
#
# If you would like to submit a bug report, please visit:
#   http://bugreport.java.com/bugreport/crash.jsp
# The crash happened outside the Java Virtual Machine in native code.
# See problematic frame for where to report the bug.
#

---------------  T H R E A D  ---------------

Current thread (0x000000001cd15000):  JavaThread "Thread-3" [_thread_in_native, id=14476, stack(0x000000001d830000,0x000000001d930000)]

siginfo: ExceptionCode=0xc0000005, writing address 0x0000000000000024

Registers:
RAX=0xffffffffffffffff, RBX=0x00000000198218c8, RCX=0x0000000000000000, RDX=0xffffffffffffffff
RSP=0x000000001d92f530, RBP=0x000000001d92f5a0, RSI=0x0000000000000000, RDI=0x0000000000000000
R8 =0x0000000000000000, R9 =0x00007ff80623e600, R10=0x0000000000000000, R11=0x0000000000000246
R12=0x0000000000000000, R13=0x000000001c9b5eb0, R14=0x0000000000000000, R15=0x000000001cd15000
RIP=0x00007ff83cb8d979, EFLAGS=0x0000000000010213

Top of Stack: (sp=0x000000001d92f530)
0x000000001d92f530:   ffffffffffffffff 00000000198218c8
0x000000001d92f540:   000000001d92f5a8 00000000031a835d
0x000000001d92f550:   0000000000000000 00000000031a835d
0x000000001d92f560:   00000000d5fe1620 0000000000e73000
0x000000001d92f570:   000000001db377b2 000000001d92f5f0
0x000000001d92f580:   000000001db37b88 0000000000000000
0x000000001d92f590:   000000001db37800 00007ff838fd9252
0x000000001d92f5a0:   000000001cd15000 0000000000000001
0x000000001d92f5b0:   000000001c9b5eb0 0000000000000000
0x000000001d92f5c0:   0000000000000000 0000000000000000
0x000000001d92f5d0:   0000000000000001 00007ff83cb883e7
0x000000001d92f5e0:   0000000000000000 00000000198218c8
0x000000001d92f5f0:   00000000fffffffa 0000000000000000
0x000000001d92f600:   000000001d92f7e8 00007ff83cb88300
0x000000001d92f610:   00007ff80623e640 00007ff80623e600
0x000000001d92f620:   0000000000000000 0000000000000000 

Instructions: (pc=0x00007ff83cb8d979)
0x00007ff83cb8d959:   35 62 e5 13 00 4c 0f 45 f6 48 39 73 18 0f 84 b6
0x00007ff83cb8d969:   01 00 00 48 8b 0b 48 83 f9 ff 0f 84 b6 01 00 00
0x00007ff83cb8d979:   ff 41 24 48 8b 7b 18 44 8b ee 48 89 7d c0 e8 b4
0x00007ff83cb8d989:   2e ff ff 85 c0 0f 85 56 ca 08 00 b9 82 03 fe 7f 


Register to memory mapping:

RAX=0xffffffffffffffff is an unknown value
RBX=0x00000000198218c8 is an unknown value
RCX=0x0000000000000000 is an unknown value
RDX=0xffffffffffffffff is an unknown value
RSP=0x000000001d92f530 is pointing into the stack for thread: 0x000000001cd15000
RBP=0x000000001d92f5a0 is pointing into the stack for thread: 0x000000001cd15000
RSI=0x0000000000000000 is an unknown value
RDI=0x0000000000000000 is an unknown value
R8 =0x0000000000000000 is an unknown value
R9 =0x00007ff80623e600 is an unknown value
R10=0x0000000000000000 is an unknown value
R11=0x0000000000000246 is an unknown value
R12=0x0000000000000000 is an unknown value
R13=0x000000001c9b5eb0 is an unknown value
R14=0x0000000000000000 is an unknown value
R15=0x000000001cd15000 is a thread


Stack: [0x000000001d830000,0x000000001d930000],  sp=0x000000001d92f530,  free space=1021k
Native frames: (J=compiled Java code, j=interpreted, Vv=VM code, C=native code)
C  [ntdll.dll+0x1d979]
C  [ntdll.dll+0x183e7]
C  [ntdll.dll+0x18300]
C  [opencv_highgui248.dll+0x15963]
C  [opencv_highgui248.dll+0x16946]
C  [opencv_highgui248.dll+0x10b2]
C  [jniopencv_highgui.dll+0x75d9]
C  0x00000000031b7f74

Java frames: (J=compiled Java code, j=interpreted, Vv=VM code)
j  com.googlecode.javacv.cpp.opencv_highgui.cvQueryFrame(Lcom/googlecode/javacv/cpp/opencv_highgui$CvCapture;)Lcom/googlecode/javacv/cpp/opencv_core$IplImage;+0
j  project.hostellerinterface$30.run()V+66
v  ~StubRoutines::call_stub

---------------  P R O C E S S  ---------------

Java Threads: ( => current thread )
=>0x000000001cd15000 JavaThread "Thread-3" [_thread_in_native, id=14476, stack(0x000000001d830000,0x000000001d930000)]
  0x000000001a0e4000 JavaThread "Swing-Shell" daemon [_thread_blocked, id=1396, stack(0x000000001b500000,0x000000001b600000)]
  0x0000000002edd800 JavaThread "DestroyJavaVM" [_thread_blocked, id=11584, stack(0x0000000002fa0000,0x00000000030a0000)]
  0x0000000019e40000 JavaThread "AWT-EventQueue-0" [_thread_blocked, id=10272, stack(0x000000001b200000,0x000000001b300000)]
  0x0000000019ddb800 JavaThread "AWT-Windows" daemon [_thread_in_native, id=11708, stack(0x000000001a760000,0x000000001a860000)]
  0x0000000019a1e000 JavaThread "AWT-Shutdown" [_thread_blocked, id=14116, stack(0x000000001a660000,0x000000001a760000)]
  0x0000000019a1c800 JavaThread "Java2D Disposer" daemon [_thread_blocked, id=14868, stack(0x000000001a560000,0x000000001a660000)]
  0x0000000019655800 JavaThread "Service Thread" daemon [_thread_blocked, id=18940, stack(0x0000000019a20000,0x0000000019b20000)]
  0x0000000017ce1000 JavaThread "C1 CompilerThread2" daemon [_thread_blocked, id=18144, stack(0x0000000019520000,0x0000000019620000)]
  0x0000000017cd6000 JavaThread "C2 CompilerThread1" daemon [_thread_blocked, id=7156, stack(0x0000000019420000,0x0000000019520000)]
  0x0000000017ccf800 JavaThread "C2 CompilerThread0" daemon [_thread_blocked, id=19452, stack(0x0000000019320000,0x0000000019420000)]
  0x0000000017ccc000 JavaThread "Attach Listener" daemon [_thread_blocked, id=13172, stack(0x0000000019220000,0x0000000019320000)]
  0x0000000017cca800 JavaThread "Signal Dispatcher" daemon [_thread_blocked, id=18528, stack(0x0000000019120000,0x0000000019220000)]
  0x0000000017cba800 JavaThread "Finalizer" daemon [_thread_blocked, id=13668, stack(0x0000000018f30000,0x0000000019030000)]
  0x0000000003190000 JavaThread "Reference Handler" daemon [_thread_blocked, id=14120, stack(0x0000000018e30000,0x0000000018f30000)]

Other Threads:
  0x0000000017c97800 VMThread [stack: 0x0000000018d30000,0x0000000018e30000] [id=18388]
  0x000000001965c800 WatcherThread [stack: 0x0000000019b20000,0x0000000019c20000] [id=15752]

VM state:not at safepoint (normal execution)

VM Mutex/Monitor currently owned by a thread: None

Heap:
 PSYoungGen      total 37888K, used 6920K [0x00000000d5f00000, 0x00000000d8a00000, 0x0000000100000000)
  eden space 32768K, 5% used [0x00000000d5f00000,0x00000000d60c53d0,0x00000000d7f00000)
  from space 5120K, 99% used [0x00000000d7f80000,0x00000000d847d020,0x00000000d8480000)
  to   space 5632K, 0% used [0x00000000d8480000,0x00000000d8480000,0x00000000d8a00000)
 ParOldGen       total 87552K, used 7948K [0x0000000081c00000, 0x0000000087180000, 0x00000000d5f00000)
  object space 87552K, 9% used [0x0000000081c00000,0x00000000823c3278,0x0000000087180000)
 Metaspace       used 16132K, capacity 16410K, committed 16768K, reserved 1064960K
  class space    used 2012K, capacity 2113K, committed 2176K, reserved 1048576K

Card table byte_map: [0x0000000012560000,0x0000000012960000] byte_map_base: 0x0000000012152000

Marking Bits: (ParMarkBitMap*) 0x00000000746fd850
 Begin Bits: [0x0000000013010000, 0x0000000014fa0000)
 End Bits:   [0x0000000014fa0000, 0x0000000016f30000)

Polling page: 0x0000000001620000

CodeCache: size=245760Kb used=6710Kb max_used=6741Kb free=239049Kb
 bounds [0x00000000031a0000, 0x0000000003840000, 0x00000000121a0000]
 total_blobs=2575 nmethods=2036 adapters=450
 compilation: enabled

Compilation events (10 events):
Event: 15.863 Thread 0x0000000017ce1000 2053       1       sun.awt.image.ByteInterleavedRaster::getDataStorage (5 bytes)
Event: 15.863 Thread 0x0000000017ce1000 nmethod 2053 0x0000000003838450 code [0x00000000038385a0, 0x00000000038386b0]
Event: 15.863 Thread 0x0000000017ce1000 2054       1       sun.awt.image.ByteInterleavedRaster::getPixelStride (5 bytes)
Event: 15.863 Thread 0x0000000017ce1000 nmethod 2054 0x0000000003838710 code [0x0000000003838860, 0x0000000003838970]
Event: 15.863 Thread 0x0000000017ce1000 2055       1       sun.awt.image.ByteInterleavedRaster::getScanlineStride (5 bytes)
Event: 15.863 Thread 0x0000000017ce1000 nmethod 2055 0x00000000038389d0 code [0x0000000003838b20, 0x0000000003838c30]
Event: 16.203 Thread 0x0000000017ce1000 2056       3       java.awt.Component::getBounds (5 bytes)
Event: 16.203 Thread 0x0000000017ce1000 nmethod 2056 0x0000000003838c90 code [0x0000000003838e20, 0x0000000003839250]
Event: 16.204 Thread 0x0000000017ce1000 2057       3       java.awt.Component::bounds (24 bytes)
Event: 16.204 Thread 0x0000000017ce1000 nmethod 2057 0x00000000032c3550 code [0x00000000032c36c0, 0x00000000032c3a10]

GC Heap History (10 events):
Event: 11.293 GC heap before
{Heap before GC invocations=1 (full 0):
 PSYoungGen      total 38400K, used 33280K [0x00000000d5f00000, 0x00000000d8980000, 0x0000000100000000)
  eden space 33280K, 100% used [0x00000000d5f00000,0x00000000d7f80000,0x00000000d7f80000)
  from space 5120K, 0% used [0x00000000d8480000,0x00000000d8480000,0x00000000d8980000)
  to   space 5120K, 0% used [0x00000000d7f80000,0x00000000d7f80000,0x00000000d8480000)
 ParOldGen       total 87552K, used 0K [0x0000000081c00000, 0x0000000087180000, 0x00000000d5f00000)
  object space 87552K, 0% used [0x0000000081c00000,0x0000000081c00000,0x0000000087180000)
 Metaspace       used 15898K, capacity 16122K, committed 16512K, reserved 1062912K
  class space    used 2002K, capacity 2081K, committed 2176K, reserved 1048576K
Event: 11.304 GC heap after
Heap after GC invocations=1 (full 0):
 PSYoungGen      total 38400K, used 4418K [0x00000000d5f00000, 0x00000000d8980000, 0x0000000100000000)
  eden space 33280K, 0% used [0x00000000d5f00000,0x00000000d5f00000,0x00000000d7f80000)
  from space 5120K, 86% used [0x00000000d7f80000,0x00000000d83d0998,0x00000000d8480000)
  to   space 5120K, 0% used [0x00000000d8480000,0x00000000d8480000,0x00000000d8980000)
 ParOldGen       total 87552K, used 7372K [0x0000000081c00000, 0x0000000087180000, 0x00000000d5f00000)
  object space 87552K, 8% used [0x0000000081c00000,0x0000000082333228,0x0000000087180000)
 Metaspace       used 15898K, capacity 16122K, committed 16512K, reserved 1062912K
  class space    used 2002K, capacity 2081K, committed 2176K, reserved 1048576K
}
Event: 12.660 GC heap before
{Heap before GC invocations=2 (full 0):
 PSYoungGen      total 38400K, used 36968K [0x00000000d5f00000, 0x00000000d8980000, 0x0000000100000000)
  eden space 33280K, 97% used [0x00000000d5f00000,0x00000000d7ec9a40,0x00000000d7f80000)
  from space 5120K, 86% used [0x00000000d7f80000,0x00000000d83d0998,0x00000000d8480000)
  to   space 5120K, 0% used [0x00000000d8480000,0x00000000d8480000,0x00000000d8980000)
 ParOldGen       total 87552K, used 7372K [0x0000000081c00000, 0x0000000087180000, 0x00000000d5f00000)
  object space 87552K, 8% used [0x0000000081c00000,0x0000000082333228,0x0000000087180000)
 Metaspace       used 16027K, capacity 16282K, committed 16512K, reserved 1062912K
  class space    used 2007K, capacity 2113K, committed 2176K, reserved 1048576K
Event: 12.665 GC heap after
Heap after GC invocations=2 (full 0):
 PSYoungGen      total 38400K, used 5094K [0x00000000d5f00000, 0x00000000d8980000, 0x0000000100000000)
  eden space 33280K, 0% used [0x00000000d5f00000,0x00000000d5f00000,0x00000000d7f80000)
  from space 5120K, 99% used [0x00000000d8480000,0x00000000d8979828,0x00000000d8980000)
  to   space 5120K, 0% used [0x00000000d7f80000,0x00000000d7f80000,0x00000000d8480000)
 ParOldGen       total 87552K, used 7827K [0x0000000081c00000, 0x0000000087180000, 0x00000000d5f00000)
  object space 87552K, 8% used [0x0000000081c00000,0x00000000823a4e88,0x0000000087180000)
 Metaspace       used 16027K, capacity 16282K, committed 16512K, reserved 1062912K
  class space    used 2007K, capacity 2113K, committed 2176K, reserved 1048576K
}
Event: 13.844 GC heap before
{Heap before GC invocations=3 (full 0):
 PSYoungGen      total 38400K, used 38288K [0x00000000d5f00000, 0x00000000d8980000, 0x0000000100000000)
  eden space 33280K, 99% used [0x00000000d5f00000,0x00000000d7f6a960,0x00000000d7f80000)
  from space 5120K, 99% used [0x00000000d8480000,0x00000000d8979828,0x00000000d8980000)
  to   space 5120K, 0% used [0x00000000d7f80000,0x00000000d7f80000,0x00000000d8480000)
 ParOldGen       total 87552K, used 7827K [0x0000000081c00000, 0x0000000087180000, 0x00000000d5f00000)
  object space 87552K, 8% used [0x0000000081c00000,0x00000000823a4e88,0x0000000087180000)
 Metaspace       used 16033K, capacity 16282K, committed 16512K, reserved 1062912K
  class space    used 2007K, capacity 2113K, committed 2176K, reserved 1048576K
Event: 13.848 GC heap after
Heap after GC invocations=3 (full 0):
 PSYoungGen      total 38400K, used 5094K [0x00000000d5f00000, 0x00000000d8980000, 0x0000000100000000)
  eden space 33280K, 0% used [0x00000000d5f00000,0x00000000d5f00000,0x00000000d7f80000)
  from space 5120K, 99% used [0x00000000d7f80000,0x00000000d8479828,0x00000000d8480000)
  to   space 5120K, 0% used [0x00000000d8480000,0x00000000d8480000,0x00000000d8980000)
 ParOldGen       total 87552K, used 7867K [0x0000000081c00000, 0x0000000087180000, 0x00000000d5f00000)
  object space 87552K, 8% used [0x0000000081c00000,0x00000000823aee88,0x0000000087180000)
 Metaspace       used 16033K, capacity 16282K, committed 16512K, reserved 1062912K
  class space    used 2007K, capacity 2113K, committed 2176K, reserved 1048576K
}
Event: 15.012 GC heap before
{Heap before GC invocations=4 (full 0):
 PSYoungGen      total 38400K, used 37875K [0x00000000d5f00000, 0x00000000d8980000, 0x0000000100000000)
  eden space 33280K, 98% used [0x00000000d5f00000,0x00000000d7f035c0,0x00000000d7f80000)
  from space 5120K, 99% used [0x00000000d7f80000,0x00000000d8479828,0x00000000d8480000)
  to   space 5120K, 0% used [0x00000000d8480000,0x00000000d8480000,0x00000000d8980000)
 ParOldGen       total 87552K, used 7867K [0x0000000081c00000, 0x0000000087180000, 0x00000000d5f00000)
  object space 87552K, 8% used [0x0000000081c00000,0x00000000823aee88,0x0000000087180000)
 Metaspace       used 16052K, capacity 16282K, committed 16512K, reserved 1062912K
  class space    used 2007K, capacity 2113K, committed 2176K, reserved 1048576K
Event: 15.016 GC heap after
Heap after GC invocations=4 (full 0):
 PSYoungGen      total 38400K, used 5108K [0x00000000d5f00000, 0x00000000d8980000, 0x0000000100000000)
  eden space 33280K, 0% used [0x00000000d5f00000,0x00000000d5f00000,0x00000000d7f80000)
  from space 5120K, 99% used [0x00000000d8480000,0x00000000d897d020,0x00000000d8980000)
  to   space 5120K, 0% used [0x00000000d7f80000,0x00000000d7f80000,0x00000000d8480000)
 ParOldGen       total 87552K, used 7891K [0x0000000081c00000, 0x0000000087180000, 0x00000000d5f00000)
  object space 87552K, 9% used [0x0000000081c00000,0x00000000823b4e88,0x0000000087180000)
 Metaspace       used 16052K, capacity 16282K, committed 16512K, reserved 1062912K
  class space    used 2007K, capacity 2113K, committed 2176K, reserved 1048576K
}
Event: 16.196 GC heap before
{Heap before GC invocations=5 (full 0):
 PSYoungGen      total 38400K, used 37871K [0x00000000d5f00000, 0x00000000d8980000, 0x0000000100000000)
  eden space 33280K, 98% used [0x00000000d5f00000,0x00000000d7efeed8,0x00000000d7f80000)
  from space 5120K, 99% used [0x00000000d8480000,0x00000000d897d020,0x00000000d8980000)
  to   space 5120K, 0% used [0x00000000d7f80000,0x00000000d7f80000,0x00000000d8480000)
 ParOldGen       total 87552K, used 7891K [0x0000000081c00000, 0x0000000087180000, 0x00000000d5f00000)
  object space 87552K, 9% used [0x0000000081c00000,0x00000000823b4e88,0x0000000087180000)
 Metaspace       used 16131K, capacity 16410K, committed 16768K, reserved 1064960K
  class space    used 2012K, capacity 2113K, committed 2176K, reserved 1048576K
Event: 16.200 GC heap after
Heap after GC invocations=5 (full 0):
 PSYoungGen      total 37888K, used 5108K [0x00000000d5f00000, 0x00000000d8a00000, 0x0000000100000000)
  eden space 32768K, 0% used [0x00000000d5f00000,0x00000000d5f00000,0x00000000d7f00000)
  from space 5120K, 99% used [0x00000000d7f80000,0x00000000d847d020,0x00000000d8480000)
  to   space 5632K, 0% used [0x00000000d8480000,0x00000000d8480000,0x00000000d8a00000)
 ParOldGen       total 87552K, used 7948K [0x0000000081c00000, 0x0000000087180000, 0x00000000d5f00000)
  object space 87552K, 9% used [0x0000000081c00000,0x00000000823c3278,0x0000000087180000)
 Metaspace       used 16131K, capacity 16410K, committed 16768K, reserved 1064960K
  class space    used 2012K, capacity 2113K, committed 2176K, reserved 1048576K
}

Deoptimization events (10 events):
Event: 1.472 Thread 0x0000000019e40000 Uncommon trap: reason=bimorphic action=maybe_recompile pc=0x0000000003465228 method=java.util.concurrent.locks.AbstractQueuedSynchronizer.release(I)Z @ 2
Event: 1.480 Thread 0x0000000019e40000 Uncommon trap: reason=bimorphic action=maybe_recompile pc=0x0000000003465228 method=java.util.concurrent.locks.AbstractQueuedSynchronizer.release(I)Z @ 2
Event: 1.500 Thread 0x0000000019e40000 Uncommon trap: reason=bimorphic action=maybe_recompile pc=0x0000000003465228 method=java.util.concurrent.locks.AbstractQueuedSynchronizer.release(I)Z @ 2
Event: 1.503 Thread 0x0000000019e40000 Uncommon trap: reason=bimorphic action=maybe_recompile pc=0x0000000003465228 method=java.util.concurrent.locks.AbstractQueuedSynchronizer.release(I)Z @ 2
Event: 1.570 Thread 0x0000000019e40000 Uncommon trap: reason=unstable_if action=reinterpret pc=0x00000000034f78e4 method=sun.awt.SunToolkit.getAppContext(Ljava/lang/Object;)Lsun/awt/AppContext; @ 4
Event: 1.606 Thread 0x0000000019e40000 Uncommon trap: reason=unstable_if action=reinterpret pc=0x00000000034e5984 method=javax.swing.JComponent.getClientProperty(Ljava/lang/Object;)Ljava/lang/Object; @ 16
Event: 5.784 Thread 0x0000000019e40000 Uncommon trap: reason=null_check action=make_not_entrant pc=0x000000000355c958 method=java.awt.Component.isLightweight()Z @ 4
Event: 16.200 Thread 0x0000000017cba800 Uncommon trap: reason=unstable_if action=reinterpret pc=0x0000000003544b78 method=java.util.concurrent.locks.ReentrantLock$Sync.tryRelease(I)Z @ 28
Event: 16.200 Thread 0x0000000017cba800 Uncommon trap: reason=unstable_if action=reinterpret pc=0x0000000003466bc0 method=java.util.concurrent.locks.ReentrantLock$Sync.tryRelease(I)Z @ 28
Event: 16.200 Thread 0x0000000017cba800 Uncommon trap: reason=unstable_if action=reinterpret pc=0x00000000035c4f18 method=java.util.concurrent.locks.AbstractQueuedSynchronizer.release(I)Z @ 5

Internal exceptions (10 events):
Event: 0.397 Thread 0x0000000002edd800 Exception <a 'java/lang/ClassNotFoundException': ToggleButton> (0x00000000d6391100) thrown at [C:\re\workspace\8-2-build-windows-amd64-cygwin\jdk8u144\9417\hotspot\src\share\vm\classfile\systemDictionary.cpp, line 210]
Event: 0.397 Thread 0x0000000002edd800 Exception <a 'java/lang/ClassNotFoundException': javax/swing/JToolBarSeparator> (0x00000000d6391560) thrown at [C:\re\workspace\8-2-build-windows-amd64-cygwin\jdk8u144\9417\hotspot\src\share\vm\classfile\systemDictionary.cpp, line 210]
Event: 0.397 Thread 0x0000000002edd800 Exception <a 'java/lang/ClassNotFoundException': ToolBarSeparator> (0x00000000d63919f8) thrown at [C:\re\workspace\8-2-build-windows-amd64-cygwin\jdk8u144\9417\hotspot\src\share\vm\classfile\systemDictionary.cpp, line 210]
Event: 0.397 Thread 0x0000000002edd800 Exception <a 'java/lang/ClassNotFoundException': ToolTip> (0x00000000d6392138) thrown at [C:\re\workspace\8-2-build-windows-amd64-cygwin\jdk8u144\9417\hotspot\src\share\vm\classfile\systemDictionary.cpp, line 210]
Event: 0.399 Thread 0x0000000002edd800 Exception <a 'java/lang/ClassNotFoundException': Tree> (0x00000000d6392d58) thrown at [C:\re\workspace\8-2-build-windows-amd64-cygwin\jdk8u144\9417\hotspot\src\share\vm\classfile\systemDictionary.cpp, line 210]
Event: 0.399 Thread 0x0000000002edd800 Exception <a 'java/lang/ClassNotFoundException': Tree> (0x00000000d6393498) thrown at [C:\re\workspace\8-2-build-windows-amd64-cygwin\jdk8u144\9417\hotspot\src\share\vm\classfile\systemDictionary.cpp, line 210]
Event: 0.399 Thread 0x0000000002edd800 Exception <a 'java/lang/ClassNotFoundException': javax/swing/JTreeCell> (0x00000000d6393818) thrown at [C:\re\workspace\8-2-build-windows-amd64-cygwin\jdk8u144\9417\hotspot\src\share\vm\classfile\systemDictionary.cpp, line 210]
Event: 0.399 Thread 0x0000000002edd800 Exception <a 'java/lang/ClassNotFoundException': TreeCell> (0x00000000d6393ca0) thrown at [C:\re\workspace\8-2-build-windows-amd64-cygwin\jdk8u144\9417\hotspot\src\share\vm\classfile\systemDictionary.cpp, line 210]
Event: 0.400 Thread 0x0000000002edd800 Exception <a 'java/lang/ClassNotFoundException': RootPane> (0x00000000d6394658) thrown at [C:\re\workspace\8-2-build-windows-amd64-cygwin\jdk8u144\9417\hotspot\src\share\vm\classfile\systemDictionary.cpp, line 210]
Event: 5.784 Thread 0x0000000019e40000 Implicit null exception at 0x000000000355c8f0 to 0x000000000355c94b

Events (10 events):
Event: 16.203 Thread 0x0000000017ce1000 flushing nmethod 0x00000000032b1f10
Event: 16.203 Thread 0x0000000017ce1000 flushing nmethod 0x00000000032bc510
Event: 16.203 Thread 0x0000000017ce1000 flushing nmethod 0x00000000032c0210
Event: 16.203 Thread 0x0000000017ce1000 flushing nmethod 0x00000000032c3550
Event: 16.203 Thread 0x0000000017ce1000 flushing nmethod 0x00000000032c58d0
Event: 16.204 Thread 0x0000000017ce1000 flushing nmethod 0x00000000032da090
Event: 16.204 Thread 0x0000000017ce1000 flushing nmethod 0x00000000032da690
Event: 16.204 Thread 0x0000000017ce1000 flushing nmethod 0x00000000033162d0
Event: 16.204 Thread 0x0000000017ce1000 flushing nmethod 0x000000000331a2d0
Event: 16.204 Thread 0x0000000017ce1000 flushing nmethod 0x000000000331ac10


Dynamic libraries:
0x00007ff7854f0000 - 0x00007ff785527000 	C:\Program Files\Java\jdk1.8.0_144\bin\java.exe
0x00007ff83cb70000 - 0x00007ff83cd51000 	C:\WINDOWS\SYSTEM32\ntdll.dll
0x00007ff83a5a0000 - 0x00007ff83a652000 	C:\WINDOWS\System32\KERNEL32.DLL
0x00007ff838fa0000 - 0x00007ff839213000 	C:\WINDOWS\System32\KERNELBASE.dll
0x00007ff83c380000 - 0x00007ff83c421000 	C:\WINDOWS\System32\ADVAPI32.dll
0x00007ff83c430000 - 0x00007ff83c4ce000 	C:\WINDOWS\System32\msvcrt.dll
0x00007ff83a000000 - 0x00007ff83a05b000 	C:\WINDOWS\System32\sechost.dll
0x00007ff83c0a0000 - 0x00007ff83c1c4000 	C:\WINDOWS\System32\RPCRT4.dll
0x00007ff83bf10000 - 0x00007ff83c0a0000 	C:\WINDOWS\System32\USER32.dll
0x00007ff839a00000 - 0x00007ff839a20000 	C:\WINDOWS\System32\win32u.dll
0x00007ff83c970000 - 0x00007ff83c998000 	C:\WINDOWS\System32\GDI32.dll
0x00007ff839b20000 - 0x00007ff839cb2000 	C:\WINDOWS\System32\gdi32full.dll
0x00007ff839eb0000 - 0x00007ff839f4f000 	C:\WINDOWS\System32\msvcp_win.dll
0x00007ff839a20000 - 0x00007ff839b1a000 	C:\WINDOWS\System32\ucrtbase.dll
0x00007ff82cb40000 - 0x00007ff82cda9000 	C:\WINDOWS\WinSxS\amd64_microsoft.windows.common-controls_6595b64144ccf1df_6.0.17134.407_none_fb449d63306391e9\COMCTL32.dll
0x00007ff83a270000 - 0x00007ff83a592000 	C:\WINDOWS\System32\combase.dll
0x00007ff839930000 - 0x00007ff8399aa000 	C:\WINDOWS\System32\bcryptPrimitives.dll
0x00007ff83c890000 - 0x00007ff83c8bd000 	C:\WINDOWS\System32\IMM32.DLL
0x0000000073e00000 - 0x0000000073ed2000 	C:\Program Files\Java\jdk1.8.0_144\jre\bin\msvcr100.dll
0x0000000073ee0000 - 0x000000007477d000 	C:\Program Files\Java\jdk1.8.0_144\jre\bin\server\jvm.dll
0x00007ff83a100000 - 0x00007ff83a108000 	C:\WINDOWS\System32\PSAPI.DLL
0x00007ff837a70000 - 0x00007ff837a79000 	C:\WINDOWS\SYSTEM32\WSOCK32.dll
0x00007ff835040000 - 0x00007ff835063000 	C:\WINDOWS\SYSTEM32\WINMM.dll
0x00007ff82de10000 - 0x00007ff82de1a000 	C:\WINDOWS\SYSTEM32\VERSION.dll
0x00007ff83ca00000 - 0x00007ff83ca6c000 	C:\WINDOWS\System32\WS2_32.dll
0x00007ff834fd0000 - 0x00007ff834ffa000 	C:\WINDOWS\SYSTEM32\winmmbase.dll
0x00007ff8399b0000 - 0x00007ff8399f9000 	C:\WINDOWS\System32\cfgmgr32.dll
0x0000000073df0000 - 0x0000000073dff000 	C:\Program Files\Java\jdk1.8.0_144\jre\bin\verify.dll
0x0000000073dc0000 - 0x0000000073de9000 	C:\Program Files\Java\jdk1.8.0_144\jre\bin\java.dll
0x0000000073da0000 - 0x0000000073db6000 	C:\Program Files\Java\jdk1.8.0_144\jre\bin\zip.dll
0x00007ff83aab0000 - 0x00007ff83beef000 	C:\WINDOWS\System32\SHELL32.dll
0x00007ff83c8c0000 - 0x00007ff83c969000 	C:\WINDOWS\System32\shcore.dll
0x00007ff839220000 - 0x00007ff83992d000 	C:\WINDOWS\System32\windows.storage.dll
0x00007ff83c7a0000 - 0x00007ff83c7f1000 	C:\WINDOWS\System32\shlwapi.dll
0x00007ff838f00000 - 0x00007ff838f11000 	C:\WINDOWS\System32\kernel.appcore.dll
0x00007ff838ee0000 - 0x00007ff838eff000 	C:\WINDOWS\System32\profapi.dll
0x00007ff838e80000 - 0x00007ff838ecc000 	C:\WINDOWS\System32\powrprof.dll
0x00007ff838ed0000 - 0x00007ff838eda000 	C:\WINDOWS\System32\FLTLIB.DLL
0x0000000073bc0000 - 0x0000000073d58000 	C:\Program Files\Java\jdk1.8.0_144\jre\bin\awt.dll
0x00007ff83ca70000 - 0x00007ff83cb32000 	C:\WINDOWS\System32\OLEAUT32.dll
0x00007ff836fd0000 - 0x00007ff83705b000 	C:\WINDOWS\SYSTEM32\apphelp.dll
0x00007ff8370d0000 - 0x00007ff837168000 	C:\WINDOWS\system32\uxtheme.dll
0x00007ff83c620000 - 0x00007ff83c793000 	C:\WINDOWS\System32\MSCTF.dll
0x00007ff8374a0000 - 0x00007ff8374c9000 	C:\WINDOWS\system32\dwmapi.dll
0x00007ff83a110000 - 0x00007ff83a261000 	C:\WINDOWS\System32\ole32.dll
0x0000000073b70000 - 0x0000000073bb7000 	C:\Program Files\Java\jdk1.8.0_144\jre\bin\fontmanager.dll
0x00007ff8274b0000 - 0x00007ff8275d0000 	C:\WINDOWS\system32\opengl32.dll
0x00007ff82f7b0000 - 0x00007ff82f7dc000 	C:\WINDOWS\SYSTEM32\GLU32.dll
0x00007ff834300000 - 0x00007ff8343a7000 	C:\WINDOWS\WinSxS\amd64_microsoft.windows.common-controls_6595b64144ccf1df_5.82.17134.407_none_f94e16e330999300\comctl32.dll
0x0000000073d80000 - 0x0000000073d9a000 	C:\Program Files\Java\jdk1.8.0_144\jre\bin\net.dll
0x00007ff838700000 - 0x00007ff838766000 	C:\WINDOWS\system32\mswsock.dll
0x0000000073d60000 - 0x0000000073d71000 	C:\Program Files\Java\jdk1.8.0_144\jre\bin\nio.dll
0x0000000073b20000 - 0x0000000073b62000 	C:\Program Files\Java\jdk1.8.0_144\jre\bin\t2k.dll
0x00007ff83a060000 - 0x00007ff83a100000 	C:\WINDOWS\System32\clbcatq.dll
0x00007ff835740000 - 0x00007ff8358f4000 	C:\WINDOWS\SYSTEM32\PROPSYS.dll
0x00007ff82fdb0000 - 0x00007ff83044b000 	C:\Windows\System32\OneCoreUAPCommonProxyStub.dll
0x00007ff81bf90000 - 0x00007ff81c0b7000 	C:\WINDOWS\system32\NetworkExplorer.dll
0x00007ff821f70000 - 0x00007ff821f8a000 	C:\WINDOWS\SYSTEM32\MPR.dll
0x00007ff82bb70000 - 0x00007ff82bb7b000 	C:\WINDOWS\System32\drprov.dll
0x00007ff837fe0000 - 0x00007ff838036000 	C:\WINDOWS\System32\WINSTA.dll
0x00007ff82ab70000 - 0x00007ff82ab86000 	C:\WINDOWS\System32\ntlanman.dll
0x00007ff82a5a0000 - 0x00007ff82a5bd000 	C:\WINDOWS\System32\davclnt.dll
0x00007ff82a150000 - 0x00007ff82a15c000 	C:\WINDOWS\System32\DAVHLPR.dll
0x00007ff833260000 - 0x00007ff833277000 	C:\WINDOWS\System32\wkscli.dll
0x00007ff8389e0000 - 0x00007ff838a05000 	C:\WINDOWS\System32\bcrypt.dll
0x00007ff81b800000 - 0x00007ff81b812000 	C:\WINDOWS\SYSTEM32\cscapi.dll
0x00007ff8384c0000 - 0x00007ff8384ce000 	C:\WINDOWS\System32\netutils.dll
0x00007ff805390000 - 0x00007ff8053da000 	C:\Windows\System32\dlnashext.dll
0x00007ff805320000 - 0x00007ff805383000 	C:\Windows\System32\PlayToDevice.dll
0x00007ff81f1f0000 - 0x00007ff81f20e000 	C:\Windows\System32\DevDispItemProvider.dll
0x00007ff82df60000 - 0x00007ff82dfd6000 	C:\WINDOWS\System32\MMDevApi.dll
0x00007ff838cb0000 - 0x00007ff838cd7000 	C:\WINDOWS\System32\DEVOBJ.dll
0x00007ff81c0c0000 - 0x00007ff81c2a1000 	C:\WINDOWS\system32\wpdshext.dll
0x00007ff831cc0000 - 0x00007ff831e5a000 	C:\WINDOWS\WinSxS\amd64_microsoft.windows.gdiplus_6595b64144ccf1df_1.1.17134.407_none_2c2f90488af60bb7\gdiplus.dll
0x00007ff834f00000 - 0x00007ff834f9c000 	C:\Windows\System32\PortableDeviceApi.dll
0x00007ff83a660000 - 0x00007ff83aaab000 	C:\WINDOWS\System32\SETUPAPI.dll
0x00007ff838f40000 - 0x00007ff838f97000 	C:\WINDOWS\System32\WINTRUST.dll
0x00007ff838f20000 - 0x00007ff838f32000 	C:\WINDOWS\System32\MSASN1.dll
0x00007ff839cc0000 - 0x00007ff839ea2000 	C:\WINDOWS\System32\CRYPT32.dll
0x00007ff835590000 - 0x00007ff8355c0000 	C:\Windows\System32\PortableDeviceTypes.dll
0x00007ff8213c0000 - 0x00007ff8213f7000 	C:\Windows\System32\EhStorShell.dll
0x00007ff829ec0000 - 0x00007ff829ee5000 	C:\Windows\System32\EhStorAPI.dll
0x00007ff837a50000 - 0x00007ff837a63000 	C:\Windows\System32\WTSAPI32.dll
0x00007ff82fb10000 - 0x00007ff82fb1d000 	C:\WINDOWS\SYSTEM32\LINKINFO.dll
0x00007ff832440000 - 0x00007ff8325ee000 	C:\WINDOWS\SYSTEM32\WindowsCodecs.dll
0x00007ff827150000 - 0x00007ff8271a8000 	C:\WINDOWS\system32\dataexchange.dll
0x00007ff8369d0000 - 0x00007ff836b6c000 	C:\WINDOWS\system32\dcomp.dll
0x00007ff835ed0000 - 0x00007ff8361db000 	C:\WINDOWS\system32\d3d11.dll
0x00007ff837d10000 - 0x00007ff837dcb000 	C:\WINDOWS\system32\dxgi.dll
0x00007ff8371d0000 - 0x00007ff837388000 	C:\WINDOWS\system32\twinapi.appcore.dll
0x00007ff8371a0000 - 0x00007ff8371c1000 	C:\WINDOWS\system32\RMCLIENT.dll
0x00007ff82af10000 - 0x00007ff82afa6000 	C:\WINDOWS\System32\TextInputFramework.dll
0x00007ff835900000 - 0x00007ff8359da000 	C:\WINDOWS\System32\CoreMessaging.dll
0x00007ff831f60000 - 0x00007ff83227e000 	C:\WINDOWS\System32\CoreUIComponents.dll
0x00007ff837f40000 - 0x00007ff837f71000 	C:\WINDOWS\SYSTEM32\ntmarta.dll
0x00007ff833630000 - 0x00007ff83377d000 	C:\WINDOWS\SYSTEM32\wintypes.dll
0x0000000073ae0000 - 0x0000000073b0a000 	C:\Program Files\Java\jdk1.8.0_144\jre\bin\dcpr.dll
0x0000000071160000 - 0x0000000071231000 	C:\Users\Chandika\AppData\Local\Temp\javacpp204291074729287\msvcr100.dll
0x0000000070980000 - 0x0000000070a18000 	C:\Users\Chandika\AppData\Local\Temp\javacpp204291074729287\msvcp100.dll
0x0000000066840000 - 0x00000000676b4000 	C:\Users\Chandika\AppData\Local\Temp\javacpp204291074729287\opencv_ffmpeg248_64.dll
0x00007ff806520000 - 0x00007ff806792000 	C:\Users\Chandika\AppData\Local\Temp\javacpp204291074729287\opencv_core248.dll
0x00007ff806260000 - 0x00007ff806512000 	C:\Users\Chandika\AppData\Local\Temp\javacpp204291074729287\opencv_imgproc248.dll
0x00007ff806010000 - 0x00007ff80625d000 	C:\Users\Chandika\AppData\Local\Temp\javacpp204291074729287\opencv_highgui248.dll
0x00007ff833240000 - 0x00007ff83325f000 	C:\WINDOWS\SYSTEM32\AVIFIL32.dll
0x00007ff82fae0000 - 0x00007ff82fb09000 	C:\WINDOWS\SYSTEM32\MSVFW32.dll
0x00007ff833220000 - 0x00007ff833238000 	C:\WINDOWS\SYSTEM32\AVICAP32.dll
0x00007ff820680000 - 0x00007ff82069c000 	C:\WINDOWS\SYSTEM32\MSACM32.dll
0x00007ff832ce0000 - 0x00007ff832cf3000 	C:\Users\Chandika\AppData\Local\Temp\javacpp204291074729287\jniopencv_highgui.dll
0x00007ff82fa10000 - 0x00007ff82fa27000 	C:\Windows\System32\devenum.dll
0x00007ff82d870000 - 0x00007ff82d87a000 	C:\WINDOWS\SYSTEM32\msdmo.dll
0x00007ff82f9d0000 - 0x00007ff82fa03000 	C:\Windows\System32\qcap.dll
0x00007ff8070e0000 - 0x00007ff80729d000 	C:\Windows\System32\quartz.dll
0x00007ff82d100000 - 0x00007ff82d14b000 	C:\Windows\System32\mfksproxy.dll
0x00007ff82df30000 - 0x00007ff82df4d000 	C:\Windows\System32\ATL.DLL
0x00007ff82cec0000 - 0x00007ff82d09b000 	C:\Windows\System32\MFPlat.DLL
0x00007ff831c10000 - 0x00007ff831c3e000 	C:\Windows\System32\RTWorkQ.DLL
0x00007ff82bd00000 - 0x00007ff82bd4e000 	C:\Windows\System32\MFSENSORGROUP.dll
0x00007ff8271e0000 - 0x00007ff827228000 	C:\Windows\System32\ksproxy.ax
0x00007ff8349b0000 - 0x00007ff8349b9000 	C:\Windows\System32\ksuser.dll
0x00007ff808d50000 - 0x00007ff808ee7000 	C:\Windows\System32\d3d9.dll
0x00007ff834b60000 - 0x00007ff834bdf000 	C:\WINDOWS\SYSTEM32\policymanager.dll
0x00007ff834cb0000 - 0x00007ff834d41000 	C:\Windows\System32\msvcp110_win.dll
0x00007ff835a40000 - 0x00007ff835a4c000 	C:\Windows\System32\vidcap.ax
0x00007ff82d990000 - 0x00007ff82d9b6000 	C:\Windows\System32\kswdmcap.ax
0x00007ff81c6a0000 - 0x00007ff81c804000 	C:\Windows\System32\MFC42.dll
0x00007ff811e30000 - 0x00007ff811ecf000 	C:\Windows\System32\qedit.dll
0x00007ff83c4d0000 - 0x00007ff83c5bd000 	C:\WINDOWS\System32\COMDLG32.dll
0x00007ff81c350000 - 0x00007ff81c446000 	C:\Windows\System32\DDRAW.dll

VM Arguments:
jvm_args: -Dfile.encoding=UTF-8 
java_command: project.hostellerinterface
java_class_path (initial): C:\Program Files\NetBeans 8.2\ide\modules\ext\swingx-all-1.6.4.jar;C:\Users\Chandika\Desktop\Java\ConnectCodeBarcodeFontLibrary.jar;C:\Program Files\NetBeans 8.2\ide\modules\ext\mysql-connector-java-5.1.23-bin.jar;C:\Program Files\NetBeans 8.2\java\modules\ext\AbsoluteLayout.jar;C:\Users\Chandika\Desktop\mysql-connector-java-8.0.13\mysql-connector-java-8.0.13.jar;C:\javacv-cppjars\ffmpeg-2.1.1-windows-x86.jar;C:\javacv-cppjars\ffmpeg-2.1.1-windows-x86_64.jar;C:\javacv-cppjars\opencv-2.4.8-windows-x86.jar;C:\javacv-cppjars\opencv-2.4.8-windows-x86_64.jar;C:\javacv-bin\javacpp.jar;C:\javacv-bin\javacv-android-arm.jar;C:\javacv-bin\javacv-linux-x86.jar;C:\javacv-bin\javacv-linux-x86_64.jar;C:\javacv-bin\javacv-macosx-x86_64.jar;C:\javacv-bin\javacv-windows-x86.jar;C:\javacv-bin\javacv-windows-x86_64.jar;C:\javacv-bin\javacv.jar;I:\Interim\build\classes
Launcher Type: SUN_STANDARD

Environment Variables:
PATH=C:\ProgramData\Oracle\Java\javapath;C:\Program Files (x86)\Intel\iCLS Client\;C:\Program Files\Intel\iCLS Client\;C:\Windows\system32;C:\Windows;C:\Windows\System32\Wbem;C:\Windows\System32\WindowsPowerShell\v1.0\;C:\Program Files (x86)\Intel\Intel(R) Management Engine Components\DAL;C:\Program Files\Intel\Intel(R) Management Engine Components\DAL;C:\Program Files (x86)\Intel\Intel(R) Management Engine Components\IPT;C:\Program Files\Intel\Intel(R) Management Engine Components\IPT;C:\Program Files (x86)\NVIDIA Corporation\PhysX\Common;C:\Program Files (x86)\Windows Kits\8.1\Windows Performance Toolkit\;C:\Program Files\Microsoft SQL Server\110\Tools\Binn\;C:\Program Files (x86)\QuickTime\QTSystem\;C:\WINDOWS\system32;C:\WINDOWS;C:\WINDOWS\System32\Wbem;C:\WINDOWS\System32\WindowsPowerShell\v1.0\;C:\WINDOWS\System32\OpenSSH\;C:\Program Files\Java\jdk1.8.0_144\bin;C:\Program Files\nodejs\;C:\Program Files\Git\cmd;C:\opencv\build\x86\vc14\bin;C:\Ruby24-x64\bin;C:\Users\Chandika\AppData\Local\atom\bin;C:\intelFPGA_pro\17.0\modelsim_ase\win32aloem;C:\Users\Chandika\AppData\Local\Microsoft\WindowsApps;C:\Users\Chandika\AppData\Roaming\npm;C:\Users\Chandika\AppData\Local\Programs\Microsoft VS Code\bin
USERNAME=Chandika
OS=Windows_NT
PROCESSOR_IDENTIFIER=Intel64 Family 6 Model 142 Stepping 9, GenuineIntel



---------------  S Y S T E M  ---------------

OS: Windows 10.0 , 64 bit Build 17134 (10.0.17134.1)

CPU:total 4 (initial active 4) (2 cores per cpu, 2 threads per core) family 6 model 142 stepping 9, cmov, cx8, fxsr, mmx, sse, sse2, sse3, ssse3, sse4.1, sse4.2, popcnt, avx, avx2, aes, clmul, erms, 3dnowpref, lzcnt, ht, tsc, tscinvbit, bmi1, bmi2, adx

Memory: 4k page, physical 8266272k(4003020k free), swap 12329504k(5982252k free)

vm_info: Java HotSpot(TM) 64-Bit Server VM (25.144-b01) for windows-amd64 JRE (1.8.0_144-b01), built on Jul 21 2017 21:57:33 by "java_re" with MS VC++ 10.0 (VS2010)

time: Mon Dec 10 09:59:47 2018
elapsed time: 16 seconds (0d 0h 0m 16s)

