#
# A fatal error has been detected by the Java Runtime Environment:
#
#  EXCEPTION_ACCESS_VIOLATION (0xc0000005) at pc=0x00007ff83cb8d979, pid=4924, tid=0x0000000000003d60
#
# JRE version: Java(TM) SE Runtime Environment (8.0_144-b01) (build 1.8.0_144-b01)
# Java VM: Java HotSpot(TM) 64-Bit Server VM (25.144-b01 mixed mode windows-amd64 compressed oops)
# Problematic frame:
# C  [ntdll.dll+0x1d979]
#
# Failed to write core dump. Minidumps are not enabled by default on client versions of Windows
#
# If you would like to submit a bug report, please visit:
#   http://bugreport.java.com/bugreport/crash.jsp
# The crash happened outside the Java Virtual Machine in native code.
# See problematic frame for where to report the bug.
#

---------------  T H R E A D  ---------------

Current thread (0x0000000018b4c800):  JavaThread "Thread-4" [_thread_in_native, id=15712, stack(0x000000001f410000,0x000000001f510000)]

siginfo: ExceptionCode=0xc0000005, writing address 0x0000000000000024

Registers:
RAX=0xffffffffffffffff, RBX=0x000000001bb66bb8, RCX=0x0000000000000000, RDX=0xffffffffffffffff
RSP=0x000000001f50f1d0, RBP=0x000000001f50f240, RSI=0x0000000000000000, RDI=0x0000000000000000
R8 =0x0000000000000000, R9 =0x00007ff80e99e600, R10=0x0000000000000000, R11=0x0000000000000246
R12=0x0000000000000000, R13=0x000000001b80be80, R14=0x0000000000000000, R15=0x0000000018b4c800
RIP=0x00007ff83cb8d979, EFLAGS=0x0000000000010213

Top of Stack: (sp=0x000000001f50f1d0)
0x000000001f50f1d0:   ffffffffffffffff 000000001bb66bb8
0x000000001f50f1e0:   000000001f50f248 00000000024a835d
0x000000001f50f1f0:   0000000000000000 00000000024a835d
0x000000001f50f200:   00000000d5fe1620 00000000003fd000
0x000000001f50f210:   0000000000863142 000000001f50f290
0x000000001f50f220:   0000000000863518 0000000000000000
0x000000001f50f230:   0000000000863190 00007ff838fd9252
0x000000001f50f240:   0000000018b4c800 0000000000000001
0x000000001f50f250:   000000001b80be80 0000000000000000
0x000000001f50f260:   0000000000000000 0000000000000000
0x000000001f50f270:   0000000000000001 00007ff83cb883e7
0x000000001f50f280:   0000000000000000 000000001bb66bb8
0x000000001f50f290:   00000000fffffffa 0000000000000000
0x000000001f50f2a0:   000000001f50f488 00007ff83cb88300
0x000000001f50f2b0:   00007ff80e99e640 00007ff80e99e600
0x000000001f50f2c0:   0000000000000000 0000000000000000 

Instructions: (pc=0x00007ff83cb8d979)
0x00007ff83cb8d959:   35 62 e5 13 00 4c 0f 45 f6 48 39 73 18 0f 84 b6
0x00007ff83cb8d969:   01 00 00 48 8b 0b 48 83 f9 ff 0f 84 b6 01 00 00
0x00007ff83cb8d979:   ff 41 24 48 8b 7b 18 44 8b ee 48 89 7d c0 e8 b4
0x00007ff83cb8d989:   2e ff ff 85 c0 0f 85 56 ca 08 00 b9 82 03 fe 7f 


Register to memory mapping:

RAX=0xffffffffffffffff is an unknown value
RBX=0x000000001bb66bb8 is an unknown value
RCX=0x0000000000000000 is an unknown value
RDX=0xffffffffffffffff is an unknown value
RSP=0x000000001f50f1d0 is pointing into the stack for thread: 0x0000000018b4c800
RBP=0x000000001f50f240 is pointing into the stack for thread: 0x0000000018b4c800
RSI=0x0000000000000000 is an unknown value
RDI=0x0000000000000000 is an unknown value
R8 =0x0000000000000000 is an unknown value
R9 =0x00007ff80e99e600 is an unknown value
R10=0x0000000000000000 is an unknown value
R11=0x0000000000000246 is an unknown value
R12=0x0000000000000000 is an unknown value
R13=0x000000001b80be80 is an unknown value
R14=0x0000000000000000 is an unknown value
R15=0x0000000018b4c800 is a thread


Stack: [0x000000001f410000,0x000000001f510000],  sp=0x000000001f50f1d0,  free space=1020k
Native frames: (J=compiled Java code, j=interpreted, Vv=VM code, C=native code)
C  [ntdll.dll+0x1d979]
C  [ntdll.dll+0x183e7]
C  [ntdll.dll+0x18300]
C  [opencv_highgui248.dll+0x15963]
C  [opencv_highgui248.dll+0x16946]
C  [opencv_highgui248.dll+0x10b2]
C  [jniopencv_highgui.dll+0x75d9]
C  0x00000000024b7f74

Java frames: (J=compiled Java code, j=interpreted, Vv=VM code)
j  com.googlecode.javacv.cpp.opencv_highgui.cvQueryFrame(Lcom/googlecode/javacv/cpp/opencv_highgui$CvCapture;)Lcom/googlecode/javacv/cpp/opencv_core$IplImage;+0
j  project.hostellerinterface$31.run()V+66
v  ~StubRoutines::call_stub

---------------  P R O C E S S  ---------------

Java Threads: ( => current thread )
=>0x0000000018b4c800 JavaThread "Thread-4" [_thread_in_native, id=15712, stack(0x000000001f410000,0x000000001f510000)]
  0x00000000196d1800 JavaThread "Abandoned connection cleanup thread" daemon [_thread_blocked, id=16548, stack(0x000000001cb10000,0x000000001cc10000)]
  0x000000001b957800 JavaThread "TimerQueue" daemon [_thread_blocked, id=11604, stack(0x000000001ca10000,0x000000001cb10000)]
  0x0000000019397000 JavaThread "Swing-Shell" daemon [_thread_blocked, id=10420, stack(0x000000001a760000,0x000000001a860000)]
  0x00000000021ed800 JavaThread "DestroyJavaVM" [_thread_blocked, id=16716, stack(0x00000000021f0000,0x00000000022f0000)]
  0x0000000019137800 JavaThread "AWT-EventQueue-0" [_thread_blocked, id=17388, stack(0x000000001a440000,0x000000001a540000)]
  0x0000000019114800 JavaThread "AWT-Windows" daemon [_thread_in_native, id=832, stack(0x0000000019a50000,0x0000000019b50000)]
  0x0000000019110000 JavaThread "AWT-Shutdown" [_thread_blocked, id=13672, stack(0x0000000019950000,0x0000000019a50000)]
  0x000000001910f000 JavaThread "Java2D Disposer" daemon [_thread_blocked, id=4100, stack(0x0000000019850000,0x0000000019950000)]
  0x000000001702d000 JavaThread "Service Thread" daemon [_thread_blocked, id=17216, stack(0x0000000018d10000,0x0000000018e10000)]
  0x0000000016fd6000 JavaThread "C1 CompilerThread2" daemon [_thread_blocked, id=6888, stack(0x0000000018810000,0x0000000018910000)]
  0x0000000016fd3000 JavaThread "C2 CompilerThread1" daemon [_thread_blocked, id=19452, stack(0x0000000018710000,0x0000000018810000)]
  0x0000000016fcf000 JavaThread "C2 CompilerThread0" daemon [_thread_blocked, id=1004, stack(0x0000000018610000,0x0000000018710000)]
  0x0000000016fcc000 JavaThread "Attach Listener" daemon [_thread_blocked, id=13108, stack(0x0000000018510000,0x0000000018610000)]
  0x0000000016fca800 JavaThread "Signal Dispatcher" daemon [_thread_blocked, id=10864, stack(0x0000000018410000,0x0000000018510000)]
  0x0000000016fba800 JavaThread "Finalizer" daemon [_thread_blocked, id=13816, stack(0x0000000018220000,0x0000000018320000)]
  0x0000000002490000 JavaThread "Reference Handler" daemon [_thread_blocked, id=14312, stack(0x0000000018120000,0x0000000018220000)]

Other Threads:
  0x0000000016f97800 VMThread [stack: 0x0000000018020000,0x0000000018120000] [id=6984]
  0x000000001897f000 WatcherThread [stack: 0x0000000018e10000,0x0000000018f10000] [id=4224]

VM state:not at safepoint (normal execution)

VM Mutex/Monitor currently owned by a thread: None

Heap:
 PSYoungGen      total 37888K, used 5449K [0x00000000d5f00000, 0x00000000dbb00000, 0x0000000100000000)
  eden space 32768K, 5% used [0x00000000d5f00000,0x00000000d60ad5c8,0x00000000d7f00000)
  from space 5120K, 72% used [0x00000000d7f80000,0x00000000d8325020,0x00000000d8480000)
  to   space 30720K, 0% used [0x00000000d9d00000,0x00000000d9d00000,0x00000000dbb00000)
 ParOldGen       total 77312K, used 39301K [0x0000000081c00000, 0x0000000086780000, 0x00000000d5f00000)
  object space 77312K, 50% used [0x0000000081c00000,0x0000000084261568,0x0000000086780000)
 Metaspace       used 22661K, capacity 22964K, committed 23168K, reserved 1069056K
  class space    used 2818K, capacity 2926K, committed 2944K, reserved 1048576K

Card table byte_map: [0x0000000011860000,0x0000000011c60000] byte_map_base: 0x0000000011452000

Marking Bits: (ParMarkBitMap*) 0x00000000746fd850
 Begin Bits: [0x0000000012310000, 0x00000000142a0000)
 End Bits:   [0x00000000142a0000, 0x0000000016230000)

Polling page: 0x00000000021d0000

CodeCache: size=245760Kb used=10514Kb max_used=10519Kb free=235245Kb
 bounds [0x00000000024a0000, 0x0000000002f00000, 0x00000000114a0000]
 total_blobs=3751 nmethods=3162 adapters=498
 compilation: enabled

Compilation events (10 events):
Event: 284.556 Thread 0x0000000016fcf000 3529       4       javax.swing.plaf.nimbus.InnerShadowEffect::applyEffect (604 bytes)
Event: 284.584 Thread 0x0000000016fcf000 nmethod 3529 0x0000000002ef3350 code [0x0000000002ef35e0, 0x0000000002ef4d18]
Event: 285.093 Thread 0x0000000016fd6000 3530       1       java.awt.image.ComponentSampleModel::getScanlineStride (5 bytes)
Event: 285.093 Thread 0x0000000016fd6000 nmethod 3530 0x0000000002cd6750 code [0x0000000002cd68a0, 0x0000000002cd69b0]
Event: 285.093 Thread 0x0000000016fd6000 3531       1       java.awt.image.ComponentSampleModel::getPixelStride (5 bytes)
Event: 285.093 Thread 0x0000000016fd6000 nmethod 3531 0x0000000002cd4350 code [0x0000000002cd44a0, 0x0000000002cd45b0]
Event: 286.229 Thread 0x0000000016fd6000 3532       1       java.awt.color.ColorSpace::getNumComponents (5 bytes)
Event: 286.229 Thread 0x0000000016fd6000 nmethod 3532 0x0000000002701690 code [0x00000000027017e0, 0x00000000027018f0]
Event: 286.359 Thread 0x0000000016fd6000 3533       1       com.googlecode.javacv.CanvasFrame::access$200 (5 bytes)
Event: 286.359 Thread 0x0000000016fd6000 nmethod 3533 0x00000000027013d0 code [0x0000000002701520, 0x0000000002701610]

GC Heap History (10 events):
Event: 145.477 GC heap before
{Heap before GC invocations=2 (full 0):
 PSYoungGen      total 38400K, used 34264K [0x00000000d5f00000, 0x00000000d8980000, 0x0000000100000000)
  eden space 33280K, 87% used [0x00000000d5f00000,0x00000000d7b7e090,0x00000000d7f80000)
  from space 5120K, 99% used [0x00000000d7f80000,0x00000000d84781d8,0x00000000d8480000)
  to   space 5120K, 0% used [0x00000000d8480000,0x00000000d8480000,0x00000000d8980000)
 ParOldGen       total 87552K, used 23508K [0x0000000081c00000, 0x0000000087180000, 0x00000000d5f00000)
  object space 87552K, 26% used [0x0000000081c00000,0x00000000832f53e8,0x0000000087180000)
 Metaspace       used 20787K, capacity 21030K, committed 21248K, reserved 1067008K
  class space    used 2633K, capacity 2733K, committed 2816K, reserved 1048576K
Event: 145.489 GC heap after
Heap after GC invocations=2 (full 0):
 PSYoungGen      total 38400K, used 5092K [0x00000000d5f00000, 0x00000000d8980000, 0x0000000100000000)
  eden space 33280K, 0% used [0x00000000d5f00000,0x00000000d5f00000,0x00000000d7f80000)
  from space 5120K, 99% used [0x00000000d8480000,0x00000000d8979080,0x00000000d8980000)
  to   space 5120K, 0% used [0x00000000d7f80000,0x00000000d7f80000,0x00000000d8480000)
 ParOldGen       total 87552K, used 28949K [0x0000000081c00000, 0x0000000087180000, 0x00000000d5f00000)
  object space 87552K, 33% used [0x0000000081c00000,0x0000000083845448,0x0000000087180000)
 Metaspace       used 20787K, capacity 21030K, committed 21248K, reserved 1067008K
  class space    used 2633K, capacity 2733K, committed 2816K, reserved 1048576K
}
Event: 145.489 GC heap before
{Heap before GC invocations=3 (full 1):
 PSYoungGen      total 38400K, used 5092K [0x00000000d5f00000, 0x00000000d8980000, 0x0000000100000000)
  eden space 33280K, 0% used [0x00000000d5f00000,0x00000000d5f00000,0x00000000d7f80000)
  from space 5120K, 99% used [0x00000000d8480000,0x00000000d8979080,0x00000000d8980000)
  to   space 5120K, 0% used [0x00000000d7f80000,0x00000000d7f80000,0x00000000d8480000)
 ParOldGen       total 87552K, used 28949K [0x0000000081c00000, 0x0000000087180000, 0x00000000d5f00000)
  object space 87552K, 33% used [0x0000000081c00000,0x0000000083845448,0x0000000087180000)
 Metaspace       used 20787K, capacity 21030K, committed 21248K, reserved 1067008K
  class space    used 2633K, capacity 2733K, committed 2816K, reserved 1048576K
Event: 145.529 GC heap after
Heap after GC invocations=3 (full 1):
 PSYoungGen      total 38400K, used 0K [0x00000000d5f00000, 0x00000000d8980000, 0x0000000100000000)
  eden space 33280K, 0% used [0x00000000d5f00000,0x00000000d5f00000,0x00000000d7f80000)
  from space 5120K, 0% used [0x00000000d8480000,0x00000000d8480000,0x00000000d8980000)
  to   space 5120K, 0% used [0x00000000d7f80000,0x00000000d7f80000,0x00000000d8480000)
 ParOldGen       total 77312K, used 15660K [0x0000000081c00000, 0x0000000086780000, 0x00000000d5f00000)
  object space 77312K, 20% used [0x0000000081c00000,0x0000000082b4b138,0x0000000086780000)
 Metaspace       used 20787K, capacity 21030K, committed 21248K, reserved 1067008K
  class space    used 2633K, capacity 2733K, committed 2816K, reserved 1048576K
}
Event: 281.765 GC heap before
{Heap before GC invocations=4 (full 1):
 PSYoungGen      total 38400K, used 33280K [0x00000000d5f00000, 0x00000000d8980000, 0x0000000100000000)
  eden space 33280K, 100% used [0x00000000d5f00000,0x00000000d7f80000,0x00000000d7f80000)
  from space 5120K, 0% used [0x00000000d8480000,0x00000000d8480000,0x00000000d8980000)
  to   space 5120K, 0% used [0x00000000d7f80000,0x00000000d7f80000,0x00000000d8480000)
 ParOldGen       total 77312K, used 15660K [0x0000000081c00000, 0x0000000086780000, 0x00000000d5f00000)
  object space 77312K, 20% used [0x0000000081c00000,0x0000000082b4b138,0x0000000086780000)
 Metaspace       used 22160K, capacity 22414K, committed 22656K, reserved 1069056K
  class space    used 2750K, capacity 2829K, committed 2944K, reserved 1048576K
Event: 281.775 GC heap after
Heap after GC invocations=4 (full 1):
 PSYoungGen      total 38400K, used 1818K [0x00000000d5f00000, 0x00000000d8980000, 0x0000000100000000)
  eden space 33280K, 0% used [0x00000000d5f00000,0x00000000d5f00000,0x00000000d7f80000)
  from space 5120K, 35% used [0x00000000d7f80000,0x00000000d8146a40,0x00000000d8480000)
  to   space 5120K, 0% used [0x00000000d8480000,0x00000000d8480000,0x00000000d8980000)
 ParOldGen       total 77312K, used 39293K [0x0000000081c00000, 0x0000000086780000, 0x00000000d5f00000)
  object space 77312K, 50% used [0x0000000081c00000,0x000000008425f568,0x0000000086780000)
 Metaspace       used 22160K, capacity 22414K, committed 22656K, reserved 1069056K
  class space    used 2750K, capacity 2829K, committed 2944K, reserved 1048576K
}
Event: 284.228 GC heap before
{Heap before GC invocations=5 (full 1):
 PSYoungGen      total 38400K, used 34909K [0x00000000d5f00000, 0x00000000d8980000, 0x0000000100000000)
  eden space 33280K, 99% used [0x00000000d5f00000,0x00000000d7f50b78,0x00000000d7f80000)
  from space 5120K, 35% used [0x00000000d7f80000,0x00000000d8146a40,0x00000000d8480000)
  to   space 5120K, 0% used [0x00000000d8480000,0x00000000d8480000,0x00000000d8980000)
 ParOldGen       total 77312K, used 39293K [0x0000000081c00000, 0x0000000086780000, 0x00000000d5f00000)
  object space 77312K, 50% used [0x0000000081c00000,0x000000008425f568,0x0000000086780000)
 Metaspace       used 22622K, capacity 22900K, committed 23168K, reserved 1069056K
  class space    used 2814K, capacity 2926K, committed 2944K, reserved 1048576K
Event: 284.231 GC heap after
Heap after GC invocations=5 (full 1):
 PSYoungGen      total 38400K, used 3988K [0x00000000d5f00000, 0x00000000d8980000, 0x0000000100000000)
  eden space 33280K, 0% used [0x00000000d5f00000,0x00000000d5f00000,0x00000000d7f80000)
  from space 5120K, 77% used [0x00000000d8480000,0x00000000d8865020,0x00000000d8980000)
  to   space 5120K, 0% used [0x00000000d7f80000,0x00000000d7f80000,0x00000000d8480000)
 ParOldGen       total 77312K, used 39301K [0x0000000081c00000, 0x0000000086780000, 0x00000000d5f00000)
  object space 77312K, 50% used [0x0000000081c00000,0x0000000084261568,0x0000000086780000)
 Metaspace       used 22622K, capacity 22900K, committed 23168K, reserved 1069056K
  class space    used 2814K, capacity 2926K, committed 2944K, reserved 1048576K
}
Event: 286.565 GC heap before
{Heap before GC invocations=6 (full 1):
 PSYoungGen      total 38400K, used 36501K [0x00000000d5f00000, 0x00000000d8980000, 0x0000000100000000)
  eden space 33280K, 97% used [0x00000000d5f00000,0x00000000d7ec04c8,0x00000000d7f80000)
  from space 5120K, 77% used [0x00000000d8480000,0x00000000d8865020,0x00000000d8980000)
  to   space 5120K, 0% used [0x00000000d7f80000,0x00000000d7f80000,0x00000000d8480000)
 ParOldGen       total 77312K, used 39301K [0x0000000081c00000, 0x0000000086780000, 0x00000000d5f00000)
  object space 77312K, 50% used [0x0000000081c00000,0x0000000084261568,0x0000000086780000)
 Metaspace       used 22661K, capacity 22964K, committed 23168K, reserved 1069056K
  class space    used 2818K, capacity 2926K, committed 2944K, reserved 1048576K
Event: 286.567 GC heap after
Heap after GC invocations=6 (full 1):
 PSYoungGen      total 37888K, used 3732K [0x00000000d5f00000, 0x00000000dbb00000, 0x0000000100000000)
  eden space 32768K, 0% used [0x00000000d5f00000,0x00000000d5f00000,0x00000000d7f00000)
  from space 5120K, 72% used [0x00000000d7f80000,0x00000000d8325020,0x00000000d8480000)
  to   space 30720K, 0% used [0x00000000d9d00000,0x00000000d9d00000,0x00000000dbb00000)
 ParOldGen       total 77312K, used 39301K [0x0000000081c00000, 0x0000000086780000, 0x00000000d5f00000)
  object space 77312K, 50% used [0x0000000081c00000,0x0000000084261568,0x0000000086780000)
 Metaspace       used 22661K, capacity 22964K, committed 23168K, reserved 1069056K
  class space    used 2818K, capacity 2926K, committed 2944K, reserved 1048576K
}

Deoptimization events (10 events):
Event: 278.958 Thread 0x0000000018b4c800 Uncommon trap: reason=class_check action=maybe_recompile pc=0x0000000002b4f2e0 method=java.util.HashSet.add(Ljava/lang/Object;)Z @ 8
Event: 278.975 Thread 0x0000000018b4c800 Uncommon trap: reason=class_check action=maybe_recompile pc=0x0000000002b4f2e0 method=java.util.HashSet.add(Ljava/lang/Object;)Z @ 8
Event: 279.646 Thread 0x0000000018b4c800 Uncommon trap: reason=class_check action=maybe_recompile pc=0x0000000002b4f2e0 method=java.util.HashSet.add(Ljava/lang/Object;)Z @ 8
Event: 281.945 Thread 0x0000000019137800 Uncommon trap: reason=unstable_if action=reinterpret pc=0x0000000002b2be64 method=java.awt.event.InvocationEvent.dispatch()V @ 4
Event: 281.963 Thread 0x0000000019137800 Uncommon trap: reason=class_check action=maybe_recompile pc=0x0000000002a92bf4 method=java.awt.Component.getBackground()Ljava/awt/Color; @ 21
Event: 281.966 Thread 0x0000000019137800 Uncommon trap: reason=class_check action=maybe_recompile pc=0x0000000002a92bf4 method=java.awt.Component.getBackground()Ljava/awt/Color; @ 21
Event: 282.316 Thread 0x0000000018b4c800 Uncommon trap: reason=unstable_if action=reinterpret pc=0x00000000027ab510 method=java.awt.EventQueue.setCurrentEventAndMostRecentTimeImpl(Ljava/awt/AWTEvent;)V @ 16
Event: 282.376 Thread 0x0000000018b4c800 Uncommon trap: reason=class_check action=maybe_recompile pc=0x0000000002a92bf4 method=java.awt.Component.getBackground()Ljava/awt/Color; @ 21
Event: 282.377 Thread 0x0000000018b4c800 Uncommon trap: reason=class_check action=maybe_recompile pc=0x0000000002a92bf4 method=java.awt.Component.getBackground()Ljava/awt/Color; @ 21
Event: 282.383 Thread 0x0000000018b4c800 Uncommon trap: reason=unstable_if action=reinterpret pc=0x0000000002ec9ec4 method=com.googlecode.javacv.cpp.opencv_core$IplImage.flipCopyWithGamma(Ljava/nio/ByteBuffer;ILjava/nio/ByteBuffer;IZDZI)V @ 50

Internal exceptions (10 events):
Event: 0.289 Thread 0x00000000021ed800 Exception <a 'java/lang/ClassNotFoundException': ToolTip> (0x00000000d6385b80) thrown at [C:\re\workspace\8-2-build-windows-amd64-cygwin\jdk8u144\9417\hotspot\src\share\vm\classfile\systemDictionary.cpp, line 210]
Event: 0.290 Thread 0x00000000021ed800 Exception <a 'java/lang/ClassNotFoundException': Tree> (0x00000000d63867a0) thrown at [C:\re\workspace\8-2-build-windows-amd64-cygwin\jdk8u144\9417\hotspot\src\share\vm\classfile\systemDictionary.cpp, line 210]
Event: 0.290 Thread 0x00000000021ed800 Exception <a 'java/lang/ClassNotFoundException': Tree> (0x00000000d6386ee0) thrown at [C:\re\workspace\8-2-build-windows-amd64-cygwin\jdk8u144\9417\hotspot\src\share\vm\classfile\systemDictionary.cpp, line 210]
Event: 0.290 Thread 0x00000000021ed800 Exception <a 'java/lang/ClassNotFoundException': javax/swing/JTreeCell> (0x00000000d6387260) thrown at [C:\re\workspace\8-2-build-windows-amd64-cygwin\jdk8u144\9417\hotspot\src\share\vm\classfile\systemDictionary.cpp, line 210]
Event: 0.290 Thread 0x00000000021ed800 Exception <a 'java/lang/ClassNotFoundException': TreeCell> (0x00000000d63876e8) thrown at [C:\re\workspace\8-2-build-windows-amd64-cygwin\jdk8u144\9417\hotspot\src\share\vm\classfile\systemDictionary.cpp, line 210]
Event: 0.290 Thread 0x00000000021ed800 Exception <a 'java/lang/ClassNotFoundException': RootPane> (0x00000000d63880a0) thrown at [C:\re\workspace\8-2-build-windows-amd64-cygwin\jdk8u144\9417\hotspot\src\share\vm\classfile\systemDictionary.cpp, line 210]
Event: 60.573 Thread 0x000000001beed800 Implicit null exception at 0x00000000029cdaa0 to 0x00000000029cdf41
Event: 60.574 Thread 0x000000001beed800 Implicit null exception at 0x00000000029b14fd to 0x00000000029b1651
Event: 145.588 Thread 0x0000000019137800 Implicit null exception at 0x0000000002c6cc76 to 0x0000000002c70419
Event: 238.941 Thread 0x0000000019137800 Implicit null exception at 0x0000000002cd462c to 0x0000000002cd6a8d

Events (10 events):
Event: 284.360 loading class com/googlecode/javacv/FrameGrabber
Event: 284.360 loading class com/googlecode/javacv/FrameGrabber done
Event: 284.361 loading class com/googlecode/javacv/FrameGrabber$Exception
Event: 284.361 loading class com/googlecode/javacv/FrameGrabber$Exception done
Event: 284.362 loading class com/googlecode/javacv/FrameGrabber$ImageMode
Event: 284.362 loading class com/googlecode/javacv/FrameGrabber$ImageMode done
Event: 284.555 Thread 0x0000000019137800 DEOPT PACKING pc=0x0000000002e2bb34 sp=0x000000001a53c6c0
Event: 284.556 Thread 0x0000000019137800 DEOPT UNPACKING pc=0x00000000024e787f sp=0x000000001a53c410 mode 0
Event: 286.564 Executing VM operation: ParallelGCFailedAllocation
Event: 286.567 Executing VM operation: ParallelGCFailedAllocation done


Dynamic libraries:
0x00007ff7854f0000 - 0x00007ff785527000 	C:\Program Files\Java\jdk1.8.0_144\bin\java.exe
0x00007ff83cb70000 - 0x00007ff83cd51000 	C:\WINDOWS\SYSTEM32\ntdll.dll
0x00007ff83a5a0000 - 0x00007ff83a652000 	C:\WINDOWS\System32\KERNEL32.DLL
0x00007ff838fa0000 - 0x00007ff839213000 	C:\WINDOWS\System32\KERNELBASE.dll
0x00007ff83c380000 - 0x00007ff83c421000 	C:\WINDOWS\System32\ADVAPI32.dll
0x00007ff83c430000 - 0x00007ff83c4ce000 	C:\WINDOWS\System32\msvcrt.dll
0x00007ff83a000000 - 0x00007ff83a05b000 	C:\WINDOWS\System32\sechost.dll
0x00007ff83c0a0000 - 0x00007ff83c1c4000 	C:\WINDOWS\System32\RPCRT4.dll
0x00007ff83bf10000 - 0x00007ff83c0a0000 	C:\WINDOWS\System32\USER32.dll
0x00007ff839a00000 - 0x00007ff839a20000 	C:\WINDOWS\System32\win32u.dll
0x00007ff83c970000 - 0x00007ff83c998000 	C:\WINDOWS\System32\GDI32.dll
0x00007ff839b20000 - 0x00007ff839cb2000 	C:\WINDOWS\System32\gdi32full.dll
0x00007ff839eb0000 - 0x00007ff839f4f000 	C:\WINDOWS\System32\msvcp_win.dll
0x00007ff839a20000 - 0x00007ff839b1a000 	C:\WINDOWS\System32\ucrtbase.dll
0x00007ff82cb40000 - 0x00007ff82cda9000 	C:\WINDOWS\WinSxS\amd64_microsoft.windows.common-controls_6595b64144ccf1df_6.0.17134.407_none_fb449d63306391e9\COMCTL32.dll
0x00007ff83a270000 - 0x00007ff83a592000 	C:\WINDOWS\System32\combase.dll
0x00007ff839930000 - 0x00007ff8399aa000 	C:\WINDOWS\System32\bcryptPrimitives.dll
0x00007ff83c890000 - 0x00007ff83c8bd000 	C:\WINDOWS\System32\IMM32.DLL
0x0000000073e00000 - 0x0000000073ed2000 	C:\Program Files\Java\jdk1.8.0_144\jre\bin\msvcr100.dll
0x0000000073ee0000 - 0x000000007477d000 	C:\Program Files\Java\jdk1.8.0_144\jre\bin\server\jvm.dll
0x00007ff83a100000 - 0x00007ff83a108000 	C:\WINDOWS\System32\PSAPI.DLL
0x00007ff837a70000 - 0x00007ff837a79000 	C:\WINDOWS\SYSTEM32\WSOCK32.dll
0x00007ff835040000 - 0x00007ff835063000 	C:\WINDOWS\SYSTEM32\WINMM.dll
0x00007ff82de10000 - 0x00007ff82de1a000 	C:\WINDOWS\SYSTEM32\VERSION.dll
0x00007ff83ca00000 - 0x00007ff83ca6c000 	C:\WINDOWS\System32\WS2_32.dll
0x00007ff834fd0000 - 0x00007ff834ffa000 	C:\WINDOWS\SYSTEM32\winmmbase.dll
0x00007ff8399b0000 - 0x00007ff8399f9000 	C:\WINDOWS\System32\cfgmgr32.dll
0x0000000073df0000 - 0x0000000073dff000 	C:\Program Files\Java\jdk1.8.0_144\jre\bin\verify.dll
0x0000000073dc0000 - 0x0000000073de9000 	C:\Program Files\Java\jdk1.8.0_144\jre\bin\java.dll
0x0000000073da0000 - 0x0000000073db6000 	C:\Program Files\Java\jdk1.8.0_144\jre\bin\zip.dll
0x00007ff83aab0000 - 0x00007ff83beef000 	C:\WINDOWS\System32\SHELL32.dll
0x00007ff83c8c0000 - 0x00007ff83c969000 	C:\WINDOWS\System32\shcore.dll
0x00007ff839220000 - 0x00007ff83992d000 	C:\WINDOWS\System32\windows.storage.dll
0x00007ff83c7a0000 - 0x00007ff83c7f1000 	C:\WINDOWS\System32\shlwapi.dll
0x00007ff838f00000 - 0x00007ff838f11000 	C:\WINDOWS\System32\kernel.appcore.dll
0x00007ff838ee0000 - 0x00007ff838eff000 	C:\WINDOWS\System32\profapi.dll
0x00007ff838e80000 - 0x00007ff838ecc000 	C:\WINDOWS\System32\powrprof.dll
0x00007ff838ed0000 - 0x00007ff838eda000 	C:\WINDOWS\System32\FLTLIB.DLL
0x0000000073bc0000 - 0x0000000073d58000 	C:\Program Files\Java\jdk1.8.0_144\jre\bin\awt.dll
0x00007ff83ca70000 - 0x00007ff83cb32000 	C:\WINDOWS\System32\OLEAUT32.dll
0x00007ff836fd0000 - 0x00007ff83705b000 	C:\WINDOWS\SYSTEM32\apphelp.dll
0x00007ff8370d0000 - 0x00007ff837168000 	C:\WINDOWS\system32\uxtheme.dll
0x00007ff83c620000 - 0x00007ff83c793000 	C:\WINDOWS\System32\MSCTF.dll
0x00007ff8374a0000 - 0x00007ff8374c9000 	C:\WINDOWS\system32\dwmapi.dll
0x00007ff83a110000 - 0x00007ff83a261000 	C:\WINDOWS\System32\ole32.dll
0x0000000073b70000 - 0x0000000073bb7000 	C:\Program Files\Java\jdk1.8.0_144\jre\bin\fontmanager.dll
0x00007ff8274b0000 - 0x00007ff8275d0000 	C:\WINDOWS\system32\opengl32.dll
0x00007ff82f7b0000 - 0x00007ff82f7dc000 	C:\WINDOWS\SYSTEM32\GLU32.dll
0x00007ff834300000 - 0x00007ff8343a7000 	C:\WINDOWS\WinSxS\amd64_microsoft.windows.common-controls_6595b64144ccf1df_5.82.17134.407_none_f94e16e330999300\comctl32.dll
0x0000000073d80000 - 0x0000000073d9a000 	C:\Program Files\Java\jdk1.8.0_144\jre\bin\net.dll
0x00007ff838700000 - 0x00007ff838766000 	C:\WINDOWS\system32\mswsock.dll
0x0000000073d60000 - 0x0000000073d71000 	C:\Program Files\Java\jdk1.8.0_144\jre\bin\nio.dll
0x0000000073b20000 - 0x0000000073b62000 	C:\Program Files\Java\jdk1.8.0_144\jre\bin\t2k.dll
0x00007ff83a060000 - 0x00007ff83a100000 	C:\WINDOWS\System32\clbcatq.dll
0x00007ff835740000 - 0x00007ff8358f4000 	C:\WINDOWS\SYSTEM32\PROPSYS.dll
0x00007ff82fdb0000 - 0x00007ff83044b000 	C:\Windows\System32\OneCoreUAPCommonProxyStub.dll
0x00007ff81bf90000 - 0x00007ff81c0b7000 	C:\WINDOWS\system32\NetworkExplorer.dll
0x00007ff821f70000 - 0x00007ff821f8a000 	C:\WINDOWS\SYSTEM32\MPR.dll
0x00007ff82bb70000 - 0x00007ff82bb7b000 	C:\WINDOWS\System32\drprov.dll
0x00007ff837fe0000 - 0x00007ff838036000 	C:\WINDOWS\System32\WINSTA.dll
0x00007ff82ab70000 - 0x00007ff82ab86000 	C:\WINDOWS\System32\ntlanman.dll
0x00007ff82a5a0000 - 0x00007ff82a5bd000 	C:\WINDOWS\System32\davclnt.dll
0x00007ff82a150000 - 0x00007ff82a15c000 	C:\WINDOWS\System32\DAVHLPR.dll
0x00007ff833260000 - 0x00007ff833277000 	C:\WINDOWS\System32\wkscli.dll
0x00007ff8389e0000 - 0x00007ff838a05000 	C:\WINDOWS\System32\bcrypt.dll
0x00007ff81b800000 - 0x00007ff81b812000 	C:\WINDOWS\SYSTEM32\cscapi.dll
0x00007ff8384c0000 - 0x00007ff8384ce000 	C:\WINDOWS\System32\netutils.dll
0x00007ff805390000 - 0x00007ff8053da000 	C:\Windows\System32\dlnashext.dll
0x00007ff82d0e0000 - 0x00007ff82d143000 	C:\Windows\System32\PlayToDevice.dll
0x00007ff81f1f0000 - 0x00007ff81f20e000 	C:\Windows\System32\DevDispItemProvider.dll
0x00007ff82df60000 - 0x00007ff82dfd6000 	C:\WINDOWS\System32\MMDevApi.dll
0x00007ff838cb0000 - 0x00007ff838cd7000 	C:\WINDOWS\System32\DEVOBJ.dll
0x00007ff81c0c0000 - 0x00007ff81c2a1000 	C:\WINDOWS\system32\wpdshext.dll
0x00007ff831cc0000 - 0x00007ff831e5a000 	C:\WINDOWS\WinSxS\amd64_microsoft.windows.gdiplus_6595b64144ccf1df_1.1.17134.407_none_2c2f90488af60bb7\gdiplus.dll
0x00007ff834f00000 - 0x00007ff834f9c000 	C:\Windows\System32\PortableDeviceApi.dll
0x00007ff83a660000 - 0x00007ff83aaab000 	C:\WINDOWS\System32\SETUPAPI.dll
0x00007ff838f40000 - 0x00007ff838f97000 	C:\WINDOWS\System32\WINTRUST.dll
0x00007ff838f20000 - 0x00007ff838f32000 	C:\WINDOWS\System32\MSASN1.dll
0x00007ff839cc0000 - 0x00007ff839ea2000 	C:\WINDOWS\System32\CRYPT32.dll
0x00007ff835590000 - 0x00007ff8355c0000 	C:\Windows\System32\PortableDeviceTypes.dll
0x00007ff8213c0000 - 0x00007ff8213f7000 	C:\Windows\System32\EhStorShell.dll
0x00007ff829ec0000 - 0x00007ff829ee5000 	C:\Windows\System32\EhStorAPI.dll
0x00007ff837a50000 - 0x00007ff837a63000 	C:\Windows\System32\WTSAPI32.dll
0x00007ff82fb10000 - 0x00007ff82fb1d000 	C:\WINDOWS\SYSTEM32\LINKINFO.dll
0x00007ff832440000 - 0x00007ff8325ee000 	C:\WINDOWS\SYSTEM32\WindowsCodecs.dll
0x00007ff827150000 - 0x00007ff8271a8000 	C:\WINDOWS\system32\dataexchange.dll
0x00007ff8369d0000 - 0x00007ff836b6c000 	C:\WINDOWS\system32\dcomp.dll
0x00007ff835ed0000 - 0x00007ff8361db000 	C:\WINDOWS\system32\d3d11.dll
0x00007ff837d10000 - 0x00007ff837dcb000 	C:\WINDOWS\system32\dxgi.dll
0x00007ff8371d0000 - 0x00007ff837388000 	C:\WINDOWS\system32\twinapi.appcore.dll
0x00007ff8371a0000 - 0x00007ff8371c1000 	C:\WINDOWS\system32\RMCLIENT.dll
0x00007ff82af10000 - 0x00007ff82afa6000 	C:\WINDOWS\System32\TextInputFramework.dll
0x00007ff831f60000 - 0x00007ff83227e000 	C:\WINDOWS\System32\CoreUIComponents.dll
0x00007ff835900000 - 0x00007ff8359da000 	C:\WINDOWS\System32\CoreMessaging.dll
0x00007ff833630000 - 0x00007ff83377d000 	C:\WINDOWS\SYSTEM32\wintypes.dll
0x00007ff837f40000 - 0x00007ff837f71000 	C:\WINDOWS\SYSTEM32\ntmarta.dll
0x0000000073ae0000 - 0x0000000073b0a000 	C:\Program Files\Java\jdk1.8.0_144\jre\bin\dcpr.dll
0x00007ff8384d0000 - 0x00007ff83858e000 	C:\WINDOWS\SYSTEM32\DNSAPI.dll
0x00007ff83c880000 - 0x00007ff83c888000 	C:\WINDOWS\System32\NSI.dll
0x00007ff838480000 - 0x00007ff8384b8000 	C:\WINDOWS\SYSTEM32\IPHLPAPI.DLL
0x00007ff82bdd0000 - 0x00007ff82bdda000 	C:\Windows\System32\rasadhlp.dll
0x00007ff82d200000 - 0x00007ff82d272000 	C:\WINDOWS\System32\fwpuclnt.dll
0x0000000071200000 - 0x0000000071231000 	C:\Program Files\Java\jdk1.8.0_144\jre\bin\jpeg.dll
0x0000000071110000 - 0x00000000711e1000 	C:\Users\Chandika\AppData\Local\Temp\javacpp209037109988811\msvcr100.dll
0x0000000070980000 - 0x0000000070a18000 	C:\Users\Chandika\AppData\Local\Temp\javacpp209037109988811\msvcp100.dll
0x0000000066840000 - 0x00000000676b4000 	C:\Users\Chandika\AppData\Local\Temp\javacpp209037109988811\opencv_ffmpeg248_64.dll
0x00007ff80c820000 - 0x00007ff80ca92000 	C:\Users\Chandika\AppData\Local\Temp\javacpp209037109988811\opencv_core248.dll
0x00007ff80c560000 - 0x00007ff80c812000 	C:\Users\Chandika\AppData\Local\Temp\javacpp209037109988811\opencv_imgproc248.dll
0x00007ff80e770000 - 0x00007ff80e9bd000 	C:\Users\Chandika\AppData\Local\Temp\javacpp209037109988811\opencv_highgui248.dll
0x00007ff82fac0000 - 0x00007ff82fadf000 	C:\WINDOWS\SYSTEM32\AVIFIL32.dll
0x00007ff82fa00000 - 0x00007ff82fa18000 	C:\WINDOWS\SYSTEM32\AVICAP32.dll
0x00007ff82fa20000 - 0x00007ff82fa49000 	C:\WINDOWS\SYSTEM32\MSVFW32.dll
0x00007ff820680000 - 0x00007ff82069c000 	C:\WINDOWS\SYSTEM32\MSACM32.dll
0x00007ff82f9e0000 - 0x00007ff82f9f3000 	C:\Users\Chandika\AppData\Local\Temp\javacpp209037109988811\jniopencv_highgui.dll
0x00007ff82bc30000 - 0x00007ff82bc47000 	C:\Windows\System32\devenum.dll
0x00007ff82d870000 - 0x00007ff82d87a000 	C:\WINDOWS\SYSTEM32\msdmo.dll
0x00007ff819c70000 - 0x00007ff819ca3000 	C:\Windows\System32\qcap.dll
0x00007ff80c3a0000 - 0x00007ff80c55d000 	C:\Windows\System32\quartz.dll
0x00007ff812ef0000 - 0x00007ff812f3b000 	C:\Windows\System32\mfksproxy.dll
0x00007ff82df30000 - 0x00007ff82df4d000 	C:\Windows\System32\ATL.DLL
0x00007ff82cec0000 - 0x00007ff82d09b000 	C:\Windows\System32\MFPlat.DLL
0x00007ff831c10000 - 0x00007ff831c3e000 	C:\Windows\System32\RTWorkQ.DLL
0x00007ff812db0000 - 0x00007ff812dfe000 	C:\Windows\System32\MFSENSORGROUP.dll
0x00007ff812bd0000 - 0x00007ff812c18000 	C:\Windows\System32\ksproxy.ax
0x00007ff808d50000 - 0x00007ff808ee7000 	C:\Windows\System32\d3d9.dll
0x00007ff8349b0000 - 0x00007ff8349b9000 	C:\Windows\System32\ksuser.dll
0x00007ff834b60000 - 0x00007ff834bdf000 	C:\WINDOWS\SYSTEM32\policymanager.dll
0x00007ff834cb0000 - 0x00007ff834d41000 	C:\Windows\System32\msvcp110_win.dll

VM Arguments:
jvm_args: -Dfile.encoding=UTF-8 
java_command: project.hostellerinterface
java_class_path (initial): C:\Program Files\NetBeans 8.2\ide\modules\ext\swingx-all-1.6.4.jar;C:\Users\Chandika\Desktop\Java\ConnectCodeBarcodeFontLibrary.jar;C:\Users\Chandika\Desktop\mysql-connector-java-8.0.13\mysql-connector-java-8.0.13.jar;C:\javacv-cppjars\ffmpeg-2.1.1-windows-x86.jar;C:\javacv-cppjars\ffmpeg-2.1.1-windows-x86_64.jar;C:\javacv-cppjars\opencv-2.4.8-windows-x86.jar;C:\javacv-cppjars\opencv-2.4.8-windows-x86_64.jar;C:\javacv-bin\javacpp.jar;C:\javacv-bin\javacv-android-arm.jar;C:\javacv-bin\javacv-linux-x86.jar;C:\javacv-bin\javacv-linux-x86_64.jar;C:\javacv-bin\javacv-macosx-x86_64.jar;C:\javacv-bin\javacv-windows-x86.jar;C:\javacv-bin\javacv-windows-x86_64.jar;C:\javacv-bin\javacv.jar;I:\Interim\build\classes
Launcher Type: SUN_STANDARD

Environment Variables:
PATH=C:\ProgramData\Oracle\Java\javapath;C:\Program Files (x86)\Intel\iCLS Client\;C:\Program Files\Intel\iCLS Client\;C:\Windows\system32;C:\Windows;C:\Windows\System32\Wbem;C:\Windows\System32\WindowsPowerShell\v1.0\;C:\Program Files (x86)\Intel\Intel(R) Management Engine Components\DAL;C:\Program Files\Intel\Intel(R) Management Engine Components\DAL;C:\Program Files (x86)\Intel\Intel(R) Management Engine Components\IPT;C:\Program Files\Intel\Intel(R) Management Engine Components\IPT;C:\Program Files (x86)\NVIDIA Corporation\PhysX\Common;C:\Program Files (x86)\Windows Kits\8.1\Windows Performance Toolkit\;C:\Program Files\Microsoft SQL Server\110\Tools\Binn\;C:\Program Files (x86)\QuickTime\QTSystem\;C:\WINDOWS\system32;C:\WINDOWS;C:\WINDOWS\System32\Wbem;C:\WINDOWS\System32\WindowsPowerShell\v1.0\;C:\WINDOWS\System32\OpenSSH\;C:\Program Files\Java\jdk1.8.0_144\bin;C:\Program Files\nodejs\;C:\Program Files\Git\cmd;C:\opencv\build\x86\vc14\bin;C:\Ruby24-x64\bin;C:\Users\Chandika\AppData\Local\atom\bin;C:\intelFPGA_pro\17.0\modelsim_ase\win32aloem;C:\Users\Chandika\AppData\Local\Microsoft\WindowsApps;C:\Users\Chandika\AppData\Roaming\npm;C:\Users\Chandika\AppData\Local\Programs\Microsoft VS Code\bin
USERNAME=Chandika
OS=Windows_NT
PROCESSOR_IDENTIFIER=Intel64 Family 6 Model 142 Stepping 9, GenuineIntel



---------------  S Y S T E M  ---------------

OS: Windows 10.0 , 64 bit Build 17134 (10.0.17134.1)

CPU:total 4 (initial active 4) (2 cores per cpu, 2 threads per core) family 6 model 142 stepping 9, cmov, cx8, fxsr, mmx, sse, sse2, sse3, ssse3, sse4.1, sse4.2, popcnt, avx, avx2, aes, clmul, erms, 3dnowpref, lzcnt, ht, tsc, tscinvbit, bmi1, bmi2, adx

Memory: 4k page, physical 8266272k(4084116k free), swap 12329504k(4929560k free)

vm_info: Java HotSpot(TM) 64-Bit Server VM (25.144-b01) for windows-amd64 JRE (1.8.0_144-b01), built on Jul 21 2017 21:57:33 by "java_re" with MS VC++ 10.0 (VS2010)

time: Mon Dec 10 11:18:52 2018
elapsed time: 286 seconds (0d 0h 4m 46s)

