#
# A fatal error has been detected by the Java Runtime Environment:
#
#  EXCEPTION_ACCESS_VIOLATION (0xc0000005) at pc=0x00007ff83cb8d979, pid=15348, tid=0x000000000000016c
#
# JRE version: Java(TM) SE Runtime Environment (8.0_144-b01) (build 1.8.0_144-b01)
# Java VM: Java HotSpot(TM) 64-Bit Server VM (25.144-b01 mixed mode windows-amd64 compressed oops)
# Problematic frame:
# C  [ntdll.dll+0x1d979]
#
# Failed to write core dump. Minidumps are not enabled by default on client versions of Windows
#
# If you would like to submit a bug report, please visit:
#   http://bugreport.java.com/bugreport/crash.jsp
# The crash happened outside the Java Virtual Machine in native code.
# See problematic frame for where to report the bug.
#

---------------  T H R E A D  ---------------

Current thread (0x000000001a4a4800):  JavaThread "Thread-3" [_thread_in_native, id=364, stack(0x000000001d860000,0x000000001d960000)]

siginfo: ExceptionCode=0xc0000005, writing address 0x0000000000000024

Registers:
RAX=0xffffffffffffffff, RBX=0x000000001a44e068, RCX=0x0000000000000000, RDX=0xffffffffffffffff
RSP=0x000000001d95f240, RBP=0x000000001d95f2b0, RSI=0x0000000000000000, RDI=0x0000000000000000
R8 =0x0000000000000000, R9 =0x00007ff80276e600, R10=0x0000000000000000, R11=0x0000000000000246
R12=0x0000000000000000, R13=0x000000001d026d60, R14=0x0000000000000000, R15=0x000000001a4a4800
RIP=0x00007ff83cb8d979, EFLAGS=0x0000000000010213

Top of Stack: (sp=0x000000001d95f240)
0x000000001d95f240:   ffffffffffffffff 000000001a44e068
0x000000001d95f250:   000000001d95f2b8 000000000322835d
0x000000001d95f260:   000000001d95f2b8 000000000322835d
0x000000001d95f270:   00000000d5fe1620 0000000000ecc000
0x000000001d95f280:   000000001dc8c47a 000000001d95f300
0x000000001d95f290:   000000001d95f2f0 0000000003227b30
0x000000001d95f2a0:   0000000003227b30 00007ff838fd9252
0x000000001d95f2b0:   000000001a4a4800 0000000000000001
0x000000001d95f2c0:   000000001d026d60 0000000000000000
0x000000001d95f2d0:   0000000000000000 0000000000000000
0x000000001d95f2e0:   0000000000000001 00007ff83cb883e7
0x000000001d95f2f0:   0000000000000000 000000001a44e068
0x000000001d95f300:   00000000fffffffa 0000000000000000
0x000000001d95f310:   000000001d95f4f8 00007ff83cb88300
0x000000001d95f320:   00007ff80276e640 00007ff80276e600
0x000000001d95f330:   0000000000000000 0000000000000000 

Instructions: (pc=0x00007ff83cb8d979)
0x00007ff83cb8d959:   35 62 e5 13 00 4c 0f 45 f6 48 39 73 18 0f 84 b6
0x00007ff83cb8d969:   01 00 00 48 8b 0b 48 83 f9 ff 0f 84 b6 01 00 00
0x00007ff83cb8d979:   ff 41 24 48 8b 7b 18 44 8b ee 48 89 7d c0 e8 b4
0x00007ff83cb8d989:   2e ff ff 85 c0 0f 85 56 ca 08 00 b9 82 03 fe 7f 


Register to memory mapping:

RAX=0xffffffffffffffff is an unknown value
RBX=0x000000001a44e068 is an unknown value
RCX=0x0000000000000000 is an unknown value
RDX=0xffffffffffffffff is an unknown value
RSP=0x000000001d95f240 is pointing into the stack for thread: 0x000000001a4a4800
RBP=0x000000001d95f2b0 is pointing into the stack for thread: 0x000000001a4a4800
RSI=0x0000000000000000 is an unknown value
RDI=0x0000000000000000 is an unknown value
R8 =0x0000000000000000 is an unknown value
R9 =0x00007ff80276e600 is an unknown value
R10=0x0000000000000000 is an unknown value
R11=0x0000000000000246 is an unknown value
R12=0x0000000000000000 is an unknown value
R13=0x000000001d026d60 is an unknown value
R14=0x0000000000000000 is an unknown value
R15=0x000000001a4a4800 is a thread


Stack: [0x000000001d860000,0x000000001d960000],  sp=0x000000001d95f240,  free space=1020k
Native frames: (J=compiled Java code, j=interpreted, Vv=VM code, C=native code)
C  [ntdll.dll+0x1d979]
C  [ntdll.dll+0x183e7]
C  [ntdll.dll+0x18300]
C  [opencv_highgui248.dll+0x15963]
C  [opencv_highgui248.dll+0x16946]
C  [opencv_highgui248.dll+0x10b2]
C  [jniopencv_highgui.dll+0x75d9]
C  0x0000000003237f74

Java frames: (J=compiled Java code, j=interpreted, Vv=VM code)
j  com.googlecode.javacv.cpp.opencv_highgui.cvQueryFrame(Lcom/googlecode/javacv/cpp/opencv_highgui$CvCapture;)Lcom/googlecode/javacv/cpp/opencv_core$IplImage;+0
j  project.hostellerinterface$30.run()V+66
v  ~StubRoutines::call_stub

---------------  P R O C E S S  ---------------

Java Threads: ( => current thread )
=>0x000000001a4a4800 JavaThread "Thread-3" [_thread_in_native, id=364, stack(0x000000001d860000,0x000000001d960000)]
  0x000000001a179800 JavaThread "Swing-Shell" daemon [_thread_blocked, id=5684, stack(0x000000001b4c0000,0x000000001b5c0000)]
  0x000000000321e000 JavaThread "DestroyJavaVM" [_thread_blocked, id=19412, stack(0x0000000002f10000,0x0000000003010000)]
  0x0000000019ecc800 JavaThread "AWT-EventQueue-0" [_thread_blocked, id=17668, stack(0x000000001b1a0000,0x000000001b2a0000)]
  0x0000000019e65000 JavaThread "AWT-Windows" daemon [_thread_in_native, id=19284, stack(0x000000001a7e0000,0x000000001a8e0000)]
  0x0000000019e62800 JavaThread "AWT-Shutdown" [_thread_blocked, id=16760, stack(0x000000001a6e0000,0x000000001a7e0000)]
  0x0000000019a83000 JavaThread "Java2D Disposer" daemon [_thread_blocked, id=12036, stack(0x000000001a5e0000,0x000000001a6e0000)]
  0x00000000196d8800 JavaThread "Service Thread" daemon [_thread_blocked, id=16220, stack(0x0000000019aa0000,0x0000000019ba0000)]
  0x0000000017d5a000 JavaThread "C1 CompilerThread2" daemon [_thread_blocked, id=4504, stack(0x00000000195a0000,0x00000000196a0000)]
  0x0000000017d53000 JavaThread "C2 CompilerThread1" daemon [_thread_blocked, id=14968, stack(0x00000000194a0000,0x00000000195a0000)]
  0x0000000017d50000 JavaThread "C2 CompilerThread0" daemon [_thread_blocked, id=18076, stack(0x00000000193a0000,0x00000000194a0000)]
  0x0000000017d4c800 JavaThread "Attach Listener" daemon [_thread_blocked, id=18512, stack(0x00000000192a0000,0x00000000193a0000)]
  0x0000000017d4b800 JavaThread "Signal Dispatcher" daemon [_thread_blocked, id=13404, stack(0x00000000191a0000,0x00000000192a0000)]
  0x000000000314e800 JavaThread "Finalizer" daemon [_thread_blocked, id=17796, stack(0x0000000018fb0000,0x00000000190b0000)]
  0x0000000003143000 JavaThread "Reference Handler" daemon [_thread_blocked, id=9528, stack(0x0000000018eb0000,0x0000000018fb0000)]

Other Threads:
  0x0000000017d17000 VMThread [stack: 0x0000000018db0000,0x0000000018eb0000] [id=6916]
  0x0000000019701800 WatcherThread [stack: 0x0000000019ba0000,0x0000000019ca0000] [id=15424]

VM state:not at safepoint (normal execution)

VM Mutex/Monitor currently owned by a thread: None

Heap:
 PSYoungGen      total 38400K, used 6765K [0x00000000d5f00000, 0x00000000d8980000, 0x0000000100000000)
  eden space 33280K, 6% used [0x00000000d5f00000,0x00000000d60fb410,0x00000000d7f80000)
  from space 5120K, 92% used [0x00000000d8480000,0x00000000d8920020,0x00000000d8980000)
  to   space 5120K, 0% used [0x00000000d7f80000,0x00000000d7f80000,0x00000000d8480000)
 ParOldGen       total 87552K, used 10072K [0x0000000081c00000, 0x0000000087180000, 0x00000000d5f00000)
  object space 87552K, 11% used [0x0000000081c00000,0x00000000825d6258,0x0000000087180000)
 Metaspace       used 16090K, capacity 16342K, committed 16512K, reserved 1062912K
  class space    used 2013K, capacity 2113K, committed 2176K, reserved 1048576K

Card table byte_map: [0x00000000125e0000,0x00000000129e0000] byte_map_base: 0x00000000121d2000

Marking Bits: (ParMarkBitMap*) 0x00000000746fd850
 Begin Bits: [0x0000000013090000, 0x0000000015020000)
 End Bits:   [0x0000000015020000, 0x0000000016fb0000)

Polling page: 0x0000000003010000

CodeCache: size=245760Kb used=6605Kb max_used=6634Kb free=239154Kb
 bounds [0x0000000003220000, 0x00000000038b0000, 0x0000000012220000]
 total_blobs=2504 nmethods=1965 adapters=450
 compilation: enabled

Compilation events (10 events):
Event: 11.070 Thread 0x0000000017d5a000 1983       3       java.awt.event.InvocationEvent::<init> (13 bytes)
Event: 11.070 Thread 0x0000000017d5a000 nmethod 1983 0x0000000003867dd0 code [0x0000000003867f40, 0x00000000038680e8]
Event: 11.130 Thread 0x0000000017d5a000 1984       3       java.awt.Component::dispatchEventImpl (883 bytes)
Event: 11.134 Thread 0x0000000017d5a000 nmethod 1984 0x00000000038961d0 code [0x0000000003896c00, 0x000000000389f498]
Event: 11.407 Thread 0x0000000017d5a000 1985       3       java.awt.image.Raster::getNumDataElements (8 bytes)
Event: 11.407 Thread 0x0000000017d5a000 nmethod 1985 0x0000000003893910 code [0x0000000003893a80, 0x0000000003893ca8]
Event: 11.540 Thread 0x0000000017d5a000 1986       1       java.lang.ref.Reference::clear (6 bytes)
Event: 11.540 Thread 0x0000000017d5a000 nmethod 1986 0x0000000003893650 code [0x00000000038937a0, 0x00000000038938d0]
Event: 11.540 Thread 0x0000000017d5a000 1987   !   3       java.lang.ClassLoader::findNative (86 bytes)
Event: 11.541 Thread 0x0000000017d5a000 nmethod 1987 0x000000000333c1d0 code [0x000000000333c380, 0x000000000333cc38]

GC Heap History (4 events):
Event: 7.275 GC heap before
{Heap before GC invocations=1 (full 0):
 PSYoungGen      total 38400K, used 32702K [0x00000000d5f00000, 0x00000000d8980000, 0x0000000100000000)
  eden space 33280K, 98% used [0x00000000d5f00000,0x00000000d7eef9f8,0x00000000d7f80000)
  from space 5120K, 0% used [0x00000000d8480000,0x00000000d8480000,0x00000000d8980000)
  to   space 5120K, 0% used [0x00000000d7f80000,0x00000000d7f80000,0x00000000d8480000)
 ParOldGen       total 87552K, used 0K [0x0000000081c00000, 0x0000000087180000, 0x00000000d5f00000)
  object space 87552K, 0% used [0x0000000081c00000,0x0000000081c00000,0x0000000087180000)
 Metaspace       used 15837K, capacity 16054K, committed 16256K, reserved 1062912K
  class space    used 2001K, capacity 2081K, committed 2176K, reserved 1048576K
Event: 7.285 GC heap after
Heap after GC invocations=1 (full 0):
 PSYoungGen      total 38400K, used 4384K [0x00000000d5f00000, 0x00000000d8980000, 0x0000000100000000)
  eden space 33280K, 0% used [0x00000000d5f00000,0x00000000d5f00000,0x00000000d7f80000)
  from space 5120K, 85% used [0x00000000d7f80000,0x00000000d83c8180,0x00000000d8480000)
  to   space 5120K, 0% used [0x00000000d8480000,0x00000000d8480000,0x00000000d8980000)
 ParOldGen       total 87552K, used 7356K [0x0000000081c00000, 0x0000000087180000, 0x00000000d5f00000)
  object space 87552K, 8% used [0x0000000081c00000,0x000000008232f228,0x0000000087180000)
 Metaspace       used 15837K, capacity 16054K, committed 16256K, reserved 1062912K
  class space    used 2001K, capacity 2081K, committed 2176K, reserved 1048576K
}
Event: 11.535 GC heap before
{Heap before GC invocations=2 (full 0):
 PSYoungGen      total 38400K, used 37414K [0x00000000d5f00000, 0x00000000d8980000, 0x0000000100000000)
  eden space 33280K, 99% used [0x00000000d5f00000,0x00000000d7f41830,0x00000000d7f80000)
  from space 5120K, 85% used [0x00000000d7f80000,0x00000000d83c8180,0x00000000d8480000)
  to   space 5120K, 0% used [0x00000000d8480000,0x00000000d8480000,0x00000000d8980000)
 ParOldGen       total 87552K, used 7356K [0x0000000081c00000, 0x0000000087180000, 0x00000000d5f00000)
  object space 87552K, 8% used [0x0000000081c00000,0x000000008232f228,0x0000000087180000)
 Metaspace       used 16088K, capacity 16342K, committed 16512K, reserved 1062912K
  class space    used 2013K, capacity 2113K, committed 2176K, reserved 1048576K
Event: 11.540 GC heap after
Heap after GC invocations=2 (full 0):
 PSYoungGen      total 38400K, used 4736K [0x00000000d5f00000, 0x00000000d8980000, 0x0000000100000000)
  eden space 33280K, 0% used [0x00000000d5f00000,0x00000000d5f00000,0x00000000d7f80000)
  from space 5120K, 92% used [0x00000000d8480000,0x00000000d8920020,0x00000000d8980000)
  to   space 5120K, 0% used [0x00000000d7f80000,0x00000000d7f80000,0x00000000d8480000)
 ParOldGen       total 87552K, used 10072K [0x0000000081c00000, 0x0000000087180000, 0x00000000d5f00000)
  object space 87552K, 11% used [0x0000000081c00000,0x00000000825d6258,0x0000000087180000)
 Metaspace       used 16088K, capacity 16342K, committed 16512K, reserved 1062912K
  class space    used 2013K, capacity 2113K, committed 2176K, reserved 1048576K
}

Deoptimization events (10 events):
Event: 1.061 Thread 0x0000000019ecc800 Uncommon trap: reason=bimorphic action=maybe_recompile pc=0x00000000034e3f44 method=java.util.concurrent.locks.AbstractQueuedSynchronizer.release(I)Z @ 2
Event: 1.075 Thread 0x0000000019ecc800 Uncommon trap: reason=bimorphic action=maybe_recompile pc=0x00000000034e3f44 method=java.util.concurrent.locks.AbstractQueuedSynchronizer.release(I)Z @ 2
Event: 1.077 Thread 0x0000000019ecc800 Uncommon trap: reason=bimorphic action=maybe_recompile pc=0x00000000034e3f44 method=java.util.concurrent.locks.AbstractQueuedSynchronizer.release(I)Z @ 2
Event: 1.166 Thread 0x0000000019ecc800 Uncommon trap: reason=unstable_if action=reinterpret pc=0x00000000035529c4 method=javax.swing.JComponent.getClientProperty(Ljava/lang/Object;)Ljava/lang/Object; @ 16
Event: 2.518 Thread 0x0000000019ecc800 Uncommon trap: reason=null_check action=make_not_entrant pc=0x00000000035c8718 method=java.awt.Component.isLightweight()Z @ 4
Event: 7.336 Thread 0x000000001a4a4800 Uncommon trap: reason=unstable_if action=reinterpret pc=0x000000000361b840 method=java.lang.ref.SoftReference.get()Ljava/lang/Object; @ 17
Event: 11.540 Thread 0x000000000314e800 Uncommon trap: reason=unstable_if action=reinterpret pc=0x00000000037ab060 method=java.util.concurrent.locks.ReentrantLock$Sync.nonfairTryAcquire(I)Z @ 34
Event: 11.540 Thread 0x000000000314e800 Uncommon trap: reason=unstable_if action=reinterpret pc=0x00000000035d4a78 method=java.util.concurrent.locks.ReentrantLock$Sync.tryRelease(I)Z @ 28
Event: 11.540 Thread 0x000000000314e800 Uncommon trap: reason=unstable_if action=reinterpret pc=0x0000000003529780 method=java.util.concurrent.locks.ReentrantLock$Sync.tryRelease(I)Z @ 28
Event: 11.540 Thread 0x000000000314e800 Uncommon trap: reason=unstable_if action=reinterpret pc=0x00000000037448d8 method=java.util.concurrent.locks.AbstractQueuedSynchronizer.release(I)Z @ 5

Internal exceptions (10 events):
Event: 0.225 Thread 0x000000000321e000 Exception <a 'java/lang/ClassNotFoundException': ToggleButton> (0x00000000d6391618) thrown at [C:\re\workspace\8-2-build-windows-amd64-cygwin\jdk8u144\9417\hotspot\src\share\vm\classfile\systemDictionary.cpp, line 210]
Event: 0.225 Thread 0x000000000321e000 Exception <a 'java/lang/ClassNotFoundException': javax/swing/JToolBarSeparator> (0x00000000d6391a78) thrown at [C:\re\workspace\8-2-build-windows-amd64-cygwin\jdk8u144\9417\hotspot\src\share\vm\classfile\systemDictionary.cpp, line 210]
Event: 0.225 Thread 0x000000000321e000 Exception <a 'java/lang/ClassNotFoundException': ToolBarSeparator> (0x00000000d6391f10) thrown at [C:\re\workspace\8-2-build-windows-amd64-cygwin\jdk8u144\9417\hotspot\src\share\vm\classfile\systemDictionary.cpp, line 210]
Event: 0.226 Thread 0x000000000321e000 Exception <a 'java/lang/ClassNotFoundException': ToolTip> (0x00000000d6392650) thrown at [C:\re\workspace\8-2-build-windows-amd64-cygwin\jdk8u144\9417\hotspot\src\share\vm\classfile\systemDictionary.cpp, line 210]
Event: 0.226 Thread 0x000000000321e000 Exception <a 'java/lang/ClassNotFoundException': Tree> (0x00000000d6393270) thrown at [C:\re\workspace\8-2-build-windows-amd64-cygwin\jdk8u144\9417\hotspot\src\share\vm\classfile\systemDictionary.cpp, line 210]
Event: 0.226 Thread 0x000000000321e000 Exception <a 'java/lang/ClassNotFoundException': Tree> (0x00000000d63939b0) thrown at [C:\re\workspace\8-2-build-windows-amd64-cygwin\jdk8u144\9417\hotspot\src\share\vm\classfile\systemDictionary.cpp, line 210]
Event: 0.226 Thread 0x000000000321e000 Exception <a 'java/lang/ClassNotFoundException': javax/swing/JTreeCell> (0x00000000d6393d30) thrown at [C:\re\workspace\8-2-build-windows-amd64-cygwin\jdk8u144\9417\hotspot\src\share\vm\classfile\systemDictionary.cpp, line 210]
Event: 0.226 Thread 0x000000000321e000 Exception <a 'java/lang/ClassNotFoundException': TreeCell> (0x00000000d63941b8) thrown at [C:\re\workspace\8-2-build-windows-amd64-cygwin\jdk8u144\9417\hotspot\src\share\vm\classfile\systemDictionary.cpp, line 210]
Event: 0.227 Thread 0x000000000321e000 Exception <a 'java/lang/ClassNotFoundException': RootPane> (0x00000000d6394b70) thrown at [C:\re\workspace\8-2-build-windows-amd64-cygwin\jdk8u144\9417\hotspot\src\share\vm\classfile\systemDictionary.cpp, line 210]
Event: 2.518 Thread 0x0000000019ecc800 Implicit null exception at 0x00000000035c86b0 to 0x00000000035c870b

Events (10 events):
Event: 11.540 Thread 0x000000000314e800 Uncommon trap: trap_request=0xffffff65 fr.pc=0x0000000003529780
Event: 11.540 Thread 0x0000000017d5a000 flushing nmethod 0x0000000003358a50
Event: 11.540 Thread 0x0000000017d5a000 flushing nmethod 0x0000000003359050
Event: 11.540 Thread 0x000000000314e800 DEOPT PACKING pc=0x0000000003529780 sp=0x00000000190aee50
Event: 11.540 Thread 0x000000000314e800 DEOPT UNPACKING pc=0x000000000326582a sp=0x00000000190aedd8 mode 2
Event: 11.540 Thread 0x000000000314e800 Uncommon trap: trap_request=0xffffff65 fr.pc=0x00000000037448d8
Event: 11.540 Thread 0x000000000314e800 DEOPT PACKING pc=0x00000000037448d8 sp=0x00000000190aee80
Event: 11.540 Thread 0x000000000314e800 DEOPT UNPACKING pc=0x000000000326582a sp=0x00000000190aee20 mode 2
Event: 11.541 Thread 0x0000000017d5a000 flushing nmethod 0x0000000003397010
Event: 11.541 Thread 0x0000000017d5a000 flushing nmethod 0x000000000339ab10


Dynamic libraries:
0x00007ff69cba0000 - 0x00007ff69cbd7000 	C:\Program Files\Java\jdk1.8.0_144\bin\java.exe
0x00007ff83cb70000 - 0x00007ff83cd51000 	C:\WINDOWS\SYSTEM32\ntdll.dll
0x00007ff83a5a0000 - 0x00007ff83a652000 	C:\WINDOWS\System32\KERNEL32.DLL
0x00007ff838fa0000 - 0x00007ff839213000 	C:\WINDOWS\System32\KERNELBASE.dll
0x00007ff83c380000 - 0x00007ff83c421000 	C:\WINDOWS\System32\ADVAPI32.dll
0x00007ff83c430000 - 0x00007ff83c4ce000 	C:\WINDOWS\System32\msvcrt.dll
0x00007ff83a000000 - 0x00007ff83a05b000 	C:\WINDOWS\System32\sechost.dll
0x00007ff83c0a0000 - 0x00007ff83c1c4000 	C:\WINDOWS\System32\RPCRT4.dll
0x00007ff83bf10000 - 0x00007ff83c0a0000 	C:\WINDOWS\System32\USER32.dll
0x00007ff839a00000 - 0x00007ff839a20000 	C:\WINDOWS\System32\win32u.dll
0x00007ff83c970000 - 0x00007ff83c998000 	C:\WINDOWS\System32\GDI32.dll
0x00007ff839b20000 - 0x00007ff839cb2000 	C:\WINDOWS\System32\gdi32full.dll
0x00007ff839eb0000 - 0x00007ff839f4f000 	C:\WINDOWS\System32\msvcp_win.dll
0x00007ff839a20000 - 0x00007ff839b1a000 	C:\WINDOWS\System32\ucrtbase.dll
0x00007ff82cb40000 - 0x00007ff82cda9000 	C:\WINDOWS\WinSxS\amd64_microsoft.windows.common-controls_6595b64144ccf1df_6.0.17134.407_none_fb449d63306391e9\COMCTL32.dll
0x00007ff83a270000 - 0x00007ff83a592000 	C:\WINDOWS\System32\combase.dll
0x00007ff839930000 - 0x00007ff8399aa000 	C:\WINDOWS\System32\bcryptPrimitives.dll
0x00007ff83c890000 - 0x00007ff83c8bd000 	C:\WINDOWS\System32\IMM32.DLL
0x0000000073e00000 - 0x0000000073ed2000 	C:\Program Files\Java\jdk1.8.0_144\jre\bin\msvcr100.dll
0x0000000073ee0000 - 0x000000007477d000 	C:\Program Files\Java\jdk1.8.0_144\jre\bin\server\jvm.dll
0x00007ff83a100000 - 0x00007ff83a108000 	C:\WINDOWS\System32\PSAPI.DLL
0x00007ff835040000 - 0x00007ff835063000 	C:\WINDOWS\SYSTEM32\WINMM.dll
0x00007ff82de10000 - 0x00007ff82de1a000 	C:\WINDOWS\SYSTEM32\VERSION.dll
0x00007ff837a70000 - 0x00007ff837a79000 	C:\WINDOWS\SYSTEM32\WSOCK32.dll
0x00007ff83ca00000 - 0x00007ff83ca6c000 	C:\WINDOWS\System32\WS2_32.dll
0x00007ff834fd0000 - 0x00007ff834ffa000 	C:\WINDOWS\SYSTEM32\WINMMBASE.dll
0x00007ff8399b0000 - 0x00007ff8399f9000 	C:\WINDOWS\System32\cfgmgr32.dll
0x0000000075090000 - 0x000000007509f000 	C:\Program Files\Java\jdk1.8.0_144\jre\bin\verify.dll
0x0000000073d90000 - 0x0000000073db9000 	C:\Program Files\Java\jdk1.8.0_144\jre\bin\java.dll
0x0000000073d70000 - 0x0000000073d86000 	C:\Program Files\Java\jdk1.8.0_144\jre\bin\zip.dll
0x00007ff83aab0000 - 0x00007ff83beef000 	C:\WINDOWS\System32\SHELL32.dll
0x00007ff83c8c0000 - 0x00007ff83c969000 	C:\WINDOWS\System32\shcore.dll
0x00007ff839220000 - 0x00007ff83992d000 	C:\WINDOWS\System32\windows.storage.dll
0x00007ff83c7a0000 - 0x00007ff83c7f1000 	C:\WINDOWS\System32\shlwapi.dll
0x00007ff838f00000 - 0x00007ff838f11000 	C:\WINDOWS\System32\kernel.appcore.dll
0x00007ff838ee0000 - 0x00007ff838eff000 	C:\WINDOWS\System32\profapi.dll
0x00007ff838e80000 - 0x00007ff838ecc000 	C:\WINDOWS\System32\powrprof.dll
0x00007ff838ed0000 - 0x00007ff838eda000 	C:\WINDOWS\System32\FLTLIB.DLL
0x0000000073b90000 - 0x0000000073d28000 	C:\Program Files\Java\jdk1.8.0_144\jre\bin\awt.dll
0x00007ff83ca70000 - 0x00007ff83cb32000 	C:\WINDOWS\System32\OLEAUT32.dll
0x00007ff836fd0000 - 0x00007ff83705b000 	C:\WINDOWS\SYSTEM32\apphelp.dll
0x00007ff8370d0000 - 0x00007ff837168000 	C:\WINDOWS\system32\uxtheme.dll
0x00007ff83c620000 - 0x00007ff83c793000 	C:\WINDOWS\System32\MSCTF.dll
0x00007ff8374a0000 - 0x00007ff8374c9000 	C:\WINDOWS\system32\dwmapi.dll
0x00007ff83a110000 - 0x00007ff83a261000 	C:\WINDOWS\System32\ole32.dll
0x0000000073b40000 - 0x0000000073b87000 	C:\Program Files\Java\jdk1.8.0_144\jre\bin\fontmanager.dll
0x00007ff8298c0000 - 0x00007ff8299e0000 	C:\WINDOWS\system32\opengl32.dll
0x00007ff82de20000 - 0x00007ff82de4c000 	C:\WINDOWS\SYSTEM32\GLU32.dll
0x00007ff834300000 - 0x00007ff8343a7000 	C:\WINDOWS\WinSxS\amd64_microsoft.windows.common-controls_6595b64144ccf1df_5.82.17134.407_none_f94e16e330999300\comctl32.dll
0x0000000073d50000 - 0x0000000073d6a000 	C:\Program Files\Java\jdk1.8.0_144\jre\bin\net.dll
0x00007ff838700000 - 0x00007ff838766000 	C:\WINDOWS\system32\mswsock.dll
0x0000000073d30000 - 0x0000000073d41000 	C:\Program Files\Java\jdk1.8.0_144\jre\bin\nio.dll
0x0000000073af0000 - 0x0000000073b32000 	C:\Program Files\Java\jdk1.8.0_144\jre\bin\t2k.dll
0x00007ff83a060000 - 0x00007ff83a100000 	C:\WINDOWS\System32\clbcatq.dll
0x00007ff835740000 - 0x00007ff8358f4000 	C:\WINDOWS\SYSTEM32\PROPSYS.dll
0x00007ff82fdb0000 - 0x00007ff83044b000 	C:\Windows\System32\OneCoreUAPCommonProxyStub.dll
0x00007ff81f670000 - 0x00007ff81f797000 	C:\WINDOWS\system32\NetworkExplorer.dll
0x00007ff821f70000 - 0x00007ff821f8a000 	C:\WINDOWS\SYSTEM32\MPR.dll
0x00007ff8342f0000 - 0x00007ff8342fb000 	C:\WINDOWS\System32\drprov.dll
0x00007ff837fe0000 - 0x00007ff838036000 	C:\WINDOWS\System32\WINSTA.dll
0x00007ff82f800000 - 0x00007ff82f816000 	C:\WINDOWS\System32\ntlanman.dll
0x00007ff82d110000 - 0x00007ff82d12d000 	C:\WINDOWS\System32\davclnt.dll
0x00007ff8342e0000 - 0x00007ff8342ec000 	C:\WINDOWS\System32\DAVHLPR.dll
0x00007ff833260000 - 0x00007ff833277000 	C:\WINDOWS\System32\wkscli.dll
0x00007ff8389e0000 - 0x00007ff838a05000 	C:\WINDOWS\System32\bcrypt.dll
0x00007ff81b800000 - 0x00007ff81b812000 	C:\WINDOWS\SYSTEM32\cscapi.dll
0x00007ff8384c0000 - 0x00007ff8384ce000 	C:\WINDOWS\System32\netutils.dll
0x00007ff81f620000 - 0x00007ff81f66a000 	C:\Windows\System32\dlnashext.dll
0x00007ff816210000 - 0x00007ff816273000 	C:\Windows\System32\PlayToDevice.dll
0x00007ff81f1f0000 - 0x00007ff81f20e000 	C:\Windows\System32\DevDispItemProvider.dll
0x00007ff82df60000 - 0x00007ff82dfd6000 	C:\WINDOWS\System32\MMDevApi.dll
0x00007ff838cb0000 - 0x00007ff838cd7000 	C:\WINDOWS\System32\DEVOBJ.dll
0x00007fffed920000 - 0x00007fffedb01000 	C:\WINDOWS\system32\wpdshext.dll
0x00007ff831cc0000 - 0x00007ff831e5a000 	C:\WINDOWS\WinSxS\amd64_microsoft.windows.gdiplus_6595b64144ccf1df_1.1.17134.407_none_2c2f90488af60bb7\gdiplus.dll
0x00007ff834f00000 - 0x00007ff834f9c000 	C:\Windows\System32\PortableDeviceApi.dll
0x00007ff83a660000 - 0x00007ff83aaab000 	C:\WINDOWS\System32\SETUPAPI.dll
0x00007ff838f40000 - 0x00007ff838f97000 	C:\WINDOWS\System32\WINTRUST.dll
0x00007ff838f20000 - 0x00007ff838f32000 	C:\WINDOWS\System32\MSASN1.dll
0x00007ff839cc0000 - 0x00007ff839ea2000 	C:\WINDOWS\System32\CRYPT32.dll
0x00007ff835590000 - 0x00007ff8355c0000 	C:\Windows\System32\PortableDeviceTypes.dll
0x00007ff812f70000 - 0x00007ff812fa7000 	C:\Windows\System32\EhStorShell.dll
0x00007ff827160000 - 0x00007ff827185000 	C:\Windows\System32\EhStorAPI.dll
0x00007ff837a50000 - 0x00007ff837a63000 	C:\Windows\System32\WTSAPI32.dll
0x00007ff82fb10000 - 0x00007ff82fb1d000 	C:\WINDOWS\SYSTEM32\LINKINFO.dll
0x00007ff832440000 - 0x00007ff8325ee000 	C:\WINDOWS\SYSTEM32\WindowsCodecs.dll
0x00007ff81e820000 - 0x00007ff81e878000 	C:\WINDOWS\system32\dataexchange.dll
0x00007ff8369d0000 - 0x00007ff836b6c000 	C:\WINDOWS\system32\dcomp.dll
0x00007ff835ed0000 - 0x00007ff8361db000 	C:\WINDOWS\system32\d3d11.dll
0x00007ff837d10000 - 0x00007ff837dcb000 	C:\WINDOWS\system32\dxgi.dll
0x00007ff8371d0000 - 0x00007ff837388000 	C:\WINDOWS\system32\twinapi.appcore.dll
0x00007ff8371a0000 - 0x00007ff8371c1000 	C:\WINDOWS\system32\RMCLIENT.dll
0x00007ff82af10000 - 0x00007ff82afa6000 	C:\WINDOWS\System32\TextInputFramework.dll
0x00007ff835900000 - 0x00007ff8359da000 	C:\WINDOWS\System32\CoreMessaging.dll
0x00007ff831f60000 - 0x00007ff83227e000 	C:\WINDOWS\System32\CoreUIComponents.dll
0x00007ff837f40000 - 0x00007ff837f71000 	C:\WINDOWS\SYSTEM32\ntmarta.dll
0x00007ff833630000 - 0x00007ff83377d000 	C:\WINDOWS\SYSTEM32\wintypes.dll
0x0000000073ac0000 - 0x0000000073aea000 	C:\Program Files\Java\jdk1.8.0_144\jre\bin\dcpr.dll
0x0000000070720000 - 0x00000000707f1000 	C:\Users\Chandika\AppData\Local\Temp\javacpp174411071329007\msvcr100.dll
0x0000000070680000 - 0x0000000070718000 	C:\Users\Chandika\AppData\Local\Temp\javacpp174411071329007\msvcp100.dll
0x0000000066840000 - 0x00000000676b4000 	C:\Users\Chandika\AppData\Local\Temp\javacpp174411071329007\opencv_ffmpeg248_64.dll
0x00007ff801dd0000 - 0x00007ff802042000 	C:\Users\Chandika\AppData\Local\Temp\javacpp174411071329007\opencv_core248.dll
0x00007ff800910000 - 0x00007ff800bc2000 	C:\Users\Chandika\AppData\Local\Temp\javacpp174411071329007\opencv_imgproc248.dll
0x00007ff802540000 - 0x00007ff80278d000 	C:\Users\Chandika\AppData\Local\Temp\javacpp174411071329007\opencv_highgui248.dll
0x00007ff822e20000 - 0x00007ff822e3f000 	C:\WINDOWS\SYSTEM32\AVIFIL32.dll
0x00007ff815380000 - 0x00007ff8153a9000 	C:\WINDOWS\SYSTEM32\MSVFW32.dll
0x00007ff82c760000 - 0x00007ff82c778000 	C:\WINDOWS\SYSTEM32\AVICAP32.dll
0x00007ff82a120000 - 0x00007ff82a13c000 	C:\WINDOWS\SYSTEM32\MSACM32.dll
0x00007ff82d0f0000 - 0x00007ff82d103000 	C:\Users\Chandika\AppData\Local\Temp\javacpp174411071329007\jniopencv_highgui.dll
0x00007ff82c8a0000 - 0x00007ff82c8b7000 	C:\Windows\System32\devenum.dll
0x00007ff8349f0000 - 0x00007ff8349fa000 	C:\WINDOWS\SYSTEM32\msdmo.dll
0x00007ff81e9c0000 - 0x00007ff81e9f3000 	C:\Windows\System32\qcap.dll
0x00007ff8032b0000 - 0x00007ff80346d000 	C:\Windows\System32\quartz.dll
0x00007ff81e880000 - 0x00007ff81e8cb000 	C:\Windows\System32\mfksproxy.dll
0x00007ff82df30000 - 0x00007ff82df4d000 	C:\Windows\System32\ATL.DLL
0x00007ff82da70000 - 0x00007ff82dc4b000 	C:\Windows\System32\MFPlat.DLL
0x00007ff8342a0000 - 0x00007ff8342ce000 	C:\Windows\System32\RTWorkQ.DLL
0x00007ff815d30000 - 0x00007ff815d7e000 	C:\Windows\System32\MFSENSORGROUP.dll
0x00007ff811140000 - 0x00007ff811188000 	C:\Windows\System32\ksproxy.ax
0x00007ff834990000 - 0x00007ff834999000 	C:\Windows\System32\ksuser.dll
0x00007ff808950000 - 0x00007ff808ae7000 	C:\Windows\System32\d3d9.dll
0x00007ff834b60000 - 0x00007ff834bdf000 	C:\WINDOWS\SYSTEM32\policymanager.dll
0x00007ff834cb0000 - 0x00007ff834d41000 	C:\Windows\System32\msvcp110_win.dll
0x00007ff82d980000 - 0x00007ff82d98c000 	C:\Windows\System32\vidcap.ax
0x00007ff81c780000 - 0x00007ff81c7a6000 	C:\Windows\System32\kswdmcap.ax
0x00007ff8007a0000 - 0x00007ff800904000 	C:\Windows\System32\MFC42.dll
0x00007ff80e920000 - 0x00007ff80e9bf000 	C:\Windows\System32\qedit.dll
0x00007ff83c4d0000 - 0x00007ff83c5bd000 	C:\WINDOWS\System32\COMDLG32.dll
0x00007ff8156d0000 - 0x00007ff8157c6000 	C:\Windows\System32\DDRAW.dll

VM Arguments:
jvm_args: -Dfile.encoding=UTF-8 
java_command: project.hostellerinterface
java_class_path (initial): C:\Program Files\NetBeans 8.2\ide\modules\ext\swingx-all-1.6.4.jar;C:\Users\Chandika\Desktop\Java\ConnectCodeBarcodeFontLibrary.jar;C:\Program Files\NetBeans 8.2\ide\modules\ext\mysql-connector-java-5.1.23-bin.jar;C:\Program Files\NetBeans 8.2\java\modules\ext\AbsoluteLayout.jar;C:\Users\Chandika\Desktop\mysql-connector-java-8.0.13\mysql-connector-java-8.0.13.jar;C:\javacv-cppjars\ffmpeg-2.1.1-windows-x86.jar;C:\javacv-cppjars\ffmpeg-2.1.1-windows-x86_64.jar;C:\javacv-cppjars\opencv-2.4.8-windows-x86.jar;C:\javacv-cppjars\opencv-2.4.8-windows-x86_64.jar;C:\javacv-bin\javacpp.jar;C:\javacv-bin\javacv-android-arm.jar;C:\javacv-bin\javacv-linux-x86.jar;C:\javacv-bin\javacv-linux-x86_64.jar;C:\javacv-bin\javacv-macosx-x86_64.jar;C:\javacv-bin\javacv-windows-x86.jar;C:\javacv-bin\javacv-windows-x86_64.jar;C:\javacv-bin\javacv.jar;I:\Interim\build\classes
Launcher Type: SUN_STANDARD

Environment Variables:
PATH=C:\ProgramData\Oracle\Java\javapath;C:\Program Files (x86)\Intel\iCLS Client\;C:\Program Files\Intel\iCLS Client\;C:\Windows\system32;C:\Windows;C:\Windows\System32\Wbem;C:\Windows\System32\WindowsPowerShell\v1.0\;C:\Program Files (x86)\Intel\Intel(R) Management Engine Components\DAL;C:\Program Files\Intel\Intel(R) Management Engine Components\DAL;C:\Program Files (x86)\Intel\Intel(R) Management Engine Components\IPT;C:\Program Files\Intel\Intel(R) Management Engine Components\IPT;C:\Program Files (x86)\NVIDIA Corporation\PhysX\Common;C:\Program Files (x86)\Windows Kits\8.1\Windows Performance Toolkit\;C:\Program Files\Microsoft SQL Server\110\Tools\Binn\;C:\Program Files (x86)\QuickTime\QTSystem\;C:\WINDOWS\system32;C:\WINDOWS;C:\WINDOWS\System32\Wbem;C:\WINDOWS\System32\WindowsPowerShell\v1.0\;C:\WINDOWS\System32\OpenSSH\;C:\Program Files\Java\jdk1.8.0_144\bin;C:\Program Files\nodejs\;C:\Program Files\Git\cmd;C:\opencv\build\x86\vc14\bin;C:\Ruby24-x64\bin;C:\Users\Chandika\AppData\Local\atom\bin;C:\intelFPGA_pro\17.0\modelsim_ase\win32aloem;C:\Users\Chandika\AppData\Local\Microsoft\WindowsApps;C:\Users\Chandika\AppData\Roaming\npm;C:\Users\Chandika\AppData\Local\Programs\Microsoft VS Code\bin
USERNAME=Chandika
OS=Windows_NT
PROCESSOR_IDENTIFIER=Intel64 Family 6 Model 142 Stepping 9, GenuineIntel



---------------  S Y S T E M  ---------------

OS: Windows 10.0 , 64 bit Build 17134 (10.0.17134.1)

CPU:total 4 (initial active 4) (2 cores per cpu, 2 threads per core) family 6 model 142 stepping 9, cmov, cx8, fxsr, mmx, sse, sse2, sse3, ssse3, sse4.1, sse4.2, popcnt, avx, avx2, aes, clmul, erms, 3dnowpref, lzcnt, ht, tsc, tscinvbit, bmi1, bmi2, adx

Memory: 4k page, physical 8266272k(3055764k free), swap 12329504k(3343160k free)

vm_info: Java HotSpot(TM) 64-Bit Server VM (25.144-b01) for windows-amd64 JRE (1.8.0_144-b01), built on Jul 21 2017 21:57:33 by "java_re" with MS VC++ 10.0 (VS2010)

time: Mon Dec 10 01:41:53 2018
elapsed time: 11 seconds (0d 0h 0m 11s)

