#
# A fatal error has been detected by the Java Runtime Environment:
#
#  EXCEPTION_ACCESS_VIOLATION (0xc0000005) at pc=0x00007ff83cb8d979, pid=16380, tid=0x0000000000000684
#
# JRE version: Java(TM) SE Runtime Environment (8.0_144-b01) (build 1.8.0_144-b01)
# Java VM: Java HotSpot(TM) 64-Bit Server VM (25.144-b01 mixed mode windows-amd64 compressed oops)
# Problematic frame:
# C  [ntdll.dll+0x1d979]
#
# Failed to write core dump. Minidumps are not enabled by default on client versions of Windows
#
# If you would like to submit a bug report, please visit:
#   http://bugreport.java.com/bugreport/crash.jsp
# The crash happened outside the Java Virtual Machine in native code.
# See problematic frame for where to report the bug.
#

---------------  T H R E A D  ---------------

Current thread (0x00000000195e5000):  JavaThread "Thread-3" [_thread_in_native, id=1668, stack(0x000000001d9e0000,0x000000001dae0000)]

siginfo: ExceptionCode=0xc0000005, writing address 0x0000000000000024

Registers:
RAX=0xffffffffffffffff, RBX=0x0000000018dfad48, RCX=0x0000000000000000, RDX=0xffffffffffffffff
RSP=0x000000001dadeee0, RBP=0x000000001dadef50, RSI=0x0000000000000000, RDI=0x0000000000000000
R8 =0x0000000000000000, R9 =0x00007ff80623e600, R10=0x0000000000000000, R11=0x0000000000000246
R12=0x0000000000000000, R13=0x000000001c194f50, R14=0x0000000000000000, R15=0x00000000195e5000
RIP=0x00007ff83cb8d979, EFLAGS=0x0000000000010213

Top of Stack: (sp=0x000000001dadeee0)
0x000000001dadeee0:   ffffffffffffffff 0000000018dfad48
0x000000001dadeef0:   000000001dadef58 000000000264835d
0x000000001dadef00:   0000000000000000 000000000264835d
0x000000001dadef10:   00000000d5fe1620 000000000042a000
0x000000001dadef20:   000000001ceea492 000000001dadefa0
0x000000001dadef30:   000000001ceea868 0000000000000000
0x000000001dadef40:   000000001ceea4e0 00007ff838fd9252
0x000000001dadef50:   00000000195e5000 0000000000000001
0x000000001dadef60:   000000001c194f50 0000000000000000
0x000000001dadef70:   0000000000000000 0000000000000000
0x000000001dadef80:   0000000000000001 00007ff83cb883e7
0x000000001dadef90:   0000000000000000 0000000018dfad48
0x000000001dadefa0:   00000000fffffffa 0000000000000000
0x000000001dadefb0:   000000001dadf198 00007ff83cb88300
0x000000001dadefc0:   00007ff80623e640 00007ff80623e600
0x000000001dadefd0:   0000000000000000 0000000000000000 

Instructions: (pc=0x00007ff83cb8d979)
0x00007ff83cb8d959:   35 62 e5 13 00 4c 0f 45 f6 48 39 73 18 0f 84 b6
0x00007ff83cb8d969:   01 00 00 48 8b 0b 48 83 f9 ff 0f 84 b6 01 00 00
0x00007ff83cb8d979:   ff 41 24 48 8b 7b 18 44 8b ee 48 89 7d c0 e8 b4
0x00007ff83cb8d989:   2e ff ff 85 c0 0f 85 56 ca 08 00 b9 82 03 fe 7f 


Register to memory mapping:

RAX=0xffffffffffffffff is an unknown value
RBX=0x0000000018dfad48 is an unknown value
RCX=0x0000000000000000 is an unknown value
RDX=0xffffffffffffffff is an unknown value
RSP=0x000000001dadeee0 is pointing into the stack for thread: 0x00000000195e5000
RBP=0x000000001dadef50 is pointing into the stack for thread: 0x00000000195e5000
RSI=0x0000000000000000 is an unknown value
RDI=0x0000000000000000 is an unknown value
R8 =0x0000000000000000 is an unknown value
R9 =0x00007ff80623e600 is an unknown value
R10=0x0000000000000000 is an unknown value
R11=0x0000000000000246 is an unknown value
R12=0x0000000000000000 is an unknown value
R13=0x000000001c194f50 is an unknown value
R14=0x0000000000000000 is an unknown value
R15=0x00000000195e5000 is a thread


Stack: [0x000000001d9e0000,0x000000001dae0000],  sp=0x000000001dadeee0,  free space=1019k
Native frames: (J=compiled Java code, j=interpreted, Vv=VM code, C=native code)
C  [ntdll.dll+0x1d979]
C  [ntdll.dll+0x183e7]
C  [ntdll.dll+0x18300]
C  [opencv_highgui248.dll+0x15963]
C  [opencv_highgui248.dll+0x16946]
C  [opencv_highgui248.dll+0x10b2]
C  [jniopencv_highgui.dll+0x75d9]
C  0x0000000002657f74

Java frames: (J=compiled Java code, j=interpreted, Vv=VM code)
j  com.googlecode.javacv.cpp.opencv_highgui.cvQueryFrame(Lcom/googlecode/javacv/cpp/opencv_highgui$CvCapture;)Lcom/googlecode/javacv/cpp/opencv_core$IplImage;+0
j  project.hostellerinterface$30.run()V+66
v  ~StubRoutines::call_stub

---------------  P R O C E S S  ---------------

Java Threads: ( => current thread )
=>0x00000000195e5000 JavaThread "Thread-3" [_thread_in_native, id=1668, stack(0x000000001d9e0000,0x000000001dae0000)]
  0x00000000195b7800 JavaThread "Swing-Shell" daemon [_thread_blocked, id=14548, stack(0x000000001a980000,0x000000001aa80000)]
  0x000000000252d800 JavaThread "DestroyJavaVM" [_thread_blocked, id=13056, stack(0x0000000002400000,0x0000000002500000)]
  0x0000000019309800 JavaThread "AWT-EventQueue-0" [_thread_blocked, id=10844, stack(0x000000001a680000,0x000000001a780000)]
  0x0000000019254000 JavaThread "AWT-Windows" daemon [_thread_in_native, id=10112, stack(0x0000000019c30000,0x0000000019d30000)]
  0x0000000019251800 JavaThread "AWT-Shutdown" [_thread_blocked, id=1160, stack(0x0000000019b30000,0x0000000019c30000)]
  0x0000000018ed8000 JavaThread "Java2D Disposer" daemon [_thread_blocked, id=4772, stack(0x0000000019a30000,0x0000000019b30000)]
  0x0000000018b20800 JavaThread "Service Thread" daemon [_thread_blocked, id=13084, stack(0x0000000018ef0000,0x0000000018ff0000)]
  0x00000000171aa000 JavaThread "C1 CompilerThread2" daemon [_thread_blocked, id=12844, stack(0x00000000189f0000,0x0000000018af0000)]
  0x00000000171a3800 JavaThread "C2 CompilerThread1" daemon [_thread_blocked, id=13716, stack(0x00000000188f0000,0x00000000189f0000)]
  0x00000000171a0800 JavaThread "C2 CompilerThread0" daemon [_thread_blocked, id=6288, stack(0x00000000187f0000,0x00000000188f0000)]
  0x000000001719d000 JavaThread "Attach Listener" daemon [_thread_blocked, id=13852, stack(0x00000000186f0000,0x00000000187f0000)]
  0x000000001719c000 JavaThread "Signal Dispatcher" daemon [_thread_blocked, id=6840, stack(0x00000000185f0000,0x00000000186f0000)]
  0x0000000002628800 JavaThread "Finalizer" daemon [_thread_blocked, id=14124, stack(0x00000000183f0000,0x00000000184f0000)]
  0x0000000002623000 JavaThread "Reference Handler" daemon [_thread_blocked, id=12000, stack(0x00000000182f0000,0x00000000183f0000)]

Other Threads:
  0x0000000017167000 VMThread [stack: 0x00000000181f0000,0x00000000182f0000] [id=4196]
  0x0000000018b35800 WatcherThread [stack: 0x0000000018ff0000,0x00000000190f0000] [id=17076]

VM state:not at safepoint (normal execution)

VM Mutex/Monitor currently owned by a thread: None

Heap:
 PSYoungGen      total 37376K, used 3223K [0x00000000d5f00000, 0x00000000d8b00000, 0x0000000100000000)
  eden space 31744K, 6% used [0x00000000d5f00000,0x00000000d6114d48,0x00000000d7e00000)
  from space 5632K, 19% used [0x00000000d7f00000,0x00000000d8011010,0x00000000d8480000)
  to   space 6656K, 0% used [0x00000000d8480000,0x00000000d8480000,0x00000000d8b00000)
 ParOldGen       total 87552K, used 12105K [0x0000000081c00000, 0x0000000087180000, 0x00000000d5f00000)
  object space 87552K, 13% used [0x0000000081c00000,0x00000000827d26f8,0x0000000087180000)
 Metaspace       used 16310K, capacity 16538K, committed 16768K, reserved 1064960K
  class space    used 2013K, capacity 2113K, committed 2176K, reserved 1048576K

Card table byte_map: [0x0000000011a00000,0x0000000011e00000] byte_map_base: 0x00000000115f2000

Marking Bits: (ParMarkBitMap*) 0x00000000746fd850
 Begin Bits: [0x00000000124b0000, 0x0000000014440000)
 End Bits:   [0x0000000014440000, 0x00000000163d0000)

Polling page: 0x0000000002500000

CodeCache: size=245760Kb used=7097Kb max_used=7102Kb free=238662Kb
 bounds [0x0000000002640000, 0x0000000002d40000, 0x0000000011640000]
 total_blobs=2634 nmethods=2092 adapters=452
 compilation: enabled

Compilation events (10 events):
Event: 36.648 Thread 0x00000000171aa000 2211       3       java.nio.ByteBuffer::<init> (12 bytes)
Event: 36.648 Thread 0x00000000171aa000 nmethod 2211 0x0000000002af2c10 code [0x0000000002af2d80, 0x0000000002af2f28]
Event: 36.698 Thread 0x00000000171a3800 2212       4       java.awt.Component::getFont_NoClientCode (29 bytes)
Event: 36.698 Thread 0x00000000171a3800 nmethod 2212 0x0000000002885050 code [0x00000000028851a0, 0x0000000002885248]
Event: 36.762 Thread 0x00000000171aa000 2213       3       sun.java2d.pipe.ValidatePipe::copyImage (37 bytes)
Event: 36.762 Thread 0x00000000171aa000 nmethod 2213 0x0000000002770a90 code [0x0000000002770c40, 0x00000000027712a8]
Event: 36.791 Thread 0x00000000171aa000 2214       3       java.awt.image.ComponentSampleModel::getBandOffsets (14 bytes)
Event: 36.791 Thread 0x00000000171aa000 nmethod 2214 0x0000000002ac6b10 code [0x0000000002ac6c80, 0x0000000002ac6f88]
Event: 36.791 Thread 0x00000000171aa000 2216       3       java.nio.DirectByteBuffer::<init> (24 bytes)
Event: 36.791 Thread 0x00000000171aa000 nmethod 2216 0x000000000275ec50 code [0x000000000275edc0, 0x000000000275f0a8]

GC Heap History (10 events):
Event: 32.551 GC heap before
{Heap before GC invocations=3 (full 0):
 PSYoungGen      total 38400K, used 37479K [0x00000000d5f00000, 0x00000000d8980000, 0x0000000100000000)
  eden space 33280K, 97% used [0x00000000d5f00000,0x00000000d7ea0ea8,0x00000000d7f80000)
  from space 5120K, 99% used [0x00000000d8480000,0x00000000d8979030,0x00000000d8980000)
  to   space 5120K, 0% used [0x00000000d7f80000,0x00000000d7f80000,0x00000000d8480000)
 ParOldGen       total 87552K, used 7927K [0x0000000081c00000, 0x0000000087180000, 0x00000000d5f00000)
  object space 87552K, 9% used [0x0000000081c00000,0x00000000823bde78,0x0000000087180000)
 Metaspace       used 16215K, capacity 16466K, committed 16768K, reserved 1064960K
  class space    used 2008K, capacity 2113K, committed 2176K, reserved 1048576K
Event: 32.556 GC heap after
Heap after GC invocations=3 (full 0):
 PSYoungGen      total 38400K, used 5092K [0x00000000d5f00000, 0x00000000d8980000, 0x0000000100000000)
  eden space 33280K, 0% used [0x00000000d5f00000,0x00000000d5f00000,0x00000000d7f80000)
  from space 5120K, 99% used [0x00000000d7f80000,0x00000000d8479030,0x00000000d8480000)
  to   space 5120K, 0% used [0x00000000d8480000,0x00000000d8480000,0x00000000d8980000)
 ParOldGen       total 87552K, used 7951K [0x0000000081c00000, 0x0000000087180000, 0x00000000d5f00000)
  object space 87552K, 9% used [0x0000000081c00000,0x00000000823c3e78,0x0000000087180000)
 Metaspace       used 16215K, capacity 16466K, committed 16768K, reserved 1064960K
  class space    used 2008K, capacity 2113K, committed 2176K, reserved 1048576K
}
Event: 33.736 GC heap before
{Heap before GC invocations=4 (full 0):
 PSYoungGen      total 38400K, used 37613K [0x00000000d5f00000, 0x00000000d8980000, 0x0000000100000000)
  eden space 33280K, 97% used [0x00000000d5f00000,0x00000000d7ec27a0,0x00000000d7f80000)
  from space 5120K, 99% used [0x00000000d7f80000,0x00000000d8479030,0x00000000d8480000)
  to   space 5120K, 0% used [0x00000000d8480000,0x00000000d8480000,0x00000000d8980000)
 ParOldGen       total 87552K, used 7951K [0x0000000081c00000, 0x0000000087180000, 0x00000000d5f00000)
  object space 87552K, 9% used [0x0000000081c00000,0x00000000823c3e78,0x0000000087180000)
 Metaspace       used 16224K, capacity 16466K, committed 16768K, reserved 1064960K
  class space    used 2008K, capacity 2113K, committed 2176K, reserved 1048576K
Event: 33.740 GC heap after
Heap after GC invocations=4 (full 0):
 PSYoungGen      total 38400K, used 5108K [0x00000000d5f00000, 0x00000000d8980000, 0x0000000100000000)
  eden space 33280K, 0% used [0x00000000d5f00000,0x00000000d5f00000,0x00000000d7f80000)
  from space 5120K, 99% used [0x00000000d8480000,0x00000000d897d040,0x00000000d8980000)
  to   space 5120K, 0% used [0x00000000d7f80000,0x00000000d7f80000,0x00000000d8480000)
 ParOldGen       total 87552K, used 7967K [0x0000000081c00000, 0x0000000087180000, 0x00000000d5f00000)
  object space 87552K, 9% used [0x0000000081c00000,0x00000000823c7e78,0x0000000087180000)
 Metaspace       used 16224K, capacity 16466K, committed 16768K, reserved 1064960K
  class space    used 2008K, capacity 2113K, committed 2176K, reserved 1048576K
}
Event: 34.903 GC heap before
{Heap before GC invocations=5 (full 0):
 PSYoungGen      total 38400K, used 37919K [0x00000000d5f00000, 0x00000000d8980000, 0x0000000100000000)
  eden space 33280K, 98% used [0x00000000d5f00000,0x00000000d7f0ae90,0x00000000d7f80000)
  from space 5120K, 99% used [0x00000000d8480000,0x00000000d897d040,0x00000000d8980000)
  to   space 5120K, 0% used [0x00000000d7f80000,0x00000000d7f80000,0x00000000d8480000)
 ParOldGen       total 87552K, used 7967K [0x0000000081c00000, 0x0000000087180000, 0x00000000d5f00000)
  object space 87552K, 9% used [0x0000000081c00000,0x00000000823c7e78,0x0000000087180000)
 Metaspace       used 16239K, capacity 16466K, committed 16768K, reserved 1064960K
  class space    used 2008K, capacity 2113K, committed 2176K, reserved 1048576K
Event: 34.907 GC heap after
Heap after GC invocations=5 (full 0):
 PSYoungGen      total 37888K, used 5092K [0x00000000d5f00000, 0x00000000d8a00000, 0x0000000100000000)
  eden space 32768K, 0% used [0x00000000d5f00000,0x00000000d5f00000,0x00000000d7f00000)
  from space 5120K, 99% used [0x00000000d7f80000,0x00000000d8479030,0x00000000d8480000)
  to   space 5632K, 0% used [0x00000000d8480000,0x00000000d8480000,0x00000000d8a00000)
 ParOldGen       total 87552K, used 7991K [0x0000000081c00000, 0x0000000087180000, 0x00000000d5f00000)
  object space 87552K, 9% used [0x0000000081c00000,0x00000000823cde78,0x0000000087180000)
 Metaspace       used 16239K, capacity 16466K, committed 16768K, reserved 1064960K
  class space    used 2008K, capacity 2113K, committed 2176K, reserved 1048576K
}
Event: 36.087 GC heap before
{Heap before GC invocations=6 (full 0):
 PSYoungGen      total 37888K, used 37770K [0x00000000d5f00000, 0x00000000d8a00000, 0x0000000100000000)
  eden space 32768K, 99% used [0x00000000d5f00000,0x00000000d7ee9928,0x00000000d7f00000)
  from space 5120K, 99% used [0x00000000d7f80000,0x00000000d8479030,0x00000000d8480000)
  to   space 5632K, 0% used [0x00000000d8480000,0x00000000d8480000,0x00000000d8a00000)
 ParOldGen       total 87552K, used 7991K [0x0000000081c00000, 0x0000000087180000, 0x00000000d5f00000)
  object space 87552K, 9% used [0x0000000081c00000,0x00000000823cde78,0x0000000087180000)
 Metaspace       used 16299K, capacity 16538K, committed 16768K, reserved 1064960K
  class space    used 2013K, capacity 2113K, committed 2176K, reserved 1048576K
Event: 36.091 GC heap after
Heap after GC invocations=6 (full 0):
 PSYoungGen      total 37888K, used 5172K [0x00000000d5f00000, 0x00000000d8a00000, 0x0000000100000000)
  eden space 32256K, 0% used [0x00000000d5f00000,0x00000000d5f00000,0x00000000d7e80000)
  from space 5632K, 91% used [0x00000000d8480000,0x00000000d898d040,0x00000000d8a00000)
  to   space 5632K, 0% used [0x00000000d7f00000,0x00000000d7f00000,0x00000000d8480000)
 ParOldGen       total 87552K, used 7999K [0x0000000081c00000, 0x0000000087180000, 0x00000000d5f00000)
  object space 87552K, 9% used [0x0000000081c00000,0x00000000823cfe78,0x0000000087180000)
 Metaspace       used 16299K, capacity 16538K, committed 16768K, reserved 1064960K
  class space    used 2013K, capacity 2113K, committed 2176K, reserved 1048576K
}
Event: 37.255 GC heap before
{Heap before GC invocations=7 (full 0):
 PSYoungGen      total 37888K, used 37363K [0x00000000d5f00000, 0x00000000d8a00000, 0x0000000100000000)
  eden space 32256K, 99% used [0x00000000d5f00000,0x00000000d7e6fe78,0x00000000d7e80000)
  from space 5632K, 91% used [0x00000000d8480000,0x00000000d898d040,0x00000000d8a00000)
  to   space 5632K, 0% used [0x00000000d7f00000,0x00000000d7f00000,0x00000000d8480000)
 ParOldGen       total 87552K, used 7999K [0x0000000081c00000, 0x0000000087180000, 0x00000000d5f00000)
  object space 87552K, 9% used [0x0000000081c00000,0x00000000823cfe78,0x0000000087180000)
 Metaspace       used 16309K, capacity 16538K, committed 16768K, reserved 1064960K
  class space    used 2013K, capacity 2113K, committed 2176K, reserved 1048576K
Event: 37.260 GC heap after
Heap after GC invocations=7 (full 0):
 PSYoungGen      total 37376K, used 1092K [0x00000000d5f00000, 0x00000000d8b00000, 0x0000000100000000)
  eden space 31744K, 0% used [0x00000000d5f00000,0x00000000d5f00000,0x00000000d7e00000)
  from space 5632K, 19% used [0x00000000d7f00000,0x00000000d8011010,0x00000000d8480000)
  to   space 6656K, 0% used [0x00000000d8480000,0x00000000d8480000,0x00000000d8b00000)
 ParOldGen       total 87552K, used 12105K [0x0000000081c00000, 0x0000000087180000, 0x00000000d5f00000)
  object space 87552K, 13% used [0x0000000081c00000,0x00000000827d26f8,0x0000000087180000)
 Metaspace       used 16309K, capacity 16538K, committed 16768K, reserved 1064960K
  class space    used 2013K, capacity 2113K, committed 2176K, reserved 1048576K
}

Deoptimization events (10 events):
Event: 1.213 Thread 0x0000000019309800 Uncommon trap: reason=unstable_if action=reinterpret pc=0x00000000029207a0 method=javax.swing.plaf.nimbus.DerivedColor.equals(Ljava/lang/Object;)Z @ 45
Event: 1.213 Thread 0x0000000019309800 Uncommon trap: reason=unstable_if action=reinterpret pc=0x000000000282ca20 method=javax.swing.plaf.nimbus.DerivedColor.equals(Ljava/lang/Object;)Z @ 45
Event: 1.284 Thread 0x0000000019254000 Uncommon trap: reason=unstable_if action=reinterpret pc=0x0000000002829328 method=java.util.HashMap.putVal(ILjava/lang/Object;Ljava/lang/Object;ZZ)Ljava/lang/Object; @ 206
Event: 1.527 Thread 0x0000000019254000 Uncommon trap: reason=unstable_if action=reinterpret pc=0x00000000029328a4 method=sun.awt.SunToolkit.getAppContext(Ljava/lang/Object;)Lsun/awt/AppContext; @ 4
Event: 1.690 Thread 0x0000000019309800 Uncommon trap: reason=unstable_if action=reinterpret pc=0x0000000002979204 method=javax.swing.JComponent.getClientProperty(Ljava/lang/Object;)Ljava/lang/Object; @ 16
Event: 12.483 Thread 0x0000000019309800 Uncommon trap: reason=null_check action=make_not_entrant pc=0x0000000002a22058 method=java.awt.Component.isLightweight()Z @ 4
Event: 29.672 Thread 0x00000000195e5000 Uncommon trap: reason=unstable_if action=reinterpret pc=0x0000000002c73a78 method=java.util.concurrent.locks.ReentrantLock$Sync.nonfairTryAcquire(I)Z @ 19
Event: 29.675 Thread 0x00000000195e5000 Uncommon trap: reason=unstable_if action=reinterpret pc=0x0000000002c78448 method=java.lang.ref.SoftReference.get()Ljava/lang/Object; @ 17
Event: 29.675 Thread 0x00000000195e5000 Uncommon trap: reason=unstable_if action=reinterpret pc=0x0000000002c6e078 method=java.lang.ref.SoftReference.get()Ljava/lang/Object; @ 17
Event: 29.675 Thread 0x00000000195e5000 Uncommon trap: reason=unstable_if action=reinterpret pc=0x0000000002c63db0 method=java.lang.ref.SoftReference.get()Ljava/lang/Object; @ 17

Internal exceptions (10 events):
Event: 0.369 Thread 0x000000000252d800 Exception <a 'java/lang/ClassNotFoundException': ToggleButton> (0x00000000d6391340) thrown at [C:\re\workspace\8-2-build-windows-amd64-cygwin\jdk8u144\9417\hotspot\src\share\vm\classfile\systemDictionary.cpp, line 210]
Event: 0.369 Thread 0x000000000252d800 Exception <a 'java/lang/ClassNotFoundException': javax/swing/JToolBarSeparator> (0x00000000d63917a0) thrown at [C:\re\workspace\8-2-build-windows-amd64-cygwin\jdk8u144\9417\hotspot\src\share\vm\classfile\systemDictionary.cpp, line 210]
Event: 0.369 Thread 0x000000000252d800 Exception <a 'java/lang/ClassNotFoundException': ToolBarSeparator> (0x00000000d6391c38) thrown at [C:\re\workspace\8-2-build-windows-amd64-cygwin\jdk8u144\9417\hotspot\src\share\vm\classfile\systemDictionary.cpp, line 210]
Event: 0.369 Thread 0x000000000252d800 Exception <a 'java/lang/ClassNotFoundException': ToolTip> (0x00000000d6392378) thrown at [C:\re\workspace\8-2-build-windows-amd64-cygwin\jdk8u144\9417\hotspot\src\share\vm\classfile\systemDictionary.cpp, line 210]
Event: 0.370 Thread 0x000000000252d800 Exception <a 'java/lang/ClassNotFoundException': Tree> (0x00000000d6392f98) thrown at [C:\re\workspace\8-2-build-windows-amd64-cygwin\jdk8u144\9417\hotspot\src\share\vm\classfile\systemDictionary.cpp, line 210]
Event: 0.371 Thread 0x000000000252d800 Exception <a 'java/lang/ClassNotFoundException': Tree> (0x00000000d63936d8) thrown at [C:\re\workspace\8-2-build-windows-amd64-cygwin\jdk8u144\9417\hotspot\src\share\vm\classfile\systemDictionary.cpp, line 210]
Event: 0.371 Thread 0x000000000252d800 Exception <a 'java/lang/ClassNotFoundException': javax/swing/JTreeCell> (0x00000000d6393a58) thrown at [C:\re\workspace\8-2-build-windows-amd64-cygwin\jdk8u144\9417\hotspot\src\share\vm\classfile\systemDictionary.cpp, line 210]
Event: 0.371 Thread 0x000000000252d800 Exception <a 'java/lang/ClassNotFoundException': TreeCell> (0x00000000d6393ee0) thrown at [C:\re\workspace\8-2-build-windows-amd64-cygwin\jdk8u144\9417\hotspot\src\share\vm\classfile\systemDictionary.cpp, line 210]
Event: 0.371 Thread 0x000000000252d800 Exception <a 'java/lang/ClassNotFoundException': RootPane> (0x00000000d6394898) thrown at [C:\re\workspace\8-2-build-windows-amd64-cygwin\jdk8u144\9417\hotspot\src\share\vm\classfile\systemDictionary.cpp, line 210]
Event: 12.483 Thread 0x0000000019309800 Implicit null exception at 0x0000000002a21ff0 to 0x0000000002a2204b

Events (10 events):
Event: 36.009 loading class java/util/concurrent/Executors$FinalizableDelegatedExecutorService
Event: 36.009 loading class java/util/concurrent/Executors$DelegatedExecutorService
Event: 36.009 loading class java/util/concurrent/Executors$DelegatedExecutorService done
Event: 36.010 Executing VM operation: Deoptimize
Event: 36.010 Executing VM operation: Deoptimize done
Event: 36.010 loading class java/util/concurrent/Executors$FinalizableDelegatedExecutorService done
Event: 36.087 Executing VM operation: ParallelGCFailedAllocation
Event: 36.091 Executing VM operation: ParallelGCFailedAllocation done
Event: 37.255 Executing VM operation: ParallelGCFailedAllocation
Event: 37.260 Executing VM operation: ParallelGCFailedAllocation done


Dynamic libraries:
0x00007ff7854f0000 - 0x00007ff785527000 	C:\Program Files\Java\jdk1.8.0_144\bin\java.exe
0x00007ff83cb70000 - 0x00007ff83cd51000 	C:\WINDOWS\SYSTEM32\ntdll.dll
0x00007ff83a5a0000 - 0x00007ff83a652000 	C:\WINDOWS\System32\KERNEL32.DLL
0x00007ff838fa0000 - 0x00007ff839213000 	C:\WINDOWS\System32\KERNELBASE.dll
0x00007ff83c380000 - 0x00007ff83c421000 	C:\WINDOWS\System32\ADVAPI32.dll
0x00007ff83c430000 - 0x00007ff83c4ce000 	C:\WINDOWS\System32\msvcrt.dll
0x00007ff83a000000 - 0x00007ff83a05b000 	C:\WINDOWS\System32\sechost.dll
0x00007ff83c0a0000 - 0x00007ff83c1c4000 	C:\WINDOWS\System32\RPCRT4.dll
0x00007ff83bf10000 - 0x00007ff83c0a0000 	C:\WINDOWS\System32\USER32.dll
0x00007ff839a00000 - 0x00007ff839a20000 	C:\WINDOWS\System32\win32u.dll
0x00007ff83c970000 - 0x00007ff83c998000 	C:\WINDOWS\System32\GDI32.dll
0x00007ff839b20000 - 0x00007ff839cb2000 	C:\WINDOWS\System32\gdi32full.dll
0x00007ff839eb0000 - 0x00007ff839f4f000 	C:\WINDOWS\System32\msvcp_win.dll
0x00007ff839a20000 - 0x00007ff839b1a000 	C:\WINDOWS\System32\ucrtbase.dll
0x00007ff82cb40000 - 0x00007ff82cda9000 	C:\WINDOWS\WinSxS\amd64_microsoft.windows.common-controls_6595b64144ccf1df_6.0.17134.407_none_fb449d63306391e9\COMCTL32.dll
0x00007ff83a270000 - 0x00007ff83a592000 	C:\WINDOWS\System32\combase.dll
0x00007ff839930000 - 0x00007ff8399aa000 	C:\WINDOWS\System32\bcryptPrimitives.dll
0x00007ff83c890000 - 0x00007ff83c8bd000 	C:\WINDOWS\System32\IMM32.DLL
0x0000000073e00000 - 0x0000000073ed2000 	C:\Program Files\Java\jdk1.8.0_144\jre\bin\msvcr100.dll
0x0000000073ee0000 - 0x000000007477d000 	C:\Program Files\Java\jdk1.8.0_144\jre\bin\server\jvm.dll
0x00007ff83a100000 - 0x00007ff83a108000 	C:\WINDOWS\System32\PSAPI.DLL
0x00007ff837a70000 - 0x00007ff837a79000 	C:\WINDOWS\SYSTEM32\WSOCK32.dll
0x00007ff835040000 - 0x00007ff835063000 	C:\WINDOWS\SYSTEM32\WINMM.dll
0x00007ff83ca00000 - 0x00007ff83ca6c000 	C:\WINDOWS\System32\WS2_32.dll
0x00007ff82de10000 - 0x00007ff82de1a000 	C:\WINDOWS\SYSTEM32\VERSION.dll
0x00007ff834fd0000 - 0x00007ff834ffa000 	C:\WINDOWS\SYSTEM32\WINMMBASE.dll
0x00007ff8399b0000 - 0x00007ff8399f9000 	C:\WINDOWS\System32\cfgmgr32.dll
0x0000000073df0000 - 0x0000000073dff000 	C:\Program Files\Java\jdk1.8.0_144\jre\bin\verify.dll
0x0000000073dc0000 - 0x0000000073de9000 	C:\Program Files\Java\jdk1.8.0_144\jre\bin\java.dll
0x0000000073da0000 - 0x0000000073db6000 	C:\Program Files\Java\jdk1.8.0_144\jre\bin\zip.dll
0x00007ff83aab0000 - 0x00007ff83beef000 	C:\WINDOWS\System32\SHELL32.dll
0x00007ff83c8c0000 - 0x00007ff83c969000 	C:\WINDOWS\System32\shcore.dll
0x00007ff839220000 - 0x00007ff83992d000 	C:\WINDOWS\System32\windows.storage.dll
0x00007ff83c7a0000 - 0x00007ff83c7f1000 	C:\WINDOWS\System32\shlwapi.dll
0x00007ff838f00000 - 0x00007ff838f11000 	C:\WINDOWS\System32\kernel.appcore.dll
0x00007ff838ee0000 - 0x00007ff838eff000 	C:\WINDOWS\System32\profapi.dll
0x00007ff838e80000 - 0x00007ff838ecc000 	C:\WINDOWS\System32\powrprof.dll
0x00007ff838ed0000 - 0x00007ff838eda000 	C:\WINDOWS\System32\FLTLIB.DLL
0x0000000073bc0000 - 0x0000000073d58000 	C:\Program Files\Java\jdk1.8.0_144\jre\bin\awt.dll
0x00007ff83ca70000 - 0x00007ff83cb32000 	C:\WINDOWS\System32\OLEAUT32.dll
0x00007ff836fd0000 - 0x00007ff83705b000 	C:\WINDOWS\SYSTEM32\apphelp.dll
0x00007ff8370d0000 - 0x00007ff837168000 	C:\WINDOWS\system32\uxtheme.dll
0x00007ff83c620000 - 0x00007ff83c793000 	C:\WINDOWS\System32\MSCTF.dll
0x00007ff8374a0000 - 0x00007ff8374c9000 	C:\WINDOWS\system32\dwmapi.dll
0x00007ff83a110000 - 0x00007ff83a261000 	C:\WINDOWS\System32\ole32.dll
0x0000000073b70000 - 0x0000000073bb7000 	C:\Program Files\Java\jdk1.8.0_144\jre\bin\fontmanager.dll
0x00007ff8274b0000 - 0x00007ff8275d0000 	C:\WINDOWS\system32\opengl32.dll
0x00007ff82f7b0000 - 0x00007ff82f7dc000 	C:\WINDOWS\SYSTEM32\GLU32.dll
0x00007ff834300000 - 0x00007ff8343a7000 	C:\WINDOWS\WinSxS\amd64_microsoft.windows.common-controls_6595b64144ccf1df_5.82.17134.407_none_f94e16e330999300\comctl32.dll
0x0000000073d80000 - 0x0000000073d9a000 	C:\Program Files\Java\jdk1.8.0_144\jre\bin\net.dll
0x00007ff838700000 - 0x00007ff838766000 	C:\WINDOWS\system32\mswsock.dll
0x0000000073d60000 - 0x0000000073d71000 	C:\Program Files\Java\jdk1.8.0_144\jre\bin\nio.dll
0x0000000073b20000 - 0x0000000073b62000 	C:\Program Files\Java\jdk1.8.0_144\jre\bin\t2k.dll
0x00007ff83a060000 - 0x00007ff83a100000 	C:\WINDOWS\System32\clbcatq.dll
0x00007ff835740000 - 0x00007ff8358f4000 	C:\WINDOWS\SYSTEM32\PROPSYS.dll
0x00007ff82fdb0000 - 0x00007ff83044b000 	C:\Windows\System32\OneCoreUAPCommonProxyStub.dll
0x00007ff81bf90000 - 0x00007ff81c0b7000 	C:\WINDOWS\system32\NetworkExplorer.dll
0x00007ff821f70000 - 0x00007ff821f8a000 	C:\WINDOWS\SYSTEM32\MPR.dll
0x00007ff82bb70000 - 0x00007ff82bb7b000 	C:\WINDOWS\System32\drprov.dll
0x00007ff837fe0000 - 0x00007ff838036000 	C:\WINDOWS\System32\WINSTA.dll
0x00007ff82ab70000 - 0x00007ff82ab86000 	C:\WINDOWS\System32\ntlanman.dll
0x00007ff82a5a0000 - 0x00007ff82a5bd000 	C:\WINDOWS\System32\davclnt.dll
0x00007ff82a150000 - 0x00007ff82a15c000 	C:\WINDOWS\System32\DAVHLPR.dll
0x00007ff833260000 - 0x00007ff833277000 	C:\WINDOWS\System32\wkscli.dll
0x00007ff8389e0000 - 0x00007ff838a05000 	C:\WINDOWS\System32\bcrypt.dll
0x00007ff81b800000 - 0x00007ff81b812000 	C:\WINDOWS\SYSTEM32\cscapi.dll
0x00007ff8384c0000 - 0x00007ff8384ce000 	C:\WINDOWS\System32\netutils.dll
0x00007ff805390000 - 0x00007ff8053da000 	C:\Windows\System32\dlnashext.dll
0x00007ff805320000 - 0x00007ff805383000 	C:\Windows\System32\PlayToDevice.dll
0x00007ff81f1f0000 - 0x00007ff81f20e000 	C:\Windows\System32\DevDispItemProvider.dll
0x00007ff82df60000 - 0x00007ff82dfd6000 	C:\WINDOWS\System32\MMDevApi.dll
0x00007ff838cb0000 - 0x00007ff838cd7000 	C:\WINDOWS\System32\DEVOBJ.dll
0x00007ff81c0c0000 - 0x00007ff81c2a1000 	C:\WINDOWS\system32\wpdshext.dll
0x00007ff831cc0000 - 0x00007ff831e5a000 	C:\WINDOWS\WinSxS\amd64_microsoft.windows.gdiplus_6595b64144ccf1df_1.1.17134.407_none_2c2f90488af60bb7\gdiplus.dll
0x00007ff834f00000 - 0x00007ff834f9c000 	C:\Windows\System32\PortableDeviceApi.dll
0x00007ff83a660000 - 0x00007ff83aaab000 	C:\WINDOWS\System32\SETUPAPI.dll
0x00007ff838f40000 - 0x00007ff838f97000 	C:\WINDOWS\System32\WINTRUST.dll
0x00007ff838f20000 - 0x00007ff838f32000 	C:\WINDOWS\System32\MSASN1.dll
0x00007ff839cc0000 - 0x00007ff839ea2000 	C:\WINDOWS\System32\CRYPT32.dll
0x00007ff835590000 - 0x00007ff8355c0000 	C:\Windows\System32\PortableDeviceTypes.dll
0x00007ff8213c0000 - 0x00007ff8213f7000 	C:\Windows\System32\EhStorShell.dll
0x00007ff829ec0000 - 0x00007ff829ee5000 	C:\Windows\System32\EhStorAPI.dll
0x00007ff837a50000 - 0x00007ff837a63000 	C:\Windows\System32\WTSAPI32.dll
0x00007ff82fb10000 - 0x00007ff82fb1d000 	C:\WINDOWS\SYSTEM32\LINKINFO.dll
0x00007ff832440000 - 0x00007ff8325ee000 	C:\WINDOWS\SYSTEM32\WindowsCodecs.dll
0x00007ff827150000 - 0x00007ff8271a8000 	C:\WINDOWS\system32\dataexchange.dll
0x00007ff835ed0000 - 0x00007ff8361db000 	C:\WINDOWS\system32\d3d11.dll
0x00007ff8369d0000 - 0x00007ff836b6c000 	C:\WINDOWS\system32\dcomp.dll
0x00007ff837d10000 - 0x00007ff837dcb000 	C:\WINDOWS\system32\dxgi.dll
0x00007ff8371d0000 - 0x00007ff837388000 	C:\WINDOWS\system32\twinapi.appcore.dll
0x00007ff8371a0000 - 0x00007ff8371c1000 	C:\WINDOWS\system32\RMCLIENT.dll
0x00007ff82af10000 - 0x00007ff82afa6000 	C:\WINDOWS\System32\TextInputFramework.dll
0x00007ff831f60000 - 0x00007ff83227e000 	C:\WINDOWS\System32\CoreUIComponents.dll
0x00007ff835900000 - 0x00007ff8359da000 	C:\WINDOWS\System32\CoreMessaging.dll
0x00007ff837f40000 - 0x00007ff837f71000 	C:\WINDOWS\SYSTEM32\ntmarta.dll
0x00007ff833630000 - 0x00007ff83377d000 	C:\WINDOWS\SYSTEM32\wintypes.dll
0x0000000073ae0000 - 0x0000000073b0a000 	C:\Program Files\Java\jdk1.8.0_144\jre\bin\dcpr.dll
0x0000000071160000 - 0x0000000071231000 	C:\Users\Chandika\AppData\Local\Temp\javacpp204180618353048\msvcr100.dll
0x0000000070980000 - 0x0000000070a18000 	C:\Users\Chandika\AppData\Local\Temp\javacpp204180618353048\msvcp100.dll
0x0000000066840000 - 0x00000000676b4000 	C:\Users\Chandika\AppData\Local\Temp\javacpp204180618353048\opencv_ffmpeg248_64.dll
0x00007ff806520000 - 0x00007ff806792000 	C:\Users\Chandika\AppData\Local\Temp\javacpp204180618353048\opencv_core248.dll
0x00007ff806260000 - 0x00007ff806512000 	C:\Users\Chandika\AppData\Local\Temp\javacpp204180618353048\opencv_imgproc248.dll
0x00007ff806010000 - 0x00007ff80625d000 	C:\Users\Chandika\AppData\Local\Temp\javacpp204180618353048\opencv_highgui248.dll
0x00007ff833240000 - 0x00007ff83325f000 	C:\WINDOWS\SYSTEM32\AVIFIL32.dll
0x00007ff833220000 - 0x00007ff833238000 	C:\WINDOWS\SYSTEM32\AVICAP32.dll
0x00007ff82fae0000 - 0x00007ff82fb09000 	C:\WINDOWS\SYSTEM32\MSVFW32.dll
0x00007ff820680000 - 0x00007ff82069c000 	C:\WINDOWS\SYSTEM32\MSACM32.dll
0x00007ff82fa10000 - 0x00007ff82fa23000 	C:\Users\Chandika\AppData\Local\Temp\javacpp204180618353048\jniopencv_highgui.dll
0x00007ff82f9f0000 - 0x00007ff82fa07000 	C:\Windows\System32\devenum.dll
0x00007ff82d870000 - 0x00007ff82d87a000 	C:\WINDOWS\SYSTEM32\msdmo.dll
0x00007ff82d110000 - 0x00007ff82d143000 	C:\Windows\System32\qcap.dll
0x00007ff8070e0000 - 0x00007ff80729d000 	C:\Windows\System32\quartz.dll
0x00007ff82bd00000 - 0x00007ff82bd4b000 	C:\Windows\System32\mfksproxy.dll
0x00007ff82df30000 - 0x00007ff82df4d000 	C:\Windows\System32\ATL.DLL
0x00007ff82cec0000 - 0x00007ff82d09b000 	C:\Windows\System32\MFPlat.DLL
0x00007ff831c10000 - 0x00007ff831c3e000 	C:\Windows\System32\RTWorkQ.DLL
0x00007ff8271e0000 - 0x00007ff82722e000 	C:\Windows\System32\MFSENSORGROUP.dll
0x00007ff81e9b0000 - 0x00007ff81e9f8000 	C:\Windows\System32\ksproxy.ax
0x00007ff8349b0000 - 0x00007ff8349b9000 	C:\Windows\System32\ksuser.dll
0x00007ff808d50000 - 0x00007ff808ee7000 	C:\Windows\System32\d3d9.dll
0x00007ff834b60000 - 0x00007ff834bdf000 	C:\WINDOWS\SYSTEM32\policymanager.dll
0x00007ff834cb0000 - 0x00007ff834d41000 	C:\Windows\System32\msvcp110_win.dll
0x00007ff835a40000 - 0x00007ff835a4c000 	C:\Windows\System32\vidcap.ax
0x00007ff82d990000 - 0x00007ff82d9b6000 	C:\Windows\System32\kswdmcap.ax
0x00007ff81c6a0000 - 0x00007ff81c804000 	C:\Windows\System32\MFC42.dll
0x00007ff811e30000 - 0x00007ff811ecf000 	C:\Windows\System32\qedit.dll
0x00007ff83c4d0000 - 0x00007ff83c5bd000 	C:\WINDOWS\System32\COMDLG32.dll
0x00007ff81c350000 - 0x00007ff81c446000 	C:\Windows\System32\DDRAW.dll

VM Arguments:
jvm_args: -Dfile.encoding=UTF-8 
java_command: project.hostellerinterface
java_class_path (initial): C:\Program Files\NetBeans 8.2\ide\modules\ext\swingx-all-1.6.4.jar;C:\Users\Chandika\Desktop\Java\ConnectCodeBarcodeFontLibrary.jar;C:\Program Files\NetBeans 8.2\ide\modules\ext\mysql-connector-java-5.1.23-bin.jar;C:\Program Files\NetBeans 8.2\java\modules\ext\AbsoluteLayout.jar;C:\Users\Chandika\Desktop\mysql-connector-java-8.0.13\mysql-connector-java-8.0.13.jar;C:\javacv-cppjars\ffmpeg-2.1.1-windows-x86.jar;C:\javacv-cppjars\ffmpeg-2.1.1-windows-x86_64.jar;C:\javacv-cppjars\opencv-2.4.8-windows-x86.jar;C:\javacv-cppjars\opencv-2.4.8-windows-x86_64.jar;C:\javacv-bin\javacpp.jar;C:\javacv-bin\javacv-android-arm.jar;C:\javacv-bin\javacv-linux-x86.jar;C:\javacv-bin\javacv-linux-x86_64.jar;C:\javacv-bin\javacv-macosx-x86_64.jar;C:\javacv-bin\javacv-windows-x86.jar;C:\javacv-bin\javacv-windows-x86_64.jar;C:\javacv-bin\javacv.jar;I:\Interim\build\classes
Launcher Type: SUN_STANDARD

Environment Variables:
PATH=C:\ProgramData\Oracle\Java\javapath;C:\Program Files (x86)\Intel\iCLS Client\;C:\Program Files\Intel\iCLS Client\;C:\Windows\system32;C:\Windows;C:\Windows\System32\Wbem;C:\Windows\System32\WindowsPowerShell\v1.0\;C:\Program Files (x86)\Intel\Intel(R) Management Engine Components\DAL;C:\Program Files\Intel\Intel(R) Management Engine Components\DAL;C:\Program Files (x86)\Intel\Intel(R) Management Engine Components\IPT;C:\Program Files\Intel\Intel(R) Management Engine Components\IPT;C:\Program Files (x86)\NVIDIA Corporation\PhysX\Common;C:\Program Files (x86)\Windows Kits\8.1\Windows Performance Toolkit\;C:\Program Files\Microsoft SQL Server\110\Tools\Binn\;C:\Program Files (x86)\QuickTime\QTSystem\;C:\WINDOWS\system32;C:\WINDOWS;C:\WINDOWS\System32\Wbem;C:\WINDOWS\System32\WindowsPowerShell\v1.0\;C:\WINDOWS\System32\OpenSSH\;C:\Program Files\Java\jdk1.8.0_144\bin;C:\Program Files\nodejs\;C:\Program Files\Git\cmd;C:\opencv\build\x86\vc14\bin;C:\Ruby24-x64\bin;C:\Users\Chandika\AppData\Local\atom\bin;C:\intelFPGA_pro\17.0\modelsim_ase\win32aloem;C:\Users\Chandika\AppData\Local\Microsoft\WindowsApps;C:\Users\Chandika\AppData\Roaming\npm;C:\Users\Chandika\AppData\Local\Programs\Microsoft VS Code\bin
USERNAME=Chandika
OS=Windows_NT
PROCESSOR_IDENTIFIER=Intel64 Family 6 Model 142 Stepping 9, GenuineIntel



---------------  S Y S T E M  ---------------

OS: Windows 10.0 , 64 bit Build 17134 (10.0.17134.1)

CPU:total 4 (initial active 4) (2 cores per cpu, 2 threads per core) family 6 model 142 stepping 9, cmov, cx8, fxsr, mmx, sse, sse2, sse3, ssse3, sse4.1, sse4.2, popcnt, avx, avx2, aes, clmul, erms, 3dnowpref, lzcnt, ht, tsc, tscinvbit, bmi1, bmi2, adx

Memory: 4k page, physical 8266272k(4001252k free), swap 12329504k(5975124k free)

vm_info: Java HotSpot(TM) 64-Bit Server VM (25.144-b01) for windows-amd64 JRE (1.8.0_144-b01), built on Jul 21 2017 21:57:33 by "java_re" with MS VC++ 10.0 (VS2010)

time: Mon Dec 10 09:58:00 2018
elapsed time: 37 seconds (0d 0h 0m 37s)

